C51 COMPILER V9.06   EEPROM                                                                04/24/2012 13:39:12 PAGE 1   


C51 COMPILER V9.06, COMPILATION OF MODULE EEPROM
OBJECT MODULE PLACED IN EEPROM.OBJ
COMPILER INVOKED BY: C:\Keil\C51\BIN\C51.EXE EEPROM.c BROWSE DEBUG OBJECTEXTEND

line level    source

   1          #include <reg51.h>
   2          #include "EEPROM.H"
   3          #include "I2C.h"
   4          #include "LCD.h"
   5          
   6          typedef union Address
   7                  {
   8                          unsigned int VALUE;
   9                          unsigned char BYTE[2];
  10                  }MEM_ADDRESS;
  11          
  12          #define send_Word_Address(x)    send_Data(x)
  13          #define send_Device_Address(x)  send_Data(x)
  14          #define MEM_DEV_ADDR                    0xA0
  15          
  16          void Write_Add_I2C(unsigned char byte1_Word_Address,unsigned char byte2_Word_Address)
  17          {
  18   1              I2C_Start();    
  19   1              
  20   1              send_Device_Address(MEM_DEV_ADDR); // write mode
  21   1              device_ACK();
  22   1      
  23   1              send_Word_Address(byte1_Word_Address); // first byte of word address
  24   1              device_ACK();
  25   1      
  26   1              send_Word_Address(byte2_Word_Address); // second byte of word address
  27   1              device_ACK();
  28   1      }
  29          
  30          unsigned char Read_I2C(void)
  31          {
  32   1              unsigned char Readbyte;
  33   1              I2C_Start();    
  34   1              send_Device_Address(MEM_DEV_ADDR+1); // read mode 
  35   1              device_ACK();
  36   1              Readbyte = Read_Data();
  37   1              Master_NO_ACK();
  38   1              I2C_Stop();     
  39   1              return(Readbyte);
  40   1      }
  41          
  42          void I2C_Write(unsigned char *mData,unsigned char byte1_Word_Address,unsigned char byte2_Word_Address)
  43          {
*** WARNING C235 IN LINE 43 OF EEPROM.c: parameter 1: different types
  44   1              Write_Add_I2C(byte1_Word_Address, byte2_Word_Address);
  45   1              send_Data(*mData);                      
  46   1              device_ACK();
  47   1              I2C_Stop();     
  48   1              DelayMs(10);
  49   1              Display_Char_LCD(*mData);
  50   1      }
  51          
  52          unsigned char I2C_Read(unsigned char Add_MSB,unsigned char Add_LSB)
  53          {
  54   1              Write_Add_I2C(Add_MSB,Add_LSB);
C51 COMPILER V9.06   EEPROM                                                                04/24/2012 13:39:12 PAGE 2   

  55   1              return(Read_I2C());
  56   1      }
  57          void DelayMs(unsigned int TimeCnt)
  58          {
  59   1              unsigned int i, j; 
  60   1              for(i=0;i<TimeCnt;i++)
  61   1              {
  62   2                      for(j=0;j<50;j++);
  63   2              } 
  64   1      }


MODULE INFORMATION:   STATIC OVERLAYABLE
   CODE SIZE        =    147    ----
   CONSTANT SIZE    =   ----    ----
   XDATA SIZE       =   ----    ----
   PDATA SIZE       =   ----    ----
   DATA SIZE        =   ----       8
   IDATA SIZE       =   ----    ----
   BIT SIZE         =   ----    ----
END OF MODULE INFORMATION.


C51 COMPILATION COMPLETE.  1 WARNING(S),  0 ERROR(S)
