C51 COMPILER V9.06   I2C                                                                   04/24/2012 13:39:12 PAGE 1   


C51 COMPILER V9.06, COMPILATION OF MODULE I2C
OBJECT MODULE PLACED IN I2C.OBJ
COMPILER INVOKED BY: C:\Keil\C51\BIN\C51.EXE I2C.c BROWSE DEBUG OBJECTEXTEND

line level    source

   1          #include <reg51.h>
   2          #include"I2C.h"
   3          
   4          sbit SCL=P3^3;
   5          sbit SDA=P3^5;  
   6          
   7          void delay(void); 
   8          extern void print(unsigned char mData[]);
   9          
  10          void I2C_initialise(void)
  11          {
  12   1              SCL=1;
  13   1              SDA=1;
  14   1      }
  15          
  16          void I2C_Start(void)
  17          { 
  18   1              SCL=0;
  19   1              SDA=1;
  20   1              SCL=1;
  21   1              SDA=0;
  22   1      }
  23          
  24          void I2C_Stop(void)
  25          {
  26   1              SCL=0;
  27   1              SDA=0;
  28   1              SCL=1;
  29   1              SDA=1;
  30   1      }
  31          
  32          void device_ACK(void)
  33          {
  34   1              SCL=0;
  35   1              SDA=1;
  36   1              SCL=1;
  37   1              SCL=0;
  38   1      }
  39          
  40          void Master_NO_ACK(void)
  41          {
  42   1              SCL=0;
  43   1              SDA=1;
  44   1              SCL=1;
  45   1              SCL=0;
  46   1      }
  47          
  48          void send_Data(unsigned char str_data)
  49          {
  50   1              unsigned char i,j=0x80;
  51   1      
  52   1              for(i=0;i<8;i++)
  53   1              {
  54   2                      SCL=0;
  55   2                      if(str_data & j)
C51 COMPILER V9.06   I2C                                                                   04/24/2012 13:39:12 PAGE 2   

  56   2                              SDA=1;
  57   2                      else
  58   2                              SDA=0;
  59   2                      j >>= 1;
  60   2                      SCL=1;
  61   2              }
  62   1              SCL=0;
  63   1      }
  64          
  65          unsigned char Read_Data(void)
  66          {
  67   1              unsigned char i=8;
  68   1              unsigned readbyte=0x00;
  69   1       
  70   1              while(i--)
  71   1              {
  72   2                      readbyte = readbyte << 1;
  73   2                      SCL=0;
  74   2                      SCL=1;
  75   2                      if(SDA==1)
  76   2                      {
  77   3                              readbyte = readbyte | 0x01;
  78   3                      }
  79   2      //              else if(SDA==0)
  80   2      //              {
  81   2      //                      readbyte = readbyte | 0x00;
  82   2      //              }
  83   2              }
  84   1              SCL=0;
  85   1              return readbyte;
  86   1      }


MODULE INFORMATION:   STATIC OVERLAYABLE
   CODE SIZE        =    103    ----
   CONSTANT SIZE    =   ----    ----
   XDATA SIZE       =   ----    ----
   PDATA SIZE       =   ----    ----
   DATA SIZE        =   ----    ----
   IDATA SIZE       =   ----    ----
   BIT SIZE         =   ----    ----
END OF MODULE INFORMATION.


C51 COMPILATION COMPLETE.  0 WARNING(S),  0 ERROR(S)
