C51 COMPILER V9.06   MAIN                                                                  04/24/2012 13:39:12 PAGE 1   


C51 COMPILER V9.06, COMPILATION OF MODULE MAIN
OBJECT MODULE PLACED IN main.OBJ
COMPILER INVOKED BY: C:\Keil\C51\BIN\C51.EXE main.c BROWSE DEBUG OBJECTEXTEND

line level    source

   1          /*******************************************************************************************
   2          This program interfaces LCD & Serial port with 8051. 
   3          First msg of 'LCD is Ready' is flashed on LCD then we can send data from keyboard to LCD
   4          through comp port using hyper terminal(Baud rate is 4800)
   5          
   6          ********************************************************************************************/
   7          
   8          #include<reg51.h>
   9          
  10          #include"LCD.h"                   // To include all declarations of functions
  11          #include"Serial.h"                // To include all declarations of functions
  12          #include"I2C.h"
  13          #include"EEPROM.h"
  14          
  15          unsigned char u, recd_byte;
  16          void main()
  17          {
  18   1              Initialize_LCD();
  19   1              I2C_initialise();
  20   1              Send_Command_LCD(0x80);
  21   1              Delay(5);
  22   1              Display_Data_LCD("Sent Data: ",11);
  23   1              Delay(5);
  24   1              Send_Command_LCD(0xC0);
  25   1              Display_Data_LCD("Recd Data: ",11);
  26   1              Delay(5);
  27   1      
  28   1              while(1)
  29   1              {
  30   2                      Send_Command_LCD(0x8A);
  31   2                      I2C_Write("amit", 0x00,0x01);           
*** WARNING C214 IN LINE 31 OF main.c: 'Argument': conversion: pointer to non-pointer
  32   2                      Delay(5000);
  33   2                      Send_Command_LCD(0xCA);
  34   2                      recd_byte=I2C_Read(0x00, 0x01);
  35   2                      Display_Char_LCD(recd_byte);
  36   2                      
  37   2              }
  38   1      }


MODULE INFORMATION:   STATIC OVERLAYABLE
   CODE SIZE        =     99    ----
   CONSTANT SIZE    =     29    ----
   XDATA SIZE       =   ----    ----
   PDATA SIZE       =   ----    ----
   DATA SIZE        =      2    ----
   IDATA SIZE       =   ----    ----
   BIT SIZE         =   ----    ----
END OF MODULE INFORMATION.


C51 COMPILATION COMPLETE.  1 WARNING(S),  0 ERROR(S)
