C51 COMPILER V9.06   LEFTSHIFTREMEMBER                                                     04/18/2012 10:03:03 PAGE 1   


C51 COMPILER V9.06, COMPILATION OF MODULE LEFTSHIFTREMEMBER
OBJECT MODULE PLACED IN LeftShiftRemember.OBJ
COMPILER INVOKED BY: C:\Keil\C51\BIN\C51.EXE LeftShiftRemember.c BROWSE DEBUG OBJECTEXTEND

line level    source

   1          #include<reg51.h>
   2          main()
   3          {
   4   1              unsigned int i;
   5   1              P1=0x01;
   6   1              while(1)
   7   1              {
   8   2                      P1=((P1<<1)+1);
   9   2                      for(i=0;i<40000;i++);
  10   2                      if(P1==0xFF)
  11   2                      {
  12   3                              
  13   3                              P1=0x00;
  14   3                      }
  15   2                      
  16   2                      
  17   2              }
  18   1      }


MODULE INFORMATION:   STATIC OVERLAYABLE
   CODE SIZE        =     45    ----
   CONSTANT SIZE    =   ----    ----
   XDATA SIZE       =   ----    ----
   PDATA SIZE       =   ----    ----
   DATA SIZE        =   ----    ----
   IDATA SIZE       =   ----    ----
   BIT SIZE         =   ----    ----
END OF MODULE INFORMATION.


C51 COMPILATION COMPLETE.  0 WARNING(S),  0 ERROR(S)
