C51 COMPILER V9.06   SHIFT_REG                                                             08/14/2012 16:29:50 PAGE 1   


C51 COMPILER V9.06, COMPILATION OF MODULE SHIFT_REG
OBJECT MODULE PLACED IN Shift_Reg.OBJ
COMPILER INVOKED BY: C:\Keil\C51\BIN\C51.EXE Shift_Reg.c BROWSE DEBUG OBJECTEXTEND

line level    source

   1          /*
   2           * Program to Glow LEDs using 4bit Shift Register DM74LS95N
   3           */
   4          
   5          #include<reg51.h>
   6          #include<intrins.h>
   7          #include<stdio.h>
   8          
   9          sbit CLK=P1^0;
  10          sbit DATA=P1^1;
  11          sbit LED=P1^2;
  12          
  13          void LED_Single_All_ON();
  14          void LED_Single_All_OFF();
  15          void LED_Row_wise_All_ON();
  16          void LED_Row_wise_All_OFF();
  17          void Clear();
  18          void Pulse();
  19          void Delay(unsigned int i);
  20          unsigned int j;
  21          void main()
  22          {
  23   1              P1=0xFF;        // Make P1 o/p port
  24   1              Clear();
  25   1              while(1)
  26   1              {
  27   2                      LED_Single_All_ON();
  28   2      //              LED = 0;
  29   2                      Delay(100);
  30   2      //              LED = 1;
  31   2      //              Delay(100);
  32   2      //              Clear();
  33   2      /*              
  34   2                      LED_Single_All_OFF();
  35   2                      Delay(50);
  36   2                      LED_Row_wise_All_ON();
  37   2                      Delay(50);
  38   2                      LED_Row_wise_All_OFF();
  39   2                      Delay(50);
  40   2      */
  41   2              }
  42   1      }
  43          
  44          void LED_Single_All_ON()        // One by one ON
  45          {
  46   1              for(j=0;j<12;j++)       // 1 by 1 ON
  47   1              {
  48   2                      DATA=1;
  49   2                      Delay(1000);
  50   2                      Pulse();                
  51   2              }
  52   1      }
  53          
  54          void LED_Single_All_OFF()       // One by one OFF
  55          {
C51 COMPILER V9.06   SHIFT_REG                                                             08/14/2012 16:29:50 PAGE 2   

  56   1              for(j=0;j<12;j++)       // 1 by 1 OFF
  57   1              {
  58   2                      DATA=0;
  59   2                      Pulse();
  60   2                      Delay(50);
  61   2              }
  62   1      }
  63          
  64          void LED_Row_wise_All_ON()
  65          {
  66   1              for(j=0;j<12;j++)       // Row-wise ON
  67   1              {
  68   2                      DATA=1;
  69   2                      Pulse();
  70   2                      if(j==3)
  71   2                              Delay(50);
  72   2                      else if(j==6)
  73   2                              Delay(50);
  74   2                      else if(j==9)
  75   2                              Delay(50);
  76   2                      else if(j==12)
  77   2                              Delay(50);
  78   2              }
  79   1      }
  80          
  81          void LED_Row_wise_All_OFF()
  82          {
  83   1              for(j=0;j<12;j++)       // Row-wise ON
  84   1              {
  85   2                      DATA=0;
  86   2                      Pulse();
  87   2                      if(j==3)
  88   2                              Delay(50);
  89   2                      else if(j==6)
  90   2                              Delay(50);
  91   2                      else if(j==9)
  92   2                              Delay(50);
  93   2                      else if(j==12)
  94   2                              Delay(50);
  95   2              }
  96   1      }
  97          
  98          void Clear()
  99          {
 100   1              for(j=0;j<16;j++)
 101   1              {
 102   2                      DATA=0;
 103   2                      Pulse();
 104   2              }
 105   1      }
 106          
 107          void Pulse()
 108          {
 109   1              CLK=1;
 110   1              _nop_();
 111   1      //      Delay(1);
 112   1              CLK=0;
 113   1      }
 114          
 115          void Delay(unsigned int i)
 116          {
 117   1              unsigned int u,v;
C51 COMPILER V9.06   SHIFT_REG                                                             08/14/2012 16:29:50 PAGE 3   

 118   1              for(u=0;u<i;u++)
 119   1                      for(v=0;v<1275;v++);
 120   1      }


MODULE INFORMATION:   STATIC OVERLAYABLE
   CODE SIZE        =    298    ----
   CONSTANT SIZE    =   ----    ----
   XDATA SIZE       =   ----    ----
   PDATA SIZE       =   ----    ----
   DATA SIZE        =      2    ----
   IDATA SIZE       =   ----    ----
   BIT SIZE         =   ----    ----
END OF MODULE INFORMATION.


C51 COMPILATION COMPLETE.  0 WARNING(S),  0 ERROR(S)
