C51 COMPILER V9.03   LCD_SERIALCOMM_MODULAR                                                11/29/2011 15:11:28 PAGE 1   


C51 COMPILER V9.03, COMPILATION OF MODULE LCD_SERIALCOMM_MODULAR
OBJECT MODULE PLACED IN LCD_SerialComm_Modular.OBJ
COMPILER INVOKED BY: C:\Keil\C51\BIN\C51.EXE LCD_SerialComm_Modular.c BROWSE DEBUG OBJECTEXTEND

line level    source

   1          
   2          // Program for serial communication
   3          
   4          #include <reg51.h>
   5          
   6          
   7          void Serial(void)
   8          {
   9   1              unsigned char mybyte;
  10   1              TMOD=0x20;              //use Timer 1, mode 2
  11   1              TH1=0xFA;               //4800 baud rate
  12   1              SCON=0x50;
  13   1              TR1=1;                  //start timer
  14   1              while (1) 
  15   1              { 
  16   2                      while(RI==0);    //wait to receive
  17   2                      mybyte=SBUF;    //save value
  18   2                      P1=mybyte;              //write value to port
  19   2                      RI=0;
  20   2              }
  21   1      }


MODULE INFORMATION:   STATIC OVERLAYABLE
   CODE SIZE        =     22    ----
   CONSTANT SIZE    =   ----    ----
   XDATA SIZE       =   ----    ----
   PDATA SIZE       =   ----    ----
   DATA SIZE        =   ----    ----
   IDATA SIZE       =   ----    ----
   BIT SIZE         =   ----    ----
END OF MODULE INFORMATION.


C51 COMPILATION COMPLETE.  0 WARNING(S),  0 ERROR(S)
