C51 COMPILER V9.03   MAIN                                                                  01/12/2012 16:31:51 PAGE 1   


C51 COMPILER V9.03, COMPILATION OF MODULE MAIN
OBJECT MODULE PLACED IN main.OBJ
COMPILER INVOKED BY: C:\Keil\C51\BIN\C51.EXE main.c BROWSE DEBUG OBJECTEXTEND

line level    source

   1          /*******************************************************************************************
   2          This program interfaces LCD & Serial port with 8051. 
   3          First msg of 'LCD is Ready' is flashed on LCD then we can send data from keyboard to LCD
   4          through comp port using hyper terminal(Baud rate is 4800)
   5          
   6          ********************************************************************************************/
   7          
   8          #include<reg51.h>
   9          
  10          #include"LCD.h"                   // To include all declarations of functions
  11          #include"Serial.h"                // To include all declarations of functions
  12          
  13          unsigned char u, recd_byte;
  14          void main()
  15          {
  16   1              Initialize_LCD();
  17   1              Send_Command_LCD(0x80);
  18   1              Delay(5);
  19   1              Display_Data_LCD("LCD is Ready",12);
  20   1              Delay(5);
  21   1              Send_Command_LCD(0xC0);
  22   1              Delay(5);
  23   1              Serial_Init();
  24   1              for(u=0;u<17;u++)
  25   1              {
  26   2                      recd_byte=Serial_Receive();
  27   2                      Display_Char_LCD(recd_byte);    
  28   2                      Delay(5);
  29   2              }
  30   1      }


MODULE INFORMATION:   STATIC OVERLAYABLE
   CODE SIZE        =     76    ----
   CONSTANT SIZE    =     13    ----
   XDATA SIZE       =   ----    ----
   PDATA SIZE       =   ----    ----
   DATA SIZE        =      2    ----
   IDATA SIZE       =   ----    ----
   BIT SIZE         =   ----    ----
END OF MODULE INFORMATION.


C51 COMPILATION COMPLETE.  0 WARNING(S),  0 ERROR(S)
