C51 COMPILER V9.03   SERIAL_RX                                                             11/29/2011 14:42:47 PAGE 1   


C51 COMPILER V9.03, COMPILATION OF MODULE SERIAL_RX
OBJECT MODULE PLACED IN Serial_Rx.OBJ
COMPILER INVOKED BY: C:\Keil\C51\BIN\C51.EXE Serial_Rx.c BROWSE DEBUG OBJECTEXTEND

line level    source

   1          /*
   2          Program the 8051 in C to receive bytes of data serially and put them
   3          in P1. Set the baud rate at 4800, 8-bit data, and 1 stop bit.
   4          */
   5          
   6          #include <reg51.h>
   7          void main(void)
   8          {
   9   1              unsigned char mybyte;
  10   1              TMOD=0x20;              //use Timer 1, mode 2
  11   1              TH1=0xFA;               //4800 baud rate
  12   1              SCON=0x50;
  13   1              TR1=1;                  //start timer
  14   1              while (1) 
  15   1              { 
  16   2                      while(RI==0);    //wait to receive
  17   2                      mybyte=SBUF;    //save value
  18   2                      P1=mybyte;              //write value to port
  19   2                      RI=0;
  20   2              }
  21   1      }
  22          
  23          
  24          


MODULE INFORMATION:   STATIC OVERLAYABLE
   CODE SIZE        =     22    ----
   CONSTANT SIZE    =   ----    ----
   XDATA SIZE       =   ----    ----
   PDATA SIZE       =   ----    ----
   DATA SIZE        =   ----    ----
   IDATA SIZE       =   ----    ----
   BIT SIZE         =   ----    ----
END OF MODULE INFORMATION.


C51 COMPILATION COMPLETE.  0 WARNING(S),  0 ERROR(S)
