C51 COMPILER V7.06   LCDD                                                                  07/27/2011 22:49:24 PAGE 1   


C51 COMPILER V7.06, COMPILATION OF MODULE LCDD
OBJECT MODULE PLACED IN LCDD.OBJ
COMPILER INVOKED BY: C:\Keil\C51\BIN\C51.EXE LCDD.c BROWSE DEBUG OBJECTEXTEND

stmt level    source

   1          #include <reg51.h>
   2          #include <intrins.h>
   3          #include <stdio.h>
   4          #define LCD_DATA_PORT P0
   5          bit LCD_8_BIT = 1;
   6          sbit RS = P2^6;
   7          sbit EN = P2^5;
   8          void display_data(unsigned char port_data);
   9          void ClearDisplay(void);
  10          void SendCommand(unsigned char comd);
  11          void delay(unsigned int val);
  12          void GenChar_at_CGRAM(unsigned char mData[]);
  13          
  14          void writeData_LCD(unsigned char mdata[], unsigned int counter)
  15          {
  16   1              unsigned char tmpdata;
  17   1              unsigned int cnt;
  18   1              if(LCD_8_BIT==1)
  19   1              {       for(cnt=0;cnt < counter;cnt++)
  20   2                      {
  21   3                              display_data(mdata[cnt]);
  22   3                              delay(5);
  23   3                      }
  24   2              }
  25   1              else if(LCD_8_BIT==0)//4 bit
  26   1              {
  27   2                      for(cnt=0;cnt < counter;cnt++)
  28   2                      {       
  29   3                              tmpdata=mdata[cnt];
  30   3                              display_data(tmpdata);
  31   3                              delay(5);
  32   3                              display_data(16*(tmpdata & 0x0F));
  33   3                              delay(5);
  34   3                      }
  35   2              }
  36   1      }
  37          
  38          void display_data(unsigned char port_data)
  39          {
  40   1              RS=1;// to select DDRAM Register i.e. data register
  41   1              LCD_DATA_PORT=port_data;// put data on port
  42   1              EN=1;// to Enable the LCD processor
  43   1              _nop_();
  44   1              EN=0;// to disable the LCD processor
  45   1      }
  46          
  47          
  48          void initialise(void)
  49          {
  50   1              P1 = 0xFF;
  51   1              LCD_DATA_PORT = 0xFF;
  52   1              P3=0xFF;
  53   1              EN=0;
  54   1              RS= 0;
  55   1      }
C51 COMPILER V7.06   LCDD                                                                  07/27/2011 22:49:24 PAGE 2   

  56          
  57          void delay(unsigned int val)
  58          {
  59   1              unsigned int u,v;
  60   1              for(u=0;u<=val;u++)
  61   1                      for(v=0;v<=100;v++);
  62   1      }
  63          
  64          void SendCommand(unsigned char comd)
  65          {
  66   1              RS=0;  // to select Command Register
  67   1              LCD_DATA_PORT = comd;// put command on PORT2
  68   1              EN=1;// to Enable the LCD processor
  69   1              _nop_();
  70   1              EN=0;// to disable the LCD processor
  71   1      }
  72          
  73          void ClearDisplay(void)
  74          {
  75   1              SendCommand(0x01);// clear display
  76   1              delay(5);
  77   1      
  78   1              SendCommand(0x02);//send cursor to home location
  79   1              delay(5);
  80   1      }
  81          
  82          void writeCommand_LCD(void)
  83          {
  84   1              unsigned char Command;
  85   1              Command=0x38;
  86   1      
  87   1              delay(5);
  88   1              SendCommand(Command);
  89   1      
  90   1              delay(5);
  91   1              SendCommand(Command);
  92   1      
  93   1      
  94   1              delay(5);
  95   1              SendCommand(0x0C);
  96   1      
  97   1              delay(5);
  98   1              ClearDisplay();
  99   1              delay(5);
 100   1      }
 101          
 102          void main(void)
 103          {
 104   1              initialise();
 105   1              writeCommand_LCD();
 106   1      
 107   1              SendCommand(0xC0);// select line 1 on LCD
 108   1              delay(5);
 109   1              writeData_LCD("**** Embedd ****",16);
 110   1              delay(5);
 111   1              SendCommand(0x80);// select line 1 on LCD
 112   1              delay(5);
 113   1      
 114   1              writeData_LCD("**** Sachin ****",16);
 115   1              delay(5);
 116   1                      
 117   1              while(1)
C51 COMPILER V7.06   LCDD                                                                  07/27/2011 22:49:24 PAGE 3   

 118   1              {
 119   2              }
 120   1      }
 121          


MODULE INFORMATION:   STATIC OVERLAYABLE
   CODE SIZE        =    311    ----
   CONSTANT SIZE    =     34    ----
   XDATA SIZE       =   ----    ----
   PDATA SIZE       =   ----    ----
   DATA SIZE        =   ----       8
   IDATA SIZE       =   ----    ----
   BIT SIZE         =      1    ----
END OF MODULE INFORMATION.


C51 COMPILATION COMPLETE.  0 WARNING(S),  0 ERROR(S)
