C51 COMPILER V9.03   SHIFT_INWARD_REMEMBER                                                 11/30/2011 09:44:44 PAGE 1   


C51 COMPILER V9.03, COMPILATION OF MODULE SHIFT_INWARD_REMEMBER
OBJECT MODULE PLACED IN Shift_Inward_remember.OBJ
COMPILER INVOKED BY: C:\Keil\C51\BIN\C51.EXE Shift_Inward_remember.c BROWSE DEBUG OBJECTEXTEND

line level    source

   1          #include<reg51.h>
   2          main()
   3          {
   4   1              unsigned int i,j,x;
   5   1              P1=0x81;
   6   1              while(1)
   7   1              {
   8   2                      for(i=0;i<35000;i++);
   9   2                      x=0x03;
  10   2                      for(j=0;j<3;j++)
  11   2                      {
  12   3                              P1=(P1>>1)+0x80+x;
  13   3                              for(i=0;i<35000;i++);
  14   3                              x=x<<1;
  15   3                      }
  16   2                      
  17   2                      if(P1==0xFF)
  18   2                      {
  19   3                              P1=0x00;
  20   3                              for(i=0;i<35000;i++);
  21   3                              P1=0x81;
  22   3                      }
  23   2                      
  24   2                      
  25   2              }
  26   1      }


MODULE INFORMATION:   STATIC OVERLAYABLE
   CODE SIZE        =    141    ----
   CONSTANT SIZE    =   ----    ----
   XDATA SIZE       =   ----    ----
   PDATA SIZE       =   ----    ----
   DATA SIZE        =   ----       4
   IDATA SIZE       =   ----    ----
   BIT SIZE         =   ----    ----
END OF MODULE INFORMATION.


C51 COMPILATION COMPLETE.  0 WARNING(S),  0 ERROR(S)
