CX51 COMPILER V7.20   MAIN                                                                 09/01/2006 15:51:25 PAGE 1   


CX51 COMPILER V7.20, COMPILATION OF MODULE MAIN
OBJECT MODULE PLACED IN main.OBJ
COMPILER INVOKED BY: C:\Keil\C51\BIN\CX51.EXE main.c BROWSE DEBUG

line level    source

   1          #include "record.h"
   2          #include <REG51M.H>
   3          
   4          //float f;
   5          
   6          void main (void)  {
   7   1      /*  RECORD far *p1;
   8   1        RECORD far *p2;*/
   9   1      
  10   1      /*  p1       = pRecord(14000);      // Address Record #14000
  11   1        p1->c0   = 5;
  12   1      //  p1->f    = 14000.0;
  13   1        p1->i[0] = 0;
  14   1        p1->i[1] = 1;
  15   1        p1->i[2] = 2;
  16   1        p1->i[3] = 3;
  17   1        p1->i[4] = 4;
  18   1      
  19   1        p2       = pRecord(13000);      // Address Record #13000
  20   1        *p2      = *p1;                 // copy records
  21   1        p2->f    = 13000.0;
  22   1        p2->next = p1;
  23   1      */
  24   1      //  f = p2->next->f;
  25   1        while (1);
  26   1      }
  27          
  28          
  29          
  30          
  31          


MODULE INFORMATION:   STATIC OVERLAYABLE
   CODE SIZE        =      2    ----
   CONSTANT SIZE    =   ----    ----
   XDATA SIZE       =   ----    ----
   PDATA SIZE       =   ----    ----
   DATA SIZE        =   ----    ----
   IDATA SIZE       =   ----    ----
   BIT SIZE         =   ----    ----
   EDATA SIZE       =   ----    ----
   HDATA SIZE       =   ----    ----
   XDATA CONST SIZE =   ----    ----
   FAR CONST SIZE   =   ----    ----
END OF MODULE INFORMATION.


CX51 COMPILATION COMPLETE.  0 WARNING(S),  0 ERROR(S)
