C51 COMPILER V7.06   I2C                          12/09/2008 12:09:32 PAGE 1   


C51 COMPILER V7.06, COMPILATION OF MODULE I2C
OBJECT MODULE PLACED IN I2C.OBJ
COMPILER INVOKED BY: C:\Keil\C51\BIN\C51.EXE I2C.c LARGE DEBUG OBJECTEXTEND PAG
                    -EWIDTH(79) PAGELENGTH(66) SRC(.\I2C.SRC)

stmt level    source

   1          #include <reg51.h>
   2          #include <intrins.h>
   3          
   4          #define HIGH 1
   5          #define LOW  0
   6          
   7          sbit SDA        = P1^0;
   8          sbit SCL        = P1^1;
   9          
  10          //sbit WP       = P1^2;
  11          /*
  12          void I2C_Reset(void)
  13          {
  14                  unsigned int j = 0,i = 0;
  15                  while(1)
  16                  {
  17                          for(j=0;j<9;j++)
  18                          {
  19                                  SCL = LOW;
  20                                  SCL = HIGH;
  21                                  if(SDA==HIGH)
  22                                          i++;
  23                          }
  24                          if(i<9)// memory not Resetted
  25                                  break;
  26                  }
  27                          
  28                          
  29          }
  30          */
  31          
  32          void I2C_initialise(void)
  33          {
  34   1      //      WP      = 0x00;
  35   1              SCL = HIGH;
  36   1              SDA = HIGH;
  37   1      }
  38          
  39          void I2C_Start(void)
  40          {
  41   1      //      WP      = 0x00;
  42   1              SCL = LOW;
  43   1              SDA = HIGH;
  44   1              SCL = HIGH;
  45   1              SDA = LOW;
  46   1      }
  47          
  48          void I2C_Stop(void)
  49          {
  50   1              SCL = LOW;
  51   1              SDA = LOW;
  52   1              SCL = HIGH;
  53   1              SDA = HIGH;
  54   1      //      WP      = 0x01;
  55   1      }
  56          
C51 COMPILER V7.06   I2C                          12/09/2008 12:09:32 PAGE 2   

  57          unsigned char Read_Data(void)
  58          {
  59   1              #pragma ASM
  60   1                      MOV R7, #0x00
  61   1                      MOV R6, #0x08
  62   1              READ_LOOP:
  63   1                      CLR SCL
  64   1                      SETB SCL
  65   1      
  66   1                      CLR C
  67   1      //              MOV A, R7
  68   1                      RL A
  69   1                      MOV R7, A
  70   1      
  71   1                      JNB SDA, LINE_IS_CLR
  72   1                      MOV A, R7
  73   1                      ORL A, #0x01
  74   1                      MOV R7, A
  75   1              LINE_IS_CLR:    
  76   1                      DJNZ R6, READ_LOOP
  77   1                      CLR SCL
  78   1              #pragma ENDASM
  79   1              
  80   1      /*      unsigned int i;
  81   1              unsigned char readbyte;
  82   1              for(i=0;i<8;i++)
  83   1              {
  84   1                      readbyte = readbyte << 1;
  85   1      
  86   1                      SCL = LOW;
  87   1                      SCL = HIGH;
  88   1                      if(SDA == 1)
  89   1                              readbyte = readbyte | 0x01;
  90   1                      else if(SDA == 0)
  91   1                              readbyte = readbyte | 0x00;
  92   1              }
  93   1              SCL = LOW;
  94   1              return(readbyte);
  95   1      */
  96   1      }
*** WARNING C173 IN LINE 96 OF I2C.C: missing return-expression
  97          
  98          void send_Data(unsigned char mData)
  99          {
 100   1              #pragma ASM
 101   1                      MOV A, R7 // store command
 102   1                      MOV R5,A
 103   1                      MOV R7, #0x00
 104   1                      MOV R6, #0x08
 105   1              WRITE_LOOP:
 106   1                      CLR C
 107   1                      CLR SCL
 108   1                      CLR SDA
 109   1                      MOV A, R5
 110   1                      RLC A
 111   1                      MOV R5, A
 112   1                      JNC CLR_LINE
 113   1                      SETB SDA
 114   1              CLR_LINE:
 115   1                      SETB SCL
 116   1                      DJNZ R6, WRITE_LOOP
 117   1                      CLR SCL
 118   1                      CLR SDA
 119   1              #pragma ENDASM
C51 COMPILER V7.06   I2C                          12/09/2008 12:09:32 PAGE 3   

 120   1      
 121   1      /*      unsigned char x;
 122   1              bit sendBit;
 123   1              unsigned char MASK = 0x80;
 124   1              for(x=0;x<8;x++)
 125   1              {
 126   1                      sendBit = mData & MASK;
 127   1                      MASK >>= 1;
 128   1      
 129   1                      SCL = LOW;
 130   1                      SDA = sendBit;
 131   1                      SCL = HIGH;
 132   1              }
 133   1              SCL = LOW;
 134   1              SDA = LOW;
 135   1      */
 136   1      }
*** WARNING C280 IN LINE 98 OF I2C.C: 'mData': unreferenced local variable
 137          
 138          /*
 139          void send_Device_Address(unsigned char address)
 140          {
 141                  send_Data(address);
 142          }
 143          
 144          void send_Word_Address(unsigned char address)
 145          {
 146                  send_Data(address);
 147          }
 148          */
 149          
 150          void device_ACK(void)
 151          {
 152   1              SCL = LOW;
 153   1              SDA = HIGH;
 154   1              SCL = HIGH;
 155   1      //      while(SDA == HIGH);
 156   1      }
 157          
 158          /*
 159          void Master_ACK(void)
 160          {
 161                  SCL = LOW;
 162                  SDA = LOW;
 163                  SCL = HIGH;
 164                  SCL = LOW;
 165          }
 166          */
 167          
 168          void Master_NO_ACK(void)
 169          {
 170   1              SCL = LOW;
 171   1              SDA = HIGH;
 172   1              SCL = HIGH;
 173   1              SCL = LOW;
 174   1      }
 175          
 176          /*
 177          void set_Current_Address(unsigned char Device_Address,unsigned ch
             -ar byte1_Word_Address,unsigned char byte2_Word_Address)
 178          {
 179                  I2C_Start();    
 180                          send_Device_Address(Device_Address); // write mode
 181                          device_ACK();
C51 COMPILER V7.06   I2C                          12/09/2008 12:09:32 PAGE 4   

 182                  
 183                          send_Word_Address(byte1_Word_Address); // first byte of word ad
             -dress
 184                          device_ACK();
 185                  
 186                          send_Word_Address(byte2_Word_Address); // second byte of word a
             -ddress
 187                          device_ACK();
 188                  I2C_Stop();     
 189          }
 190          */


MODULE INFORMATION:   STATIC OVERLAYABLE
   CODE SIZE        =    154    ----
   CONSTANT SIZE    =   ----    ----
   XDATA SIZE       =   ----       1
   PDATA SIZE       =   ----    ----
   DATA SIZE        =   ----    ----
   IDATA SIZE       =   ----    ----
   BIT SIZE         =   ----    ----
END OF MODULE INFORMATION.


C51 COMPILATION COMPLETE.  2 WARNING(S),  0 ERROR(S)
