C51 COMPILER V9.05   LCD_4BIT                                                              11/28/2017 12:26:04 PAGE 1   


C51 COMPILER V9.05, COMPILATION OF MODULE LCD_4BIT
OBJECT MODULE PLACED IN .\Objects\lcd_4bit.obj
COMPILER INVOKED BY: C:\Keil_v5\C51\BIN\C51.EXE lcd_4bit.c OPTIMIZE(8,SPEED) BROWSE DEBUG OBJECTEXTEND PRINT(.\Listings\
                    -lcd_4bit.lst) TABS(2) OBJECT(.\Objects\lcd_4bit.obj)

line level    source

   1          /*********************************************************
   2           * Program to interface 16 X 2 LCD with 8051
   3           *  Created on: Apr 28, 2017
   4           *  Author: Amit Tandel
   5           *
   6           *  P1.0 = RS
   7           *  P1.1 = RW
   8           *  P1.2 = EN
   9           *
  10           *  P1.3 = LCD DATA PIN D4
  11           *  P1.4 = LCD DATA PIN D5
  12           *  P1.5 = LCD DATA PIN D6
  13           *  P1.6 = LCD DATA PIN D7
  14           *
  15           *********************************************************/
  16          
  17          #include<reg51.h>
  18              
  19          sbit RS = P3^2;
  20          sbit EN = P3^3;
  21          
  22          sbit D4 = P2^4;
  23          sbit D5 = P2^5;
  24          sbit D6 = P2^6;
  25          sbit D7 = P2^7;
  26          
  27          #define RS_High  (RS = 1)
  28          #define RS_Low   (RS = 0)
  29          //#define RW_High  (RW = 1)
  30          //#define RW_Low   (RW = 0)
  31          #define EN_High  (EN = 1)
  32          #define EN_Low   (EN = 0)
  33          
  34          void Initialize_LCD();
  35          void Pulse_LCD();
  36          void Send_Command_LCD(unsigned char );
  37          void SendByte(unsigned char );
  38          void Delay(unsigned int );
  39          void Display_Data_LCD(unsigned char *, unsigned char );
  40          void Display_Char_LCD(unsigned char );
  41          void Clear_LCD();
  42          void Reset_LCD();
  43          
  44          void Initialize_LCD()
  45          {
  46   1        P1 = 0xFF;  // output
  47   1        P2 = 0xFF;  // input
  48   1        P3 = 0xFF;  // output
  49   1        EN = 0;
  50   1        RS = 0; // command mode
  51   1      //  RW = 0; // write mode
  52   1      
  53   1      //  Reset_LCD();
  54   1        Send_Command_LCD(0x28); // 4-bit interface, 2 lines, 5X7 Pixels
C51 COMPILER V9.05   LCD_4BIT                                                              11/28/2017 12:26:04 PAGE 2   

  55   1        Delay(50);
  56   1        Send_Command_LCD(0x28); // 4-bit interface, 2 lines, 5X7 Pixels
  57   1        Delay(50);
  58   1        Send_Command_LCD(0x0E); // Turn on visible underline cursor
  59   1        Delay(50);
  60   1        Clear_LCD();
  61   1        Delay(50);
  62   1        Send_Command_LCD(0x80);   // Set Cursor at 1st Line
  63   1        Delay(50);
  64   1        Display_Data_LCD("WATER   CHEMICAL",16);
  65   1        Delay(50);
  66   1        Send_Command_LCD(0xC0);   // Set Cursor at 2nd Line
  67   1        Delay(50);
  68   1        Display_Data_LCD("AMIT TANDEL",11);
  69   1        Delay(50);
  70   1      }
  71          
  72          void Pulse_LCD()  // Function to toggle EN pin frm High to Low
  73          {
  74   1        EN_High;
  75   1        Delay(10);
  76   1        EN_Low;
  77   1        Delay(10);
  78   1      }
  79          
  80          /*
  81           * In 4-Bit mode the higher byte of data is sent followed by lower byte.
  82           */
  83          
  84          void Send_Command_LCD(unsigned char Data)
  85          {
  86   1        unsigned char tempdata;
  87   1        RS_Low;
  88   1        RS_Low;
  89   1        tempdata = ((Data>>4) & 0x0F);  // Masking Higher bytes of _data
  90   1        SendByte(tempdata);
  91   1        Pulse_LCD();
  92   1      
  93   1        tempdata = (Data & 0x0F); // Masking Lower byte of _data
  94   1        SendByte(tempdata);
  95   1        Pulse_LCD();
  96   1      }
  97          
  98          void SendByte(unsigned char mydata) // Function for masking data bits
  99          {
 100   1        if(mydata & 0x01)
 101   1          D4 = 1;
 102   1        else
 103   1          D4 = 0;
 104   1        Delay(1);
 105   1      
 106   1        if(mydata & 0x02)
 107   1          D5 = 1;
 108   1        else
 109   1          D5 = 0;
 110   1        Delay(1);
 111   1      
 112   1        if(mydata & 0x04)
 113   1          D6 = 1;
 114   1        else
 115   1          D6 = 0;
 116   1        Delay(1);
C51 COMPILER V9.05   LCD_4BIT                                                              11/28/2017 12:26:04 PAGE 3   

 117   1      
 118   1        if(mydata & 0x08)
 119   1          D7 = 1;
 120   1        else
 121   1          D7 = 0;
 122   1        Delay(1);
 123   1      }
 124          
 125          void Delay(unsigned int value)
 126          {
 127   1        unsigned int u,v;
 128   1        for(u=0;u<value;u++)
 129   1          for(v=0;v<100;v++);
 130   1      }
 131          
 132          void Display_Data_LCD(unsigned char *mdata, unsigned char count)
 133          {
 134   1        unsigned char s;
 135   1        RS_High;
 136   1        RS_High;
 137   1        for(s=0;s<count;s++)
 138   1        {
 139   2          unsigned char tempdata;
 140   2          tempdata =((*mdata>>4) & 0x0F); // Shifted Higher bits to right
 141   2          SendByte(tempdata);       // & masked to send command
 142   2          Pulse_LCD();
 143   2      
 144   2          tempdata = (*mdata & 0x0F); // Masking & sending lower bit
 145   2          SendByte(tempdata);
 146   2          Pulse_LCD();
 147   2          mdata++;
 148   2        }
 149   1      }
 150          
 151          void Display_Char_LCD(unsigned char a)
 152          {
 153   1        unsigned char temp;
 154   1        RS_High;
 155   1        RS_High;
 156   1        temp = ((a>>4) & 0x0F);
 157   1        SendByte(temp);
 158   1        Pulse_LCD();
 159   1        temp = (a & 0x0F);
 160   1        SendByte(temp);
 161   1        Pulse_LCD();
 162   1      }
 163          
 164          void Clear_LCD()
 165          {
 166   1        Send_Command_LCD(0x01); // Clears LCD
 167   1        Delay(50);
 168   1        Send_Command_LCD(0x02); // Sets cursor position to home
 169   1        Delay(50);
 170   1      }
 171          
 172          void Reset_LCD()
 173          {
 174   1        Send_Command_LCD(0x30);
 175   1        Delay(50);
 176   1        Send_Command_LCD(0x30);
 177   1        Delay(5);
 178   1        Send_Command_LCD(0x20);
C51 COMPILER V9.05   LCD_4BIT                                                              11/28/2017 12:26:04 PAGE 4   

 179   1      }
 180          
 181          void main()
 182          {
 183   1        Delay(160);
 184   1        Initialize_LCD();
 185   1        while(1);
 186   1      }


MODULE INFORMATION:   STATIC OVERLAYABLE
   CODE SIZE        =    409    ----
   CONSTANT SIZE    =     29    ----
   XDATA SIZE       =   ----    ----
   PDATA SIZE       =   ----    ----
   DATA SIZE        =   ----       9
   IDATA SIZE       =   ----    ----
   BIT SIZE         =   ----    ----
END OF MODULE INFORMATION.


C51 COMPILATION COMPLETE.  0 WARNING(S),  0 ERROR(S)
