C51 COMPILER V9.05   PORTTOGGLE                                                            11/23/2017 19:14:54 PAGE 1   


C51 COMPILER V9.05, COMPILATION OF MODULE PORTTOGGLE
OBJECT MODULE PLACED IN PortToggle.OBJ
COMPILER INVOKED BY: C:\Keil_v5\C51\BIN\C51.EXE PortToggle.c OPTIMIZE(8,SPEED) BROWSE DEBUG OBJECTEXTEND TABS(2)

line level    source

   1          #include<reg51.h>
   2          #include<intrins.h>
   3          #include<stdio.h>
   4          
   5          sbit led1=P2^0;
   6          sbit led2=P2^1;
   7          sbit led3=P2^2;
   8          sbit led4=P2^3;
   9          
  10          main()
  11          {
  12   1        unsigned int i;
  13   1      //  P1=0;
  14   1        P2=0;
  15   1        while(1)
  16   1        {
  17   2      //    P1=~P1;
  18   2          led1 = 1;
  19   2          led2 = 0;
  20   2          led3 = 1;
  21   2          led4 = 0;
  22   2          for(i=0;i<50000;i++);
  23   2          P2=0;
  24   2          for(i=0;i<50000;i++);
  25   2        }
  26   1      }


MODULE INFORMATION:   STATIC OVERLAYABLE
   CODE SIZE        =     65    ----
   CONSTANT SIZE    =   ----    ----
   XDATA SIZE       =   ----    ----
   PDATA SIZE       =   ----    ----
   DATA SIZE        =   ----    ----
   IDATA SIZE       =   ----    ----
   BIT SIZE         =   ----    ----
END OF MODULE INFORMATION.


C51 COMPILATION COMPLETE.  0 WARNING(S),  0 ERROR(S)
