C51 COMPILER V7.06   SEVENSEG                                                              07/29/2011 23:33:17 PAGE 1   


C51 COMPILER V7.06, COMPILATION OF MODULE SEVENSEG
OBJECT MODULE PLACED IN SevenSeg.OBJ
COMPILER INVOKED BY: C:\Keil\C51\BIN\C51.EXE SevenSeg.C BROWSE DEBUG OBJECTEXTEND

stmt level    source

   1          /******************************************************************************
   2          
   3            *  Analyse            : Receive data through serial port and display that received data
   4                                                            on terminal.                                                                    
   5                                                                                                                                                                          
   6            *  Purpose            : In this program, the serial interrupt is enabled to receive 
   7                                                            data through serial port. So whenever the data is transmitted 
   8                                                            through serial port,which goes its SBUF generates serial 
   9                                                            interrupt and enters into its ISR routine, where data came 
  10                                                            in SBUF will be stored in temp. variable and serial_flag
  11                                                                  will be set. 
  12                  
  13                                                            The main function checking this flag contineously and while 
  14                                                            this flag is set, it reset the above flag and executes the
  15                                                            function transmit_data in     which data will be received in 
  16                                                            SBUF thr. Serial port to display it on terminal with message 
  17                                                            " You have pressed --".
  18          
  19          */
  20          #include<reg51.h>
  21          #include <stdio.h>
  22          #include <intrins.h>
  23          
  24          void display_string();
  25          void look_uptable(unsigned char display_val);
  26          unsigned char val[4]= "8051";
  27          unsigned char tmpval[4]= "8051";
  28          
  29          bit serial_flag;
  30          unsigned char data_temp;
  31          // add lcd.c and varflag.c to run this program.
  32          
  33          
  34          void initilise();
  35          void transmit_data();
  36          sbit LED = P1^6;
  37          void main()
  38          {
  39   1              int i = 0;
  40   1              initilise();
  41   1              while(1)
  42   1              {   
  43   2                      if(serial_flag == 1)
  44   2                      {
  45   3                              tmpval[i] = data_temp;
  46   3                              i++;
  47   3                              if(i>3)
  48   3                              {
  49   4                                      i = 0;
  50   4                                      val[0] = tmpval[0];
  51   4                                      val[1] = tmpval[1];
  52   4                                      val[2] = tmpval[2];
  53   4                                      val[3] = tmpval[3];
  54   4                              }
  55   3                              serial_flag = 0;
C51 COMPILER V7.06   SEVENSEG                                                              07/29/2011 23:33:17 PAGE 2   

  56   3                      }
  57   2                      display_string();
  58   2              }
  59   1      }
  60          
  61          /******************************************************************************
  62          
  63            *  Function        :  initialise().                                                                     
             -            
  64                                                                                                                                                                          
  65            *  Purpose         : Initialises ports, port pins of display, flags and enable 
  66                                                          interrupt for serial port required in the program.
  67                                        
  68            * Parameters       : None.    
  69            
  70            * Globals Used     : None.
  71                            
  72            * Return           : None.
  73                                          
  74          *******************************************************************************/
  75          
  76          void initilise()
  77          {
  78   1              TR1 = 0;
  79   1              ES = 0;
  80   1              EA = 0;
  81   1              SCON  = 0x50;                   /* SCON: mode 1, 8-bit UART, enable rcvr */
  82   1              TMOD = 0x20;               /* TMOD: timer 1, mode 2, 8-bit reload */
  83   1              TH1   = 253;                /* TH1:  reload value for 9600 baud @ 11.059 MHz */
  84   1              TR1   = 1;                  /* TR1:  timer 1 run */
  85   1      
  86   1              EA = 1;
  87   1              ES = 1;
  88   1              RI = 0;
  89   1              TI = 0;
  90   1              serial_flag = 0;
  91   1              P2 = 0x00;
  92   1      
  93   1      }
  94          
  95          /******************************************************************************
  96          
  97            *  Function        : serial_intr(void) interrupt 4                                                      
             -                        
  98                                                                                                                                                                          
  99            *  Purpose         : ISR routine for serial interrupt.
 100                                        
 101            * Parameters       : None.    
 102            
 103            * Globals Used     : None.
 104                            
 105            * Return           : None.
 106                                          
 107          *******************************************************************************/
 108          
 109          
 110          void serial_intr(void) interrupt 4
 111          {
 112   1      
 113   1              if(RI)
 114   1              {
 115   2                      RI = 0;
C51 COMPILER V7.06   SEVENSEG                                                              07/29/2011 23:33:17 PAGE 3   

 116   2                      serial_flag = 1;
 117   2                      data_temp = SBUF;
 118   2              }
 119   1              else if (TI)
 120   1              {
 121   2                      TI = 0;
 122   2              }
 123   1      }
 124          
 125          void display_string()
 126          {
 127   1              unsigned int x;
 128   1      
 129   1              for(x=0;x<4;x++)
 130   1              {
 131   2                      P2=0xFF;
 132   2                      P1 = ~(1<<x);
 133   2                      look_uptable(val[x]);
 134   2              }
 135   1      }
 136          
 137          void look_uptable(unsigned char display_val)
 138          {
 139   1              int i;
 140   1              switch(display_val)
 141   1              {
 142   2                      case '0':P2=~0x3F;
 143   2                              break;
 144   2                      
 145   2                      case '1':P2=~0x06;
 146   2                              break;
 147   2                      
 148   2                      case '2':P2=~0x5B;
 149   2                              break;
 150   2                      
 151   2                      case '3':P2=~0x4F;
 152   2                              break;
 153   2                      
 154   2                      case '4':P2=~0x66;
 155   2                              break;
 156   2                      
 157   2                      case '5':P2=~0x6D;
 158   2                              break;
 159   2                      
 160   2                      case '6':P2=~0x7D;
 161   2                              break;
 162   2                      
 163   2                      case '7':P2=~0x07;
 164   2                              break;
 165   2                      
 166   2                      case '8':P2=~0x7F;
 167   2                              break;
 168   2                      
 169   2                      case '9':P2=~0x6F;
 170   2                              break;
 171   2                      
 172   2                      case 'A':
 173   2                      case 'a':
 174   2                              P2=~0x77;
 175   2                              break;
 176   2                      case 'B':
 177   2                      case 'b':
C51 COMPILER V7.06   SEVENSEG                                                              07/29/2011 23:33:17 PAGE 4   

 178   2                              P2=~0x7C;
 179   2                              break;
 180   2                      case 'C':
 181   2                      case 'c':
 182   2                              P2=~0x39;
 183   2                              break;
 184   2                      case 'D':
 185   2                      case 'd':
 186   2                              P2=~0x5E;
 187   2                              break;
 188   2                      case 'E':
 189   2                      case 'e':
 190   2                              P2=~0x79;
 191   2                              break;
 192   2                      case 'F':
 193   2                      case 'f':
 194   2                              P2=~0x71;
 195   2                              break;
 196   2                      case 'G':
 197   2                      case 'g':
 198   2                              P2=~0x6F;
 199   2                              break;
 200   2                      case 'H':
 201   2                      case 'h':
 202   2                              P2=~0x74;
 203   2                              break;
 204   2                      case 'I':
 205   2                      case 'i':
 206   2                              P2=~0x30;
 207   2                              break;
 208   2                      case 'J':
 209   2                      case 'j':
 210   2                              P2=~0x0E;
 211   2                              break;
 212   2                      case 'K':
 213   2                      case 'k':
 214   2                              P2=~0x70;
 215   2                              break;
 216   2                      case 'L':
 217   2                      case 'l':
 218   2                              P2=~0x38;
 219   2                              break;
 220   2                      case 'M':
 221   2                      case 'm':
 222   2                              P2=~0x55;
 223   2                              break;
 224   2                      case 'N':
 225   2                      case 'n':
 226   2                              P2=~0x54;
 227   2                              break;
 228   2                      case 'O':
 229   2                      case 'o':
 230   2                              P2=~0x5C;
 231   2                              break;
 232   2                      case 'P':
 233   2                      case 'p':
 234   2                              P2=~0x73;
 235   2                              break;
 236   2                      case 'Q':
 237   2                      case 'q':
 238   2                              P2=~0x6B;
 239   2                              break;
C51 COMPILER V7.06   SEVENSEG                                                              07/29/2011 23:33:17 PAGE 5   

 240   2                      case 'R':
 241   2                      case 'r':
 242   2                              P2=~0x50;
 243   2                              break;
 244   2                      case 'S':
 245   2                      case 's':
 246   2                              P2=~0x6D;
 247   2                              break;
 248   2                      case 'T':
 249   2                      case 't':
 250   2                              P2=~0x78;
 251   2                              break;
 252   2                      case 'U':
 253   2                      case 'u':
 254   2                              P2=~0x3E;
 255   2                              break;
 256   2                      case 'V':
 257   2                      case 'v':
 258   2                              P2=~0x1C;
 259   2                              break;
 260   2                      case 'W':
 261   2                      case 'w':
 262   2                              P2=~0x6A;
 263   2                              break;
 264   2                      case 'X':
 265   2                      case 'x':
 266   2                              P2=~0x76;
 267   2                              break;
 268   2                      case 'Y':
 269   2                      case 'y':
 270   2                              P2=~0x6E;       
 271   2                              break;
 272   2                      case 'Z':
 273   2                      case 'z':
 274   2                              P2=~0x5B;
 275   2                              break;
 276   2                      case '!':
 277   2                              P2=~0x40;
 278   2                              break;
 279   2                      
 280   2                      default :
 281   2                              P2=~0x00;       
 282   2              }
 283   1              for(i=0;i<200;i++);                                              
 284   1      }
 285          
 286          


MODULE INFORMATION:   STATIC OVERLAYABLE
   CODE SIZE        =    561    ----
   CONSTANT SIZE    =   ----    ----
   XDATA SIZE       =   ----    ----
   PDATA SIZE       =   ----    ----
   DATA SIZE        =      9       4
   IDATA SIZE       =   ----    ----
   BIT SIZE         =      1    ----
END OF MODULE INFORMATION.


C51 COMPILATION COMPLETE.  0 WARNING(S),  0 ERROR(S)
