C51 COMPILER V9.03   SATISH                                                                10/13/2011 16:06:48 PAGE 1   


C51 COMPILER V9.03, COMPILATION OF MODULE SATISH
OBJECT MODULE PLACED IN satish.OBJ
COMPILER INVOKED BY: C:\Keil\C51\BIN\C51.EXE satish.c BROWSE DEBUG OBJECTEXTEND

line level    source

   1          #include<reg51.h>
   2          sbit sensor=P1^0;
   3          sbit count=P0^1;
   4          sbit LED=P0^2;
   5          unsigned int i,x,j;
   6          void delay (unsigned int x);
   7          void main()
   8          {
   9   1              unsigned char mydata[]={0x01,0x02,0x04,0x08,0x10,0x20,0x40,0x80};
  10   1                      P2=0xAA;                                                                                                         //homing of all cylinders
  11   1                      P0=0x00;                                                                                                         // Initially no input to LED and counter
  12   1                      P1=0X00;                                                                                                         //Clear the sensor input
  13   1                                                                                                                                              
  14   1              while(1)                                                       //Do it continiously  
  15   1                                                                                                                                                      
  16   1                       
  17   1                       {
  18   2      
  19   2                  for(i=0;i<=7;i++)                                            //cylinder operation
  20   2                      {
  21   3                                     P2=mydata[i];                             //port pin shifting
  22   3                                delay(40);                                                                             //Delay
  23   3                              }
  24   2                                                       
  25   2                                P2=0x00;                                                            //deactivating all cylinders
  26   2                                                
  27   2                                                    P1=0X01;                                                                           //Fake sense,Testing purpose
  28   2                                         
  29   2                                         
  30   2                           if(sensor==1)                                                       //read the proximity switch
  31   2                      {
  32   3                                
  33   3                                                        count=1;
  34   3                                                        delay(0);                                              // high pulse to the counter
  35   3                                count=0;
  36   3                                                        delay(0);
  37   3                                                      
  38   3                                                        
  39   3                                                        
  40   3                                                         for(i=0;i<=7;i++)                              //cylinder operation
  41   3                                     {
  42   4                                             P2=mydata[i];                       //port pin shifting
  43   4                                             delay(40);
  44   4                                                             }
  45   3                                                       
  46   3                            
  47   3                                                                  P2=0x00;                                         //deactivating all cylinders
  48   3                       
  49   3                                       
  50   3                                                     {
  51   4                                                             
  52   4                                                                                 P1=0X00;                                                       //Fake sense,Testing purpose
  53   4                                                             
  54   4                                                                                 
  55   4                                                                                 {
C51 COMPILER V9.03   SATISH                                                                10/13/2011 16:06:48 PAGE 2   

  56   5                                                                                 if(sensor==0);                                          //Read the proximity sensor
  57   5                                                           
  58   5                                                                                  else                                                           //error case
  59   5                                                                {
  60   6                                                                        LED=1;
  61   6                                                                        while(1);
  62   6                                                                    }
  63   5                                                                      }
  64   4                                                           }
  65   3                                      }
  66   2                                      
  67   2                         
  68   2                                         
  69   2                      else                                                                            //error case
  70   2                   {      
  71   3                       
  72   3                             LED=1;
  73   3                                 while(1);
  74   3                        
  75   3                       }
  76   2                
  77   2                        
  78   2                }
  79   1      }
  80                  
  81                  
  82                  
  83                  
  84                  
  85          void delay(unsigned int x)                                                              //delay subroutine
  86          {
  87   1           TMOD=0x01;                                                                                                            //Timer 0,Mode 1
  88   1       
  89   1            TH0=0xFC;
  90   1              TL0=0x18;
  91   1        for(j=0;j<=x;j++)
  92   1              {
  93   2               TR0=1;                                                                                                                         //Start the timer 
  94   2           while(TF0==0);                                                                                                             // wait till overflow
  95   2           TR0=0;                                                                                                                        // Stop the timer
  96   2           TF0=0;                                                                                              
  97   2               }
  98   1      }


MODULE INFORMATION:   STATIC OVERLAYABLE
   CODE SIZE        =    172    ----
   CONSTANT SIZE    =      8    ----
   XDATA SIZE       =   ----    ----
   PDATA SIZE       =   ----    ----
   DATA SIZE        =      6       8
   IDATA SIZE       =   ----    ----
   BIT SIZE         =   ----    ----
END OF MODULE INFORMATION.


C51 COMPILATION COMPLETE.  0 WARNING(S),  0 ERROR(S)
