C51 COMPILER V9.03   LIGHTING                                                              11/10/2011 14:27:48 PAGE 1   


C51 COMPILER V9.03, COMPILATION OF MODULE LIGHTING
OBJECT MODULE PLACED IN Lighting.OBJ
COMPILER INVOKED BY: C:\Keil\C51\BIN\C51.EXE Lighting.c BROWSE DEBUG OBJECTEXTEND

line level    source

   1          #include<reg51.h>          
   2          void main()
   3          {
   4   1              while(1)
   5   1              {
   6   2                      unsigned int i,j,k;
   7   2                      P0=0x01;
   8   2                      P1=0x01;
   9   2                      P2=0x01;
  10   2                      while(1)
  11   2                      {
  12   3                              P0=P0<<1;
  13   3                              P2=P2<<1;
  14   3                              P1=P1<<1;
  15   3      
  16   3                              if(P0==0x80)
  17   3                              {
  18   4                                      for(i=0;i<10000;i++);
  19   4                                      P1=0x01;
  20   4                              }
  21   3                              if(P1==0x80)
  22   3                              {
  23   4                                      for(j=0;j<10000;j++);
  24   4                                      P1=0x01;
  25   4                              }
  26   3                              if(P2==0x80)
  27   3                              {
  28   4                                      for(k=0;k<10000;k++);
  29   4                                      P1=0x01;
  30   4                              }
  31   3                      }
  32   2      
  33   2              }
  34   1      }               


MODULE INFORMATION:   STATIC OVERLAYABLE
   CODE SIZE        =    116    ----
   CONSTANT SIZE    =   ----    ----
   XDATA SIZE       =   ----    ----
   PDATA SIZE       =   ----    ----
   DATA SIZE        =   ----       6
   IDATA SIZE       =   ----    ----
   BIT SIZE         =   ----    ----
END OF MODULE INFORMATION.


C51 COMPILATION COMPLETE.  0 WARNING(S),  0 ERROR(S)
