C51 COMPILER V7.06   LCDD                                                                  07/27/2011 23:34:24 PAGE 1   


C51 COMPILER V7.06, COMPILATION OF MODULE LCDD
OBJECT MODULE PLACED IN LCDD.OBJ
COMPILER INVOKED BY: C:\Keil\C51\BIN\C51.EXE LCDD.c BROWSE DEBUG OBJECTEXTEND

stmt level    source

   1          #include <reg51.h>
   2          #include <intrins.h>
   3          #include <stdio.h>
   4          
   5          extern void transmit_N_Disp_data();
   6          extern unsigned int serial_flag;
   7          extern void initilise_serial();
   8          
   9          #define LCD_DATA_PORT P0
  10          bit LCD_8_BIT = 1;
  11          sbit RS = P2^6;
  12          sbit EN = P2^5;
  13          void display_data(unsigned char port_data);
  14          void ClearDisplay(void);
  15          void SendCommand(unsigned char comd);
  16          void delay(unsigned int val);
  17          void GenChar_at_CGRAM(unsigned char mData[]);
  18          
  19          void writeData_LCD(unsigned char mdata[], unsigned int counter)
  20          {
  21   1              unsigned char tmpdata;
  22   1              unsigned int cnt;
  23   1              if(LCD_8_BIT==1)
  24   1              {       for(cnt=0;cnt < counter;cnt++)
  25   2                      {
  26   3                              display_data(mdata[cnt]);
  27   3                              delay(5);
  28   3                      }
  29   2              }
  30   1              else if(LCD_8_BIT==0)//4 bit
  31   1              {
  32   2                      for(cnt=0;cnt < counter;cnt++)
  33   2                      {       
  34   3                              tmpdata=mdata[cnt];
  35   3                              display_data(tmpdata);
  36   3                              delay(5);
  37   3                              display_data(16*(tmpdata & 0x0F));
  38   3                              delay(5);
  39   3                      }
  40   2              }
  41   1      }
  42          
  43          void display_data(unsigned char port_data)
  44          {
  45   1              RS=1;// to select DDRAM Register i.e. data register
  46   1              LCD_DATA_PORT=port_data;// put data on port
  47   1              EN=1;// to Enable the LCD processor
  48   1              _nop_();
  49   1              EN=0;// to disable the LCD processor
  50   1      }
  51          
  52          
  53          void initialise(void)
  54          {
  55   1              P1 = 0xFF;
C51 COMPILER V7.06   LCDD                                                                  07/27/2011 23:34:24 PAGE 2   

  56   1              LCD_DATA_PORT = 0xFF;
  57   1              P3=0xFF;
  58   1              EN=0;
  59   1              RS= 0;
  60   1      }
  61          
  62          void delay(unsigned int val)
  63          {
  64   1              unsigned int u,v;
  65   1              for(u=0;u<=val;u++)
  66   1                      for(v=0;v<=100;v++);
  67   1      }
  68          
  69          void SendCommand(unsigned char comd)
  70          {
  71   1              RS=0;  // to select Command Register
  72   1              LCD_DATA_PORT = comd;// put command on PORT2
  73   1              EN=1;// to Enable the LCD processor
  74   1              _nop_();
  75   1              EN=0;// to disable the LCD processor
  76   1      }
  77          
  78          void ClearDisplay(void)
  79          {
  80   1              SendCommand(0x01);// clear display
  81   1              delay(5);
  82   1      
  83   1              SendCommand(0x02);//send cursor to home location
  84   1              delay(5);
  85   1      }
  86          
  87          void init_LCD(void)
  88          {
  89   1              unsigned char Command;
  90   1              Command=0x38;
  91   1      
  92   1              delay(5);
  93   1              SendCommand(Command);
  94   1      
  95   1              delay(5);
  96   1              SendCommand(Command);
  97   1      
  98   1      
  99   1              delay(5);
 100   1              SendCommand(0x0C);
 101   1      
 102   1              delay(5);
 103   1              ClearDisplay();
 104   1              delay(5);
 105   1      }
 106          
 107          void main(void)
 108          {
 109   1              initialise();
 110   1              initilise_serial();
 111   1              init_LCD();
 112   1      
 113   1              SendCommand(0x80);// select line 1 on LCD
 114   1              delay(5);
 115   1      
 116   1              writeData_LCD("**** Sachin ****",16);
 117   1              delay(5);
C51 COMPILER V7.06   LCDD                                                                  07/27/2011 23:34:24 PAGE 3   

 118   1                      
 119   1              while(1)
 120   1              {   
 121   2                      if(serial_flag == 1)
 122   2                      {
 123   3                              serial_flag = 0;
 124   3                              ES = 0;
 125   3                              transmit_N_Disp_data();
 126   3                              ES = 1;
 127   3                      }
 128   2              }
 129   1      }
 130          


MODULE INFORMATION:   STATIC OVERLAYABLE
   CODE SIZE        =    313    ----
   CONSTANT SIZE    =     17    ----
   XDATA SIZE       =   ----    ----
   PDATA SIZE       =   ----    ----
   DATA SIZE        =   ----       8
   IDATA SIZE       =   ----    ----
   BIT SIZE         =      1    ----
END OF MODULE INFORMATION.


C51 COMPILATION COMPLETE.  0 WARNING(S),  0 ERROR(S)
