C51 COMPILER V9.06   PORT_TOGGLE                                                           05/17/2012 15:53:22 PAGE 1   


C51 COMPILER V9.06, COMPILATION OF MODULE PORT_TOGGLE
OBJECT MODULE PLACED IN Port_Toggle.OBJ
COMPILER INVOKED BY: C:\Keil\C51\BIN\C51.EXE Port_Toggle.c BROWSE DEBUG OBJECTEXTEND

line level    source

   1          
   2          
   3          #include<reg51.h>
   4          
   5          unsigned int i;
   6          void main()
   7          {
   8   1              while(1)
   9   1              {
  10   2                      P2=0x00;
  11   2                      for(i=0;i<50000;i++);
  12   2                      P2=0xFF;
  13   2                      for(i=0;i<50000;i++);           
  14   2              }
  15   1      }


MODULE INFORMATION:   STATIC OVERLAYABLE
   CODE SIZE        =     73    ----
   CONSTANT SIZE    =   ----    ----
   XDATA SIZE       =   ----    ----
   PDATA SIZE       =   ----    ----
   DATA SIZE        =      2    ----
   IDATA SIZE       =   ----    ----
   BIT SIZE         =   ----    ----
END OF MODULE INFORMATION.


C51 COMPILATION COMPLETE.  0 WARNING(S),  0 ERROR(S)
