C51 COMPILER V9.03   7SEGMENT                                                              11/19/2011 14:08:23 PAGE 1   


C51 COMPILER V9.03, COMPILATION OF MODULE 7SEGMENT
OBJECT MODULE PLACED IN 7Segment.OBJ
COMPILER INVOKED BY: C:\Keil\C51\BIN\C51.EXE 7Segment.c BROWSE DEBUG OBJECTEXTEND

line level    source

   1          
   2          #include<reg51.h>
   3          
   4                  sbit a=P1^0;
   5                  sbit b=P1^1;
   6                  sbit c=P1^2;
   7                  sbit d=P1^3;
   8                  sbit e=P1^4;
   9                  sbit f=P1^5;
  10                  sbit g=P1^6;
  11                  sbit h=P1^7;
  12          
  13          void main()
  14          {
  15   1              unsigned int x=0,i;
  16   1              P2=0xFE;
  17   1              while(1)
  18   1              {
  19   2      //              P2 = 0xF0;
  20   2      //              P0 = 0xFF;
  21   2      //              x=12;
  22   2                      switch(x)
  23   2                      {
  24   3                              case 0:
  25   3                              a=1; b=1; c=1; d=1; e=1; f=1; g=0; h=0;
  26   3                              break;
  27   3              
  28   3                              case 1: 
  29   3                              a=0; b=1; c=1; d=0; e=0; f=0; g=0; h=0;
  30   3                              break;
  31   3              
  32   3                              case 2: 
  33   3                              a=1; b=1; c=0; d=1; e=1; f=0; g=1; h=0;
  34   3                              break;
  35   3              
  36   3                              case 3: 
  37   3                              a=1; b=1; c=1; d=1; e=0; f=0; g=1; h=0;
  38   3                              break;
  39   3              
  40   3                              case 4: 
  41   3                              a=0; b=1; c=1; d=0; e=0; f=1; g=1; h=0;
  42   3                              break;
  43   3              
  44   3                              case 5: 
  45   3                              a=1; b=0; c=1; d=1; e=0; f=1; g=1; h=0;
  46   3                              break;
  47   3              
  48   3                              case 6: 
  49   3                              a=1; b=0; c=1; d=1; e=1; f=1; g=1; h=0;
  50   3                              break;
  51   3                              
  52   3                              case 7: 
  53   3                              a=1; b=1; c=1; d=0; e=0; f=0; g=0; h=0;
  54   3                              break;
  55   3              
C51 COMPILER V9.03   7SEGMENT                                                              11/19/2011 14:08:23 PAGE 2   

  56   3                              case 8: 
  57   3                              a=1; b=1; c=1; d=1; e=1; f=1; g=1; h=0;
  58   3                              break;
  59   3              
  60   3                              case 9:
  61   3                              a=1; b=1; c=1; d=1; e=0; f=1; g=1; h=0;
  62   3                              break;
  63   3                      }
  64   2                      for(i=0;i<40000;i++);
  65   2                      x++;
  66   2                      if(x==10)
  67   2                      {
  68   3                              x=0;
  69   3                      }       
  70   2      //              P2 = 0xFF;
  71   2              }
  72   1      }


MODULE INFORMATION:   STATIC OVERLAYABLE
   CODE SIZE        =    255    ----
   CONSTANT SIZE    =   ----    ----
   XDATA SIZE       =   ----    ----
   PDATA SIZE       =   ----    ----
   DATA SIZE        =   ----       2
   IDATA SIZE       =   ----    ----
   BIT SIZE         =   ----    ----
END OF MODULE INFORMATION.


C51 COMPILATION COMPLETE.  0 WARNING(S),  0 ERROR(S)
