C51 COMPILER V7.20   C_BANK2                                                               09/01/2006 16:11:13 PAGE 1   


C51 COMPILER V7.20, COMPILATION OF MODULE C_BANK2
OBJECT MODULE PLACED IN C_bank2.OBJ
COMPILER INVOKED BY: C:\Keil\C51\BIN\C51.EXE C_bank2.c DEBUG OBJECTEXTEND

line level    source

   1          /*------------------------------------------------------------------------------
   2          C_BANK2.C
   3          
   4          Copyright 1995-1996 Keil Software, Inc.
   5          ------------------------------------------------------------------------------*/
   6          
   7          #include <stdio.h>
   8          
   9          void func2(void) {
  10   1        printf("THIS IS A FUNCTION IN BANK 2! \n");
  11   1      }


MODULE INFORMATION:   STATIC OVERLAYABLE
   CODE SIZE        =      9    ----
   CONSTANT SIZE    =     32    ----
   XDATA SIZE       =   ----    ----
   PDATA SIZE       =   ----    ----
   DATA SIZE        =   ----    ----
   IDATA SIZE       =   ----    ----
   BIT SIZE         =   ----    ----
END OF MODULE INFORMATION.


C51 COMPILATION COMPLETE.  0 WARNING(S),  0 ERROR(S)
