C51 COMPILER V9.05   TIMER                                                                 04/27/2017 18:06:30 PAGE 1   


C51 COMPILER V9.05, COMPILATION OF MODULE TIMER
OBJECT MODULE PLACED IN timer.OBJ
COMPILER INVOKED BY: C:\Keil_v5\C51\BIN\C51.EXE timer.c OPTIMIZE(8,SPEED) BROWSE DEBUG OBJECTEXTEND TABS(2)

line level    source

   1          #include<reg51.h>
   2          sbit LED = P0^0;
   3          void delay(unsigned int);
   4          void main(void)
   5          {
   6   1        TMOD=0x01;        /* Timer 0,Mode 1 */
   7   1        TH0=0xFC;
   8   1        TL0=0x67;       /* Clear the sensor1 input */ 
   9   1        
  10   1        while(1)
  11   1        {
  12   2          LED = ~LED;
  13   2          delay(100);
  14   2        }
  15   1      }
  16          
  17          void delay(unsigned int x)    /* Delay Subroutine*/
  18          {     
  19   1        unsigned int i;
  20   1        for(i=0;i<=x;i++)
  21   1        {
  22   2          TR0=1;      /* Start the timer */ 
  23   2          while(TF0==0);    /* wait till overflow */ 
  24   2          TR0=0;      /* Stop the timer */ 
  25   2          TF0=0;
  26   2        }
  27   1      }


MODULE INFORMATION:   STATIC OVERLAYABLE
   CODE SIZE        =     47    ----
   CONSTANT SIZE    =   ----    ----
   XDATA SIZE       =   ----    ----
   PDATA SIZE       =   ----    ----
   DATA SIZE        =   ----    ----
   IDATA SIZE       =   ----    ----
   BIT SIZE         =   ----    ----
END OF MODULE INFORMATION.


C51 COMPILATION COMPLETE.  0 WARNING(S),  0 ERROR(S)
