C51 COMPILER V7.06   LCD                                                                   08/05/2011 21:04:38 PAGE 1   


C51 COMPILER V7.06, COMPILATION OF MODULE LCD
OBJECT MODULE PLACED IN LCD.OBJ
COMPILER INVOKED BY: C:\Keil\C51\BIN\C51.EXE LCD.c LARGE BROWSE DEBUG OBJECTEXTEND

stmt level    source

   1          #include <reg51.h>
   2          #include <intrins.h>
   3          #include "LCD.H"
   4          #include "COMMON.H"
   5          #include "Keydata.h"
*** WARNING C318 IN LINE 5 OF LCD.c: can't open file 'Keydata.h'
   6          #include "I2CDATA.H"
*** WARNING C318 IN LINE 6 OF LCD.c: can't open file 'I2CDATA.H'
   7          
   8          // cursor movement
   9          #define LEFT 0
  10          #define RIGHT 1
  11          int No_Of_Char_on_LCD=1;
  12          
  13          bit LCD_8_BIT = 1;
  14          bit BLINK = 0;
  15          bit CURSOR = 0;
  16          bit SHIFT_L = 0;
  17          bit SHIFT_R = 0;
  18          
  19          sbit RS = P2^6;
  20          sbit EN = P2^5;
  21          int multi_char_count;
  22          
  23          void delay(unsigned int val);
  24          
  25          unsigned char Lookup_table[]= {'0','1','2','3','4','5','6','7','8','9','.',65,66,67,68,69,70,71,72,73,74,7
             -5,76,77,78,79,80,81,82,83,84,85,86,87,88,89,90,97,98,99,100,101,102,103,104,105,106,107,108,109,110,111,112,113,114,115,
             -116,117,118,119,120,121,122};
  26          
  27          void initialise_LCD(void)
  28          {
  29   1              P1 = 0xFF;
  30   1              P2 = 0xFF;
  31   1              P3=0xFF;
  32   1              EN=0;
  33   1              RS= 0;
  34   1      }
  35          
  36          void writeCommand_LCD(void)
  37          {
  38   1              unsigned char Command;
  39   1              if(LCD_8_BIT==1)
  40   1                      Command=0x38;
  41   1              else if(LCD_8_BIT==0)
  42   1                      Command=0x28;
  43   1      
  44   1              delay(5);
  45   1              SendCommand(Command);
  46   1      
  47   1              delay(5);
  48   1              SendCommand(Command);
  49   1      
  50   1      
  51   1              delay(5);
C51 COMPILER V7.06   LCD                                                                   08/05/2011 21:04:38 PAGE 2   

  52   1              SendCommand(0x0C);
  53   1      
  54   1              delay(5);
  55   1              ClearDisplay();
  56   1              delay(5);
  57   1      }
  58          
  59          void GenChar_at_CGRAM(unsigned char mdata[])
  60          {
  61   1              int cnt;
  62   1              SendCommand(0x41);
  63   1              delay(5);
  64   1              for(cnt=0;cnt < 8;cnt++)
  65   1              {
  66   2                      display_data(mdata[cnt]);
  67   2                      delay(5);
  68   2              }
  69   1      }
  70          
  71          void Send(unsigned char comd)
  72          {
  73   1              RS=0;  // to select Command Register
  74   1              P0 = comd;// put command on PORT2
  75   1              EN=1;// to Enable the LCD processor
  76   1              _nop_();
  77   1              EN=0;// to disable the LCD processor
  78   1      }
  79          
  80          void SendCommand(unsigned char comd)
  81          {
  82   1              unsigned char tmpcomd;
  83   1              tmpcomd=comd;
  84   1              if(LCD_8_BIT==1)
  85   1              {       
  86   2                      Send(comd);
  87   2                      delay(5);
  88   2              }
  89   1              else if (LCD_8_BIT==0)//4 bit
  90   1              {
  91   2                      Send(comd);
  92   2                      delay(5);
  93   2                      Send(16*(tmpcomd & 0x0F));
  94   2                      delay(5);
  95   2              }
  96   1      }
  97          
  98          void ClearDisplay(void)
  99          {
 100   1              SendCommand(0x01);// clear display
 101   1              delay(5);
 102   1      
 103   1              SendCommand(0x02);//send cursor to home location
 104   1              delay(5);
 105   1      }
 106          
 107          void writeData_LCD(unsigned char mdata[], unsigned int counter)
 108          {
 109   1              unsigned char tmpdata;
 110   1              unsigned int cnt;
 111   1              if(LCD_8_BIT==1)
 112   1              {       for(cnt=0;cnt < counter;cnt++)
 113   2                      {
C51 COMPILER V7.06   LCD                                                                   08/05/2011 21:04:38 PAGE 3   

 114   3                              display_data(mdata[cnt]);
 115   3                              delay(5);
 116   3                      }
 117   2              }
 118   1              else if(LCD_8_BIT==0)//4 bit
 119   1              {
 120   2                      for(cnt=0;cnt < counter;cnt++)
 121   2                      {       
 122   3                              tmpdata=mdata[cnt];
 123   3                              display_data(tmpdata);
 124   3                              delay(5);
 125   3                              display_data(16*(tmpdata & 0x0F));
 126   3                              delay(5);
 127   3                      }
 128   2              }
 129   1      }
 130          
 131          void display_data(unsigned char port_data)
 132          {
 133   1              RS=1;// to select DDRAM Register i.e. data register
 134   1              P0=port_data;// put data on port
 135   1              EN=1;// to Enable the LCD processor
 136   1              _nop_();
 137   1              EN=0;// to disable the LCD processor
 138   1      }
 139          
 140          void multi_char_key(void)
 141          {
 142   1              writeData_LCD(&(Lookup_table[multi_char_count]),1);
 143   1              multi_char_count++;
 144   1              move_cursor(LEFT,0);
 145   1              if(multi_char_count>63)
 146   1                      multi_char_count=0;
 147   1              delay(5);
 148   1      }
 149          
 150          void move_cursor(int Direction, unsigned int ChangeCount)
 151          {
 152   1              if (Direction==LEFT)
 153   1              {
 154   2                      if(ChangeCount==1)
 155   2                      {
 156   3                              multi_char_count=0;
 157   3                              No_Of_Char_on_LCD--;
 158   3                      }
 159   2                      if(No_Of_Char_on_LCD==40)
 160   2                      {       
 161   3                              No_Of_Char_on_LCD=16;
 162   3                              SendCommand(0x8F);
 163   3                      }
 164   2                      else if(No_Of_Char_on_LCD==0)
 165   2                      {       
 166   3                              No_Of_Char_on_LCD=80;
 167   3                              SendCommand(0xCF);
 168   3                      }
 169   2                      else
 170   2                      {
 171   3                              SendCommand(0x10);
 172   3                      }
 173   2              }
 174   1              else if (Direction==RIGHT)
 175   1              {
C51 COMPILER V7.06   LCD                                                                   08/05/2011 21:04:38 PAGE 4   

 176   2                      if(ChangeCount==1)
 177   2                      {
 178   3                              multi_char_count=0;
 179   3                              No_Of_Char_on_LCD++;
 180   3                      }
 181   2                      
 182   2                      if(No_Of_Char_on_LCD==17)
 183   2                      {       
 184   3                              No_Of_Char_on_LCD=41;
 185   3                              SendCommand(0xC0);
 186   3                      }
 187   2                      else if(No_Of_Char_on_LCD==81)
 188   2                      {       
 189   3                              No_Of_Char_on_LCD=1;
 190   3                              SendCommand(0x80);
 191   3                      }
 192   2                      else
 193   2                      {
 194   3                              SendCommand(0x14);
 195   3                      }
 196   2              }
 197   1              delay(500);
 198   1      }
 199          


MODULE INFORMATION:   STATIC OVERLAYABLE
   CODE SIZE        =    757    ----
   CONSTANT SIZE    =   ----    ----
   XDATA SIZE       =     67      20
   PDATA SIZE       =   ----    ----
   DATA SIZE        =   ----    ----
   IDATA SIZE       =   ----    ----
   BIT SIZE         =      5    ----
END OF MODULE INFORMATION.


C51 COMPILATION COMPLETE.  2 WARNING(S),  0 ERROR(S)
