C51 COMPILER V7.06   MAIN                                                                  08/05/2011 21:04:38 PAGE 1   


C51 COMPILER V7.06, COMPILATION OF MODULE MAIN
OBJECT MODULE PLACED IN main.OBJ
COMPILER INVOKED BY: C:\Keil\C51\BIN\C51.EXE main.c LARGE BROWSE DEBUG OBJECTEXTEND SRC(.\main.SRC)

stmt level    source

   1          #include <reg51.h>
   2          #include "LCD.H"
   3          #include "COMMON.H"
   4          #include "Keydata.h"
*** WARNING C318 IN LINE 4 OF main.c: can't open file 'Keydata.h'
   5          
   6          void board_init(void)
   7          {
   8   1              initialise_LCD();
   9   1      }
  10          
  11          void main(void)
  12          {
  13   1      
  14   1              unsigned char i,myChar[6][8]={{31,16,31,01,31,00,00,00},
  15   1                                                                      {14,17,17,31,17,00,00,00},
  16   1                                                                      {31,16,16,16,31,00,00,00},
  17   1                                                                      {17,17,31,17,17,00,00,00},
  18   1                                                                      {31,04,04,04,31,00,00,00},
  19   1                                                                      {17,25,21,19,17,00,00,00}};
  20   1              board_init();
  21   1              writeCommand_LCD();
  22   1              SendCommand(0x80);// select line 1 on LCD
  23   1              delay(5);
  24   1      
  25   1              writeData_LCD("**** Sachin ****",16);
  26   1                      
  27   1              SendCommand(0xC0);// select line 2 n LCD
  28   1              delay(5);
  29   1              
  30   1              writeData_LCD(" Sachin bamane",14);
  31   1              P0=0xFF;
  32   1              SendCommand(0x02);
  33   1              delay(5);
  34   1              
  35   1              while(1)
  36   1              {
  37   2      //              if(P0!=0xFF)
  38   2                      {
  39   3      //                      if(P0==0x7F)
  40   3                              {
  41   4                                      for(i=0;i<8;i++)
  42   4                                      {
  43   5                                              SendCommand(0x80 + i);// select line 1 on LCD
  44   5                                              delay(5);
  45   5                                              display_data(i);
  46   5                                              delay(5);
  47   5                                      }
  48   4                              }       
  49   3                      }
  50   2              }
  51   1      }
  52          
  53          

C51 COMPILER V7.06   MAIN                                                                  08/05/2011 21:04:38 PAGE 2   


MODULE INFORMATION:   STATIC OVERLAYABLE
   CODE SIZE        =    145    ----
   CONSTANT SIZE    =     80    ----
   XDATA SIZE       =   ----      49
   PDATA SIZE       =   ----    ----
   DATA SIZE        =   ----    ----
   IDATA SIZE       =   ----    ----
   BIT SIZE         =   ----    ----
END OF MODULE INFORMATION.


C51 COMPILATION COMPLETE.  1 WARNING(S),  0 ERROR(S)
