C51 COMPILER V7.06   TRANSMIT                                                              08/05/2011 21:04:38 PAGE 1   


C51 COMPILER V7.06, COMPILATION OF MODULE TRANSMIT
OBJECT MODULE PLACED IN .\Transmit.obj
COMPILER INVOKED BY: C:\Keil\C51\BIN\C51.EXE ..\..\SERIAL\Transmit.c LARGE BROWSE DEBUG OBJECTEXTEND PRINT(.\Transmit.ls
                    -t) OBJECT(.\Transmit.obj)

stmt level    source

   1          #include<reg51.h>
   2          #include <stdio.h>
   3          #include <intrins.h>
   4          #include "Keydata.h"
*** WARNING C318 IN LINE 4 OF ..\..\SERIAL\Transmit.c: can't open file 'Keydata.h'
   5          #include "I2CDATA.H"
*** WARNING C318 IN LINE 5 OF ..\..\SERIAL\Transmit.c: can't open file 'I2CDATA.H'
   6          unsigned char data_temp,  serial_flag;
   7          
   8          
   9          /******************************************************************************
  10          
  11            *  Function        :  initialise().                                                                     
             -            
  12                                                                                                                                                                          
  13            *  Purpose         : Initialises ports, port pins of display, flags and enable 
  14                                                          interrupt for serial port required in the program.
  15                                        
  16            * Parameters       : None.    
  17            
  18            * Globals Used     : None.
  19                            
  20            * Return           : None.
  21                                          
  22          *******************************************************************************/
  23          
  24          void initilise_rs232()
  25          {
  26   1              TR1 = 0;
  27   1              ES = 0;
  28   1              EA = 0;
  29   1              SCON  = 0x50;                   /* SCON: mode 1, 8-bit UART, enable rcvr */
  30   1              TMOD = 0x20;               /* TMOD: timer 1, mode 2, 8-bit reload */
  31   1              TH1   = 253;                /* TH1:  reload value for 9600 baud @ 11.059 MHz */
  32   1              TR1   = 1;                  /* TR1:  timer 1 run */
  33   1      
  34   1              EA = 1;
  35   1              ES = 1;
  36   1              RI = 0;
  37   1              TI = 0;
  38   1              serial_flag = 0;
  39   1      
  40   1      }
  41          
  42          /******************************************************************************
  43          
  44            *  Function        : serial_intr(void) interrupt 4                                                      
             -                        
  45                                                                                                                                                                          
  46            *  Purpose         : ISR routine for serial interrupt.
  47                                        
  48            * Parameters       : None.    
  49            
  50            * Globals Used     : None.
C51 COMPILER V7.06   TRANSMIT                                                              08/05/2011 21:04:38 PAGE 2   

  51                            
  52            * Return           : None.
  53                                          
  54          *******************************************************************************/
  55          
  56          
  57          void serial_intr(void) interrupt 4
  58          {
  59   1              if(RI)
  60   1              {
  61   2                      RI = 0;
  62   2                      serial_flag = 1;
  63   2                      data_temp = SBUF;
  64   2              }
  65   1              else if (TI)
  66   1              {
  67   2                      TI = 0;
  68   2              }
  69   1      }
  70          
  71          /******************************************************************************
  72          
  73            *  Function        : transmit_data()                                                                    
             -        
  74                                                                                                                                                                          
  75            *  Purpose         : Send message "You have pressed " on terminal first through
  76                                                     serial port and then send the data available in temp. 
  77                                                     variable thr. serial port Next time data will be displayed
  78                                                     on next line.
  79                                        
  80            * Parameters       : None.    
  81            
  82            * Globals Used     : None.
  83                            
  84            * Return           : None.
  85                                          
  86          *******************************************************************************/
  87          
  88          void printstr(unsigned char * mstr)
  89          {
  90   1              while(*mstr != '\0')
  91   1              {
  92   2                      SBUF = *mstr;
  93   2                      mstr++;
  94   2                      while(!TI);
  95   2                      TI = 0;
  96   2              }
  97   1      }
  98          
  99          void print(unsigned char ch)
 100          {
 101   1              SBUF = ch;
 102   1              while(!TI);
 103   1              TI = 0;
 104   1      }
 105          
 106          void transmit_data()
 107          {
 108   1              char name[] = "You have pressed ";
 109   1      
 110   1              ES = 0;
 111   1              TI=0;
C51 COMPILER V7.06   TRANSMIT                                                              08/05/2011 21:04:38 PAGE 3   

 112   1              
 113   1      //      LED = 0;
 114   1              printstr(name);
 115   1      
 116   1              SBUF = data_temp;
 117   1              while(!TI);
 118   1              TI = 0;
 119   1      
 120   1              SBUF = 0x0D;                            // clear display of terminal.
 121   1              while(!TI);
 122   1              TI = 0;
 123   1      
 124   1              SBUF = 0x0A;                            // Puts cursor of terminal on next line.
 125   1              while(!TI);
 126   1              TI = 0;
 127   1              ES = 1;
 128   1      //      LED = 1;
 129   1      }


MODULE INFORMATION:   STATIC OVERLAYABLE
   CODE SIZE        =    158    ----
   CONSTANT SIZE    =     18    ----
   XDATA SIZE       =      2      18
   PDATA SIZE       =   ----    ----
   DATA SIZE        =   ----    ----
   IDATA SIZE       =   ----    ----
   BIT SIZE         =   ----    ----
END OF MODULE INFORMATION.


C51 COMPILATION COMPLETE.  2 WARNING(S),  0 ERROR(S)
