C51 COMPILER V7.06   LED                                                                   08/01/2011 20:23:29 PAGE 1   


C51 COMPILER V7.06, COMPILATION OF MODULE LED
OBJECT MODULE PLACED IN LED.OBJ
COMPILER INVOKED BY: C:\Keil\C51\BIN\C51.EXE LED.c BROWSE DEBUG OBJECTEXTEND

stmt level    source

   1          #include <reg51.h>
   2          
   3          unsigned char lookup(char x);
   4          #define DISP_PORT P0
   5          #define CNTRL_PORT P1
   6          
   7          void SelectSegment(unsigned int);
   8          void Delay(void);
   9          unsigned char ARY[] = {"1234"};
  10          void main()
  11          {
  12   1              unsigned int n = 0;
  13   1              while(1)
  14   1              {
  15   2                      DISP_PORT = 0xFF;
  16   2                      SelectSegment(n);
  17   2                      DISP_PORT = lookup(ARY[n]);
  18   2                      n = (++n) % 4;
  19   2                      Delay();
  20   2              }
  21   1      }
  22          
  23          void Delay(void)
  24          {
  25   1              unsigned int i;
  26   1              for(i=0;i<20;i++);
  27   1      //      for(i=0;i<20000;i++);
  28   1      //      for(i=0;i<20000;i++);
  29   1      //      for(i=0;i<20000;i++);
  30   1      }
  31          
  32          void SelectSegment(unsigned int x)
  33          {
  34   1              CNTRL_PORT = ~(1<<x);
  35   1      }
  36                  
  37          unsigned char lookup(char x)
  38          {
  39   1              unsigned char mDATA;
  40   1              switch(x)
  41   1              {
  42   2                      case '0' : mDATA=~0x3f; break;
  43   2                      case '1' : mDATA=~0x06; break;
  44   2                      case '2' : mDATA=~0x5b; break;
  45   2                      case '3' : mDATA=~0x4f; break;
  46   2                      case '4' : mDATA=~0x66; break;
  47   2                      case '5' : mDATA=~0x6d; break;
  48   2                      case '6' : mDATA=~0x7d; break;
  49   2                      case '7' : mDATA=~0x07; break;
  50   2                      case '8' : mDATA=~0x7f; break;
  51   2                      case '9' : mDATA=~0x67; break;
  52   2                      default : mDATA=0x00;
  53   2              }
  54   1              return mDATA;
  55   1      }
C51 COMPILER V7.06   LED                                                                   08/01/2011 20:23:29 PAGE 2   

  56          
  57                  
  58          


MODULE INFORMATION:   STATIC OVERLAYABLE
   CODE SIZE        =    174    ----
   CONSTANT SIZE    =   ----    ----
   XDATA SIZE       =   ----    ----
   PDATA SIZE       =   ----    ----
   DATA SIZE        =      5       2
   IDATA SIZE       =   ----    ----
   BIT SIZE         =   ----    ----
END OF MODULE INFORMATION.


C51 COMPILATION COMPLETE.  0 WARNING(S),  0 ERROR(S)
