C51 COMPILER V7.20   BADCODE                                                               09/01/2006 15:55:03 PAGE 1   


C51 COMPILER V7.20, COMPILATION OF MODULE BADCODE
OBJECT MODULE PLACED IN Badcode.OBJ
COMPILER INVOKED BY: C:\Keil\C51\BIN\C51.EXE Badcode.c HOLD(128,0,0) OPTIMIZE(6,SPEED) DEBUG OBJECTEXTEND

line level    source

   1          /*------------------------------------------------------------------------------
   2          BADCODE.C
   3          
   4          Copyright 1995-1999 Keil Software, Inc.
   5          
   6          This source file is full of errors.  You can use ÊVision/51 to compile and
   7          correct errors in this file.
   8          ------------------------------------------------------------------------------*/
   9          
  10          #include <stdio.h>
  11          
  12          void main (void)
  13          {
  14   1      unsigned i;
  15   1      long fellow;
  16   1      
  17   1      fellow =0;
  18   1      
  19   1      for (i = 0; i < 10; i++)
  20   1        {
  21   2        printf ("I is %u\n", i);
  22   2      
  23   2        fellow += i;
  24   2        printf ("Fellow = %ld\n", fellow);
  25   2        printf ("End of loop\n");
  26   2        }
  27   1      }
  28          
  29          


MODULE INFORMATION:   STATIC OVERLAYABLE
   CODE SIZE        =    100    ----
   CONSTANT SIZE    =     36    ----
   XDATA SIZE       =   ----    ----
   PDATA SIZE       =   ----    ----
   DATA SIZE        =   ----       6
   IDATA SIZE       =   ----    ----
   BIT SIZE         =   ----    ----
END OF MODULE INFORMATION.


C51 COMPILATION COMPLETE.  0 WARNING(S),  0 ERROR(S)
