C51 COMPILER V7.06   I2C                                                                   07/29/2011 00:23:48 PAGE 1   


C51 COMPILER V7.06, COMPILATION OF MODULE I2C
OBJECT MODULE PLACED IN I2C.OBJ
COMPILER INVOKED BY: C:\Keil\C51\BIN\C51.EXE I2C.C BROWSE DEBUG OBJECTEXTEND

stmt level    source

   1          #include <stdio.h>
   2          #include <reg51.h>
   3          #include <intrins.h>
   4          
   5          bit HIGH = 1;
   6          bit LOW = 0;
   7          //const long XTAL =11059200;
   8          
   9          sbit SDA = P1^0;
  10          sbit SCL = P1^1;
  11          
  12          void I2C_initialise(void)
  13          {
  14   1              SCL = HIGH;
  15   1              SDA = HIGH;
  16   1      }
  17          
  18          void I2C_Start(void)
  19          {
  20   1              SCL = LOW;
  21   1              SDA = HIGH;
  22   1              SCL = HIGH;
  23   1              SDA = LOW;
  24   1      }
  25          
  26          void I2C_Stop(void)
  27          {
  28   1              SCL = LOW;
  29   1              SDA = LOW;
  30   1              SCL = HIGH;
  31   1              SDA = HIGH;
  32   1      }
  33          unsigned char Read_Data(void)
  34          {
  35   1              unsigned int i;
  36   1              unsigned char readbyte;
  37   1              for(i=0;i<8;i++)
  38   1              {
  39   2                      readbyte = readbyte << 1;
  40   2      
  41   2                      SCL = LOW;
  42   2                      SCL = HIGH;
  43   2                      if(SDA == 1)
  44   2                              readbyte = readbyte | 0x01;
  45   2                      else if(SDA == 0)
  46   2                              readbyte = readbyte | 0x00;
  47   2              }
  48   1              SCL = LOW;
  49   1              return(readbyte);
  50   1      }
  51          
  52          void send_Data(unsigned char mData)
  53          {
  54   1              unsigned short int x;
  55   1              bit sendBit;
C51 COMPILER V7.06   I2C                                                                   07/29/2011 00:23:48 PAGE 2   

  56   1              unsigned char MASK = 0x80;
  57   1              for(x=0;x<8;x++)
  58   1              {
  59   2                      sendBit = mData & MASK;
  60   2                      MASK >>= 1;
  61   2      
  62   2                      SCL = LOW;
  63   2                      SDA = sendBit;
  64   2                      SCL = HIGH;
  65   2              }
  66   1              SCL = LOW;
  67   1              SDA = LOW;
  68   1      }
  69          
  70          void send_Device_Address(unsigned char address)
  71          {
  72   1              send_Data(address);
  73   1      }
  74          
  75          void send_Word_Address(unsigned char address)
  76          {
  77   1              send_Data(address);
  78   1      }
  79          
  80          void device_ACK(void)
  81          {
  82   1              SCL = LOW;
  83   1              SDA = HIGH;
  84   1              SCL = HIGH;
  85   1      }
  86          
  87          void Master_ACK(void)
  88          {
  89   1              SCL = LOW;
  90   1              SDA = LOW;
  91   1              SCL = HIGH;
  92   1              SCL = LOW;
  93   1      }
  94          
  95          void set_Current_Address(unsigned char Device_Address,unsigned char byte1_Word_Address,unsigned char byte2
             -_Word_Address)
  96          {
  97   1              I2C_Start();    
  98   1                      send_Device_Address(Device_Address); // write mode
  99   1                      device_ACK();
 100   1              
 101   1                      send_Word_Address(byte1_Word_Address); // first byte of word address
 102   1                      device_ACK();
 103   1              
 104   1                      send_Word_Address(byte2_Word_Address); // second byte of word address
 105   1                      device_ACK();
 106   1              I2C_Stop();     
 107   1      }
 108          
 109          


MODULE INFORMATION:   STATIC OVERLAYABLE
   CODE SIZE        =    197    ----
   CONSTANT SIZE    =   ----    ----
   XDATA SIZE       =   ----    ----
   PDATA SIZE       =   ----    ----
C51 COMPILER V7.06   I2C                                                                   07/29/2011 00:23:48 PAGE 3   

   DATA SIZE        =   ----    ----
   IDATA SIZE       =   ----    ----
   BIT SIZE         =      2       1
END OF MODULE INFORMATION.


C51 COMPILATION COMPLETE.  0 WARNING(S),  0 ERROR(S)
