C51 COMPILER V9.05   LCD_DISPLAY_SHIFT                                                     11/28/2017 15:24:10 PAGE 1   


C51 COMPILER V9.05, COMPILATION OF MODULE LCD_DISPLAY_SHIFT
OBJECT MODULE PLACED IN LCD_Display_Shift.OBJ
COMPILER INVOKED BY: C:\Keil_v5\C51\BIN\C51.EXE LCD_Display_Shift.c OPTIMIZE(8,SPEED) BROWSE DEBUG OBJECTEXTEND TABS(2)

line level    source

   1          // New
   2          #include<reg51.h>
   3          sbit RS=P3^2;
   4          sbit EN=P3^3;
   5          void Initialize();
   6          //void Display_Data(unsigned char mdata[], unsigned int count);
   7          void Send_Command(unsigned char comd);
   8          void Clear_LCD();
   9          void Delay(unsigned int);
  10          void Initialize()
  11          {
  12   1        Send_Command(0x38);
  13   1        Delay(50);
  14   1        Send_Command(0x0C);
  15   1        Delay(50);
  16   1        Send_Command(0x1C);
  17   1        Delay(50);
  18   1        Clear_LCD();
  19   1        Delay(50);
  20   1      }
  21          
  22          void Send_Command(unsigned char comd)
  23          {
  24   1        RS=0;
  25   1        EN=1;
  26   1        P1=comd;
  27   1        Delay(50);
  28   1        EN=0;
  29   1      }
  30          
  31          void Delay(unsigned int value)
  32          {
  33   1        unsigned int u,v;
  34   1        for(u=0;u<value;u++)
  35   1          for(v=0;v<100;v++);
  36   1      }
  37          
  38          void Display_Data(unsigned char mdata[], unsigned int count)
  39          {
  40   1        unsigned char x;
  41   1        for(x=0;x<count;x++)
  42   1        {
  43   2          RS=1;
  44   2          EN=1;
  45   2          P1= mdata[x];
  46   2          Delay(100);
  47   2          EN=0;
  48   2          Send_Command(0x18);  // To shift display from Right to Left
  49   2          Delay(50);
  50   2        }
  51   1        
  52   1      }
  53          
  54          void Clear_LCD()
  55          {
C51 COMPILER V9.05   LCD_DISPLAY_SHIFT                                                     11/28/2017 15:24:10 PAGE 2   

  56   1        Send_Command(0x01);
  57   1        Delay(5);
  58   1        Send_Command(0x02);
  59   1        Delay(5);
  60   1      }
  61          
  62          void main()
  63          {
  64   1        Initialize();
  65   1        Send_Command(0x8F);   // To start 1st letter from last matrix of 1st line of LCD
  66   1        Delay(50);
  67   1        Display_Data("**AMIT TANDEL**", 15);
  68   1        Delay(500);   
  69   1        Send_Command(0xCF);   // To start 1st letter from last matrix of 2nd line of LCD
  70   1        Delay(50);
  71   1        Display_Data("*Godrej Locks*", 14);
  72   1        Delay(500);
  73   1      
  74   1        Clear_LCD();
  75   1      
  76   1        Send_Command(0x8F);
  77   1        Delay(50);
  78   1        Display_Data("**Wishes You**", 14);
  79   1        Delay(500);   
  80   1        Send_Command(0xCF);
  81   1        Delay(50);
  82   1        Display_Data("*HappyNewYear*", 14);
  83   1        Delay(500);
  84   1      }
  85          
  86          
  87          
  88          /****************************************************************************
  89          // Original
  90          
  91          #include<reg51.h>
  92          sbit RS=P2^0;
  93          sbit RW=P2^1;
  94          sbit EN=P2^2;
  95          void Initialize();
  96          //void Display_Data(unsigned char mdata[], unsigned int count);
  97          void Send_Command(unsigned char comd);
  98          void Clear_LCD();
  99          void Delay(unsigned int);
 100          void Initialize()
 101          {
 102            P0=0xFF;
 103            P1=0xFF;
 104            P2=0xFF;
 105            Send_Command(0x38);
 106            Delay(5);
 107            Send_Command(0x0C);
 108            Delay(5);
 109            Send_Command(0x1C);
 110            Delay(5);
 111            Clear_LCD();
 112            Delay(5);
 113          }
 114          
 115          void Send_Command(unsigned char comd)
 116          {
 117            RS=0;
C51 COMPILER V9.05   LCD_DISPLAY_SHIFT                                                     11/28/2017 15:24:10 PAGE 3   

 118            RW=0;
 119            EN=1;
 120            P1=comd;
 121            Delay(5);
 122            EN=0;
 123          }
 124          
 125          void Delay(unsigned int value)
 126          {
 127            unsigned int u,v;
 128            for(u=0;u<value;u++)
 129              for(v=0;v<100;v++);
 130          }
 131          
 132          void Display_Data(unsigned char mdata[], unsigned int count)
 133          {
 134            unsigned char x;
 135            for(x=0;x<count;x++)
 136            {
 137              RS=1;
 138              EN=1;
 139              P1= mdata[x];
 140              Delay(100);
 141              EN=0;
 142              Send_Command(0x18);  // To shift display from Right to Left
 143              Delay(5);
 144            }
 145            
 146          }
 147          
 148          void Clear_LCD()
 149          {
 150            Send_Command(0x01);
 151            Delay(5);
 152            Send_Command(0x02);
 153            Delay(5);
 154          }
 155          
 156          void main()
 157          {
 158            Initialize();
 159            Send_Command(0x8F);   // To start 1st letter from last matrix of 1st line of LCD
 160            Delay(5);
 161            Display_Data("**AMIT TANDEL**", 15);
 162            Delay(50);    
 163            Send_Command(0xCF);   // To start 1st letter from last matrix of 2nd line of LCD
 164            Delay(5);
 165            Display_Data("*Godrej Locks*", 14);
 166            Delay(500);
 167          
 168            Clear_LCD();
 169          
 170            Send_Command(0x8F);
 171            Delay(5);
 172            Display_Data("**Wishes You**", 14);
 173            Delay(50);    
 174            Send_Command(0xCF);
 175            Delay(5);
 176            Display_Data("*HappyNewYear*", 14);
 177            Delay(500);      
 178          }
 179          ****************************************************************************/
C51 COMPILER V9.05   LCD_DISPLAY_SHIFT                                                     11/28/2017 15:24:10 PAGE 4   



MODULE INFORMATION:   STATIC OVERLAYABLE
   CODE SIZE        =    271    ----
   CONSTANT SIZE    =     61    ----
   XDATA SIZE       =   ----    ----
   PDATA SIZE       =   ----    ----
   DATA SIZE        =   ----       6
   IDATA SIZE       =   ----    ----
   BIT SIZE         =   ----    ----
END OF MODULE INFORMATION.


C51 COMPILATION COMPLETE.  0 WARNING(S),  0 ERROR(S)
