C51 COMPILER V9.03   BCD2ASCII                                                             11/04/2011 11:22:17 PAGE 1   


C51 COMPILER V9.03, COMPILATION OF MODULE BCD2ASCII
OBJECT MODULE PLACED IN BCD2ASCII.OBJ
COMPILER INVOKED BY: C:\Keil\C51\BIN\C51.EXE BCD2ASCII.c BROWSE DEBUG OBJECTEXTEND

line level    source

   1          #include<reg51.h>
   2          void main()
   3          {
   4   1              unsigned char x,y;
   5   1              unsigned char number = 0x33;
   6   1              x= number & 0xFF;                               // masking of lower 4 bits
   7   1              y= number & 0xF0;                               // masking of higher 4 bits
   8   1              P1 = x | 0x30;
   9   1              y = y>>4;
  10   1              P2 = y | 0x30; 
  11   1      }


MODULE INFORMATION:   STATIC OVERLAYABLE
   CODE SIZE        =     21    ----
   CONSTANT SIZE    =   ----    ----
   XDATA SIZE       =   ----    ----
   PDATA SIZE       =   ----    ----
   DATA SIZE        =   ----    ----
   IDATA SIZE       =   ----    ----
   BIT SIZE         =   ----    ----
END OF MODULE INFORMATION.


C51 COMPILATION COMPLETE.  0 WARNING(S),  0 ERROR(S)
