C51 COMPILER V9.03   PORT_TOGGLE                                                           11/01/2011 12:04:14 PAGE 1   


C51 COMPILER V9.03, COMPILATION OF MODULE PORT_TOGGLE
OBJECT MODULE PLACED IN port_toggle.OBJ
COMPILER INVOKED BY: C:\Keil\C51\BIN\C51.EXE port_toggle.c BROWSE DEBUG OBJECTEXTEND

line level    source

   1          #include<reg51.h>
   2          void delay(void);
   3          void main(void)
   4          {
   5   1              while(1)
   6   1              {
   7   2                      P2=0x55;
   8   2                      delay();
   9   2                      P2=0xAA;
  10   2                      delay();
  11   2              }
  12   1      }
  13          
  14          void delay()
  15          {
  16   1              TMOD=0x01;
  17   1              TL0=0x10;
  18   1              TH0=0x00;
  19   1              TR0=1;                          // turn ON timer
  20   1              while(TF0==0);      // check ststus of overflow flag
  21   1              TR0=0;
  22   1              TF0=0;
  23   1      }


MODULE INFORMATION:   STATIC OVERLAYABLE
   CODE SIZE        =     33    ----
   CONSTANT SIZE    =   ----    ----
   XDATA SIZE       =   ----    ----
   PDATA SIZE       =   ----    ----
   DATA SIZE        =   ----    ----
   IDATA SIZE       =   ----    ----
   BIT SIZE         =   ----    ----
END OF MODULE INFORMATION.


C51 COMPILATION COMPLETE.  0 WARNING(S),  0 ERROR(S)
