C51 COMPILER V7.20   MAIN                                                                  09/01/2006 16:49:08 PAGE 1   


C51 COMPILER V7.20, COMPILATION OF MODULE MAIN
OBJECT MODULE PLACED IN MAIN.OBJ
COMPILER INVOKED BY: C:\Keil\C51\BIN\C51.EXE MAIN.C OMF2 OPTIMIZE(9,SPEED) BROWSE VARBANKING DEBUG CODE

line level    source

   1          #include <REG320.H>                      // SFR definition header file
   2          #include <stdio.h>                       // prototype declarations for I/O functions
   3          
   4          #include "text.h"                        // definitions for the text strings
   5          
   6          #ifdef MONITOR51                         // Debugging with Monitor-51 needs
              char code reserve [3] _at_ 0x23;         // space for serial interrupt if
              #endif                                   // Stop Exection with Serial Intr.
   9          
  10          
  11          unsigned char language;                  // this variable selects the language
  12          
  13          void PrintText (char **text)  {
  14   1        printf ("Language %bd: Text String \"%s\"\n", language, text[language]);
  15   1      }
  16          
  17            
  18          
  19          void main (void) {
  20   1      /*------------------------------------------------
  21   1      Setup the serial port for 1200 baud at 16MHz.
  22   1      ------------------------------------------------*/
  23   1      #ifndef MONITOR51
  24   1        SCON0 = 0x50;               // SCON: mode 1, 8-bit UART, enable rcvr
  25   1        TMOD |= 0x20;               // TMOD: timer 1, mode 2, 8-bit reload
  26   1        TH1   = 221;                // TH1:  reload value for 1200 baud @ 16MHz
  27   1        TR1   = 1;                  // TR1:  timer 1 run
  28   1        TI    = 1;                  // TI:   set TI to send first char of UART
  29   1      #endif
  30   1      
  31   1        for (language = 0; language < NO_LANG; language++)  {
  32   2          PrintText (&text0);
  33   2          PrintText (&text1);
  34   2          PrintText (&text2);
  35   2          PrintText (&text3);
  36   2        }
  37   1        while (1);
  38   1      }
  39          
  40          
C51 COMPILER V7.20   MAIN                                                                  09/01/2006 16:49:08 PAGE 2   

ASSEMBLY LISTING OF GENERATED OBJECT CODE


             ; FUNCTION _PrintText (BEGIN)
                                           ; SOURCE LINE # 13
0000 8B00        R     MOV     text,R3
0002 8A00        R     MOV     text+01H,R2
0004 8900        R     MOV     text+02H,R1
                                           ; SOURCE LINE # 14
0006 850000      E     MOV     ?_printf?BYTE+03H,language
0009 75F003            MOV     B,#03H
000C E500        R     MOV     A,language
000E A4                MUL     AB
000F 29                ADD     A,R1
0010 F9                MOV     R1,A
0011 EA                MOV     A,R2
0012 35F0              ADDC    A,B
0014 FA                MOV     R2,A
0015 120000      E     LCALL   ?C?PLDPTR
0018 8B00        E     MOV     ?_printf?BYTE+04H,R3
001A 8A00        E     MOV     ?_printf?BYTE+05H,R2
001C 8900        E     MOV     ?_printf?BYTE+06H,R1
001E 7BFF              MOV     R3,#0FFH
0020 7A00        R     MOV     R2,#HIGH ?SC_0
0022 7900        R     MOV     R1,#LOW ?SC_0
0024 020000      E     LJMP    _printf
             ; FUNCTION _PrintText (END)

             ; FUNCTION main (BEGIN)
                                           ; SOURCE LINE # 19
                                           ; SOURCE LINE # 24
0000 759850            MOV     SCON0,#050H
                                           ; SOURCE LINE # 25
0003 438920            ORL     TMOD,#020H
                                           ; SOURCE LINE # 26
0006 758DDD            MOV     TH1,#0DDH
                                           ; SOURCE LINE # 27
0009 D28E              SETB    TR1
                                           ; SOURCE LINE # 28
000B D299              SETB    TI
                                           ; SOURCE LINE # 31
000D E4                CLR     A
000E F500        R     MOV     language,A
0010         ?C0002:
                                           ; SOURCE LINE # 32
0010 7B00        E     MOV     R3,#MBYTE text0
0012 7A00        E     MOV     R2,#HIGH text0
0014 7900        E     MOV     R1,#LOW text0
0016 120000      R     LCALL   _PrintText
                                           ; SOURCE LINE # 33
0019 7B00        E     MOV     R3,#MBYTE text1
001B 7A00        E     MOV     R2,#HIGH text1
001D 7900        E     MOV     R1,#LOW text1
001F 120000      R     LCALL   _PrintText
                                           ; SOURCE LINE # 34
0022 7BFF              MOV     R3,#0FFH
0024 7A00        E     MOV     R2,#HIGH text2
0026 7900        E     MOV     R1,#LOW text2
0028 120000      R     LCALL   _PrintText
                                           ; SOURCE LINE # 35
002B 7BFF              MOV     R3,#0FFH
002D 7A00        E     MOV     R2,#HIGH text3
C51 COMPILER V7.20   MAIN                                                                  09/01/2006 16:49:08 PAGE 3   

002F 7900        E     MOV     R1,#LOW text3
0031 120000      R     LCALL   _PrintText
                                           ; SOURCE LINE # 36
0034 0500        R     INC     language
0036 E500        R     MOV     A,language
0038 C3                CLR     C
0039 9407              SUBB    A,#07H
003B 40D3              JC      ?C0002
003D         ?C0005:
                                           ; SOURCE LINE # 37
003D 80FE              SJMP    ?C0005
             ; FUNCTION main (END)



MODULE INFORMATION:   STATIC OVERLAYABLE
   CODE SIZE        =    102    ----
   CONSTANT SIZE    =     32    ----
   XDATA SIZE       =   ----    ----
   PDATA SIZE       =   ----    ----
   DATA SIZE        =      1       3
   IDATA SIZE       =   ----    ----
   BIT SIZE         =   ----    ----
   EDATA SIZE       =   ----    ----
   HDATA SIZE       =   ----    ----
   XDATA CONST SIZE =   ----    ----
   FAR CONST SIZE   =   ----    ----
END OF MODULE INFORMATION.


C51 COMPILATION COMPLETE.  0 WARNING(S),  0 ERROR(S)
