C51 COMPILER V7.20   TEXTA                                                                 09/01/2006 16:49:08 PAGE 1   


C51 COMPILER V7.20, COMPILATION OF MODULE TEXTA
OBJECT MODULE PLACED IN TextA.OBJ
COMPILER INVOKED BY: C:\Keil\C51\BIN\C51.EXE TextA.c OMF2 OPTIMIZE(9,SPEED) BROWSE VARBANKING DEBUG CODE

line level    source

   1          #pragma STRING (far)   // locate string constants into 'far const' memory
   2          
   3          #include "text.h"      // definitions for the text strings
   4          
   5          /*
   6           * The following pointer array contains Text0 in different languages
   7           */
   8          
   9          char * const far text0 [] = {
  10            "This is Text #0 in Language A",
  11            "This is Text #0 in Language B",
  12            "This is Text #0 in Language C",
  13            "This is Text #0 in Language D",
  14            "This is Text #0 in Language E",
  15            "This is Text #0 in Language F",
  16            "This is Text #0 in Language G",
  17          };
  18          
  19          /*
  20           * The following pointer array contains Text1 in different languages
  21           */
  22          
  23          char * const far text1 [] = {
  24            "This is Text #1 in Language A",
  25            "This is Text #1 in Language B",
  26            "This is Text #1 in Language C",
  27            "This is Text #1 in Language D",
  28            "This is Text #1 in Language E",
  29            "This is Text #1 in Language F",
  30            "This is Text #1 in Language G",
  31          };
  32          
C51 COMPILER V7.20   TEXTA                                                                 09/01/2006 16:49:08 PAGE 2   

ASSEMBLY LISTING OF GENERATED OBJECT CODE




MODULE INFORMATION:   STATIC OVERLAYABLE
   CODE SIZE        =   ----    ----
   CONSTANT SIZE    =    420    ----
   XDATA SIZE       =   ----    ----
   PDATA SIZE       =   ----    ----
   DATA SIZE        =   ----    ----
   IDATA SIZE       =   ----    ----
   BIT SIZE         =   ----    ----
   EDATA SIZE       =   ----    ----
   HDATA SIZE       =   ----    ----
   XDATA CONST SIZE =   ----    ----
   FAR CONST SIZE   =    462    ----
END OF MODULE INFORMATION.


C51 COMPILATION COMPLETE.  0 WARNING(S),  0 ERROR(S)
