C51 COMPILER V9.05   LCD_DISPLAY1                                                          11/28/2017 16:02:38 PAGE 1   


C51 COMPILER V9.05, COMPILATION OF MODULE LCD_DISPLAY1
OBJECT MODULE PLACED IN LCD_Display1.OBJ
COMPILER INVOKED BY: C:\Keil_v5\C51\BIN\C51.EXE LCD_Display1.c OPTIMIZE(8,SPEED) BROWSE DEBUG OBJECTEXTEND TABS(2)

line level    source

   1          // New
   2          
   3          #include<reg51.h>
   4          
   5          sbit RS=P3^2;
   6          sbit EN=P3^3;
   7          
   8          #define LCD_PORT                P1
   9          #define LCD_CursorHome1stLine   Send_Command(0x80)
  10          #define LCD_CursorHome2ndLine   Send_Command(0xC0)
  11          #define LCD_Blink               Send_Command(0x0E)
  12          
  13          
  14          void Initialize();
  15          void Display_Data(unsigned char mdata[], unsigned int count);
  16          void Send_Command(unsigned char );
  17          void Clear_LCD();
  18          void Delay(unsigned int);
  19          void Display_Char(unsigned char);
  20          
  21          void Initialize()
  22          {
  23   1        P0=0x00;    // P0 as O/P port
  24   1        P1=0x00;    // P1 as O/P port
  25   1        P2=0xFF;    // P2 as i/p port
  26   1        P3=0x00;    // P3 as O/P port
  27   1        
  28   1        Send_Command(0x38); // LCD as 2 Line, 5x7 Matrix
  29   1        Delay(5);
  30   1        Send_Command(0x0C); // Display ON, Cursor Blinking
  31   1        Delay(5);
  32   1        Clear_LCD();
  33   1        Delay(5);
  34   1      }
  35          
  36          void Send_Command(unsigned char comd)
  37          {
  38   1        RS=0;
  39   1        EN=1;
  40   1        P1=comd;
  41   1        Delay(5);
  42   1        EN=0;
  43   1      }
  44          
  45          void Delay(unsigned int value)
  46          {
  47   1        unsigned int u,v;
  48   1        for(u=0;u<value;u++)
  49   1          for(v=0;v<100;v++);
  50   1      }
  51          
  52          void Display_Data(unsigned char mdata[], unsigned int count)
  53          {
  54   1        unsigned char x;
  55   1        for(x=0;x<count;x++)
C51 COMPILER V9.05   LCD_DISPLAY1                                                          11/28/2017 16:02:38 PAGE 2   

  56   1        {
  57   2          RS=1;
  58   2          EN=1;
  59   2          P1= mdata[x];
  60   2          Delay(100);
  61   2          EN=0;
  62   2        }
  63   1      }
  64          
  65          void Display_Char(unsigned char c)
  66          {
  67   1        RS=1;
  68   1        EN=1;
  69   1        P1 = c;
  70   1        Delay(100);
  71   1        EN=0;
  72   1      }
  73          
  74          void Clear_LCD()
  75          {
  76   1        Send_Command(0x01);
  77   1        Delay(5);
  78   1        Send_Command(0x02);
  79   1        Delay(5);
  80   1      }
  81          
  82          void main()
  83          {
  84   1        Initialize();
  85   1        Send_Command(0x80);
  86   1        Delay(5);
  87   1        Display_Char('A');
  88   1        Delay(50);
  89   1        
  90   1        Send_Command(0xCE);
  91   1        Delay(5);
  92   1        Display_Char('A');
  93   1        Delay(50);
  94   1        while(1);
  95   1      }
  96          
  97          
  98          
  99          
 100          /*********************************************************************************
 101          // Original
 102          
 103          #include<reg51.h>
 104          sbit RS=P2^0;
 105          sbit RW=P2^1;
 106          sbit EN=P2^2;
 107          void Initialize();
 108          //void Display_Data(unsigned char mdata[], unsigned int count);
 109          void Send_Command(unsigned char comd);
 110          void Clear_LCD();
 111          void Delay(unsigned int);
 112          void Initialize()
 113          {
 114            P0=0xFF;
 115            P1=0xFF;
 116            P2=0xFF;
 117            Send_Command(0x38);
C51 COMPILER V9.05   LCD_DISPLAY1                                                          11/28/2017 16:02:38 PAGE 3   

 118            Delay(5);
 119            Send_Command(0x0C);
 120            Delay(5);
 121            Clear_LCD();
 122            Delay(5);
 123          }
 124          
 125          void Send_Command(unsigned char comd)
 126          {
 127            RS=0;
 128            RW=0;
 129            EN=1;
 130            P1=comd;
 131            Delay(5);
 132            EN=0;
 133          }
 134          
 135          void Delay(unsigned int value)
 136          {
 137            unsigned int u,v;
 138            for(u=0;u<value;u++)
 139              for(v=0;v<100;v++);
 140          }
 141          
 142          void Display_Data(unsigned char mdata[], unsigned int count)
 143          {
 144            unsigned char x;
 145            for(x=0;x<count;x++)
 146            {
 147              RS=1;
 148              EN=1;
 149              P1= mdata[x];
 150              Delay(100);
 151              EN=0;
 152            }
 153            
 154          }
 155          
 156          void Clear_LCD()
 157          {
 158            Send_Command(0x01);
 159            Delay(5);
 160            Send_Command(0x02);
 161            Delay(5);
 162          }
 163          
 164          void main()
 165          {
 166            Initialize();
 167            Send_Command(0x80);
 168            Delay(5);
 169            Display_Data("**AMIT TANDEL**", 15);
 170            Delay(50);    
 171            Send_Command(0xC0);
 172            Delay(5);
 173            Display_Data("*Godrej Locks*", 14);
 174            Delay(500);
 175          
 176            Clear_LCD();
 177          
 178            Send_Command(0x80);
 179            Delay(5);
C51 COMPILER V9.05   LCD_DISPLAY1                                                          11/28/2017 16:02:38 PAGE 4   

 180            Display_Data("**Wishes You**", 14);
 181            Delay(50);    
 182            Send_Command(0xC0);
 183            Delay(5);
 184            Display_Data("*HappyNewYear*", 14);
 185            Delay(500);
 186                 
 187          }
 188          *********************************************************************************/


MODULE INFORMATION:   STATIC OVERLAYABLE
   CODE SIZE        =    223    ----
   CONSTANT SIZE    =   ----    ----
   XDATA SIZE       =   ----    ----
   PDATA SIZE       =   ----    ----
   DATA SIZE        =   ----       6
   IDATA SIZE       =   ----    ----
   BIT SIZE         =   ----    ----
END OF MODULE INFORMATION.


C51 COMPILATION COMPLETE.  0 WARNING(S),  0 ERROR(S)
