C51 COMPILER V9.03   LEFTSHIFT                                                             10/07/2011 17:17:52 PAGE 1   


C51 COMPILER V9.03, COMPILATION OF MODULE LEFTSHIFT
OBJECT MODULE PLACED IN LeftShift.OBJ
COMPILER INVOKED BY: C:\Keil\C51\BIN\C51.EXE LeftShift.c BROWSE DEBUG OBJECTEXTEND

line level    source

   1          #include<reg51.h>
   2          void main()
   3          {
   4   1              unsigned int i;
   5   1              P1=0x01;
   6   1              while(1)
   7   1              {
   8   2                      P1=P1<<1;
   9   2                      if(P1==0x80)
  10   2                      {
  11   3                              for(i=0;i<35000;i++);
  12   3                              P1=0x01;
  13   3                      }
  14   2                      
  15   2              }
  16   1      }


MODULE INFORMATION:   STATIC OVERLAYABLE
   CODE SIZE        =     44    ----
   CONSTANT SIZE    =   ----    ----
   XDATA SIZE       =   ----    ----
   PDATA SIZE       =   ----    ----
   DATA SIZE        =   ----    ----
   IDATA SIZE       =   ----    ----
   BIT SIZE         =   ----    ----
END OF MODULE INFORMATION.


C51 COMPILATION COMPLETE.  0 WARNING(S),  0 ERROR(S)
