C51 COMPILER V7.06   I2C                                                                   08/02/2011 16:19:36 PAGE 1   


C51 COMPILER V7.06, COMPILATION OF MODULE I2C
OBJECT MODULE PLACED IN I2C.OBJ
COMPILER INVOKED BY: C:\Keil\C51\BIN\C51.EXE I2C.C BROWSE DEBUG OBJECTEXTEND

stmt level    source

   1          #include <reg51.h>
   2          #include <intrins.h>
   3          
   4          #define HIGH 1
   5          #define LOW  0
   6          
   7          sbit SDA        = P1^0;
   8          sbit SCL        = P1^1;
   9          
  10          //sbit WP       = P1^2;
  11          /*
  12          void I2C_Reset(void)
  13          {
  14                  unsigned int j = 0,i = 0;
  15                  while(1)
  16                  {
  17                          for(j=0;j<9;j++)
  18                          {
  19                                  SCL = LOW;
  20                                  SCL = HIGH;
  21                                  if(SDA==HIGH)
  22                                          i++;
  23                          }
  24                          if(i<9)// memory not Resetted
  25                                  break;
  26                  }
  27                          
  28                          
  29          }
  30          */
  31          
  32          void I2C_initialise(void)
  33          {
  34   1      //      WP      = 0x00;
  35   1              SCL = HIGH;
  36   1              SDA = HIGH;
  37   1      }
  38          
  39          void I2C_Start(void)
  40          {
  41   1      //      WP      = 0x00;
  42   1              SCL = LOW;
  43   1              SDA = HIGH;
  44   1              SCL = HIGH;
  45   1              SDA = LOW;
  46   1      }
  47          
  48          void I2C_Stop(void)
  49          {
  50   1              SCL = LOW;
  51   1              SDA = LOW;
  52   1              SCL = HIGH;
  53   1              SDA = HIGH;
  54   1      //      WP      = 0x01;
  55   1      }
C51 COMPILER V7.06   I2C                                                                   08/02/2011 16:19:36 PAGE 2   

  56          
  57          unsigned char Read_Data(void)
  58          {
  59   1              unsigned int i;
  60   1              unsigned char readbyte;
  61   1              for(i=0;i<8;i++)
  62   1              {
  63   2                      readbyte = readbyte << 1;
  64   2      
  65   2                      SCL = LOW;
  66   2                      SCL = HIGH;
  67   2                      if(SDA == 1)
  68   2                              readbyte = readbyte | 0x01;
  69   2                      else if(SDA == 0)
  70   2                              readbyte = readbyte | 0x00;
  71   2              }
  72   1              SCL = LOW;
  73   1              return(readbyte);
  74   1      }
  75          
  76          void send_Data(unsigned char mData)
  77          {
  78   1              unsigned char x;
  79   1              bit sendBit;
  80   1              unsigned char MASK = 0x80;
  81   1              for(x=0;x<8;x++)
  82   1              {
  83   2                      sendBit = mData & MASK;
  84   2                      MASK >>= 1;
  85   2      
  86   2                      SCL = LOW;
  87   2                      SDA = sendBit;
  88   2                      SCL = HIGH;
  89   2              }
  90   1              SCL = LOW;
  91   1              SDA = LOW;
  92   1      }
  93          
  94          /*
  95          void send_Device_Address(unsigned char address)
  96          {
  97                  send_Data(address);
  98          }
  99          
 100          void send_Word_Address(unsigned char address)
 101          {
 102                  send_Data(address);
 103          }
 104          */
 105          
 106          void device_ACK(void)
 107          {
 108   1              SCL = LOW;
 109   1              SDA = HIGH;
 110   1              SCL = HIGH;
 111   1      //      while(SDA == HIGH);
 112   1      }
 113          
 114          /*
 115          void Master_ACK(void)
 116          {
 117                  SCL = LOW;
C51 COMPILER V7.06   I2C                                                                   08/02/2011 16:19:36 PAGE 3   

 118                  SDA = LOW;
 119                  SCL = HIGH;
 120                  SCL = LOW;
 121          }
 122          */
 123          
 124          void Master_NO_ACK(void)
 125          {
 126   1              SCL = LOW;
 127   1              SDA = HIGH;
 128   1              SCL = HIGH;
 129   1              SCL = LOW;
 130   1      }
 131          
 132          /*
 133          void set_Current_Address(unsigned char Device_Address,unsigned char byte1_Word_Address,unsigned char byte2
             -_Word_Address)
 134          {
 135                  I2C_Start();    
 136                          send_Device_Address(Device_Address); // write mode
 137                          device_ACK();
 138                  
 139                          send_Word_Address(byte1_Word_Address); // first byte of word address
 140                          device_ACK();
 141                  
 142                          send_Word_Address(byte2_Word_Address); // second byte of word address
 143                          device_ACK();
 144                  I2C_Stop();     
 145          }
 146          */


MODULE INFORMATION:   STATIC OVERLAYABLE
   CODE SIZE        =    103    ----
   CONSTANT SIZE    =   ----    ----
   XDATA SIZE       =   ----    ----
   PDATA SIZE       =   ----    ----
   DATA SIZE        =   ----    ----
   IDATA SIZE       =   ----    ----
   BIT SIZE         =   ----       1
END OF MODULE INFORMATION.


C51 COMPILATION COMPLETE.  0 WARNING(S),  0 ERROR(S)
