C51 COMPILER V7.06   I2C_EEPROM                                                            08/02/2011 16:19:36 PAGE 1   


C51 COMPILER V7.06, COMPILATION OF MODULE I2C_EEPROM
OBJECT MODULE PLACED IN I2C_EEPROM.OBJ
COMPILER INVOKED BY: C:\Keil\C51\BIN\C51.EXE I2C_EEPROM.C BROWSE DEBUG OBJECTEXTEND

stmt level    source

   1          #include <reg51.h>
   2          #include "I2C_EEPROM.H"
   3          #include "TRANSMIT.H"
   4          sbit WP = P2^0;
   5          
   6          void Board_init(void)
   7          {
   8   1              I2C_initialise();       
   9   1              initilise_rs232();
  10   1      }
  11          
  12          void main(void)
  13          {
  14   1              unsigned char i, addr=0, Dev_Add = 0xA0, ReadByte;
  15   1      
  16   1              Board_init();
  17   1      
  18   1              while(1)
  19   1              {
  20   2                      if(serial_flag)
  21   2                      {
  22   3                              serial_flag = 0;
  23   3                              if(data_temp=='q' || data_temp == 'Q')
  24   3                              {
  25   4                                      data_temp = 0;
  26   4                                      printstr("You have written : ");
  27   4                                      for(i=0; i<21; i++)
  28   4                                      {
  29   5                                              ReadByte = I2C_Read(Dev_Add, 0, i);
  30   5                                              print(ReadByte);
  31   5                                      }
  32   4                              }
  33   3                              else
  34   3                              {
  35   4                                      transmit_data();
  36   4                                      I2C_Write(data_temp, 0xA0, 0x00, addr); // (data,Dev_add,word1,word2)
  37   4                                      wait(2);
  38   4                                      addr++;
  39   4                                      if(addr > 21) 
  40   4                                              addr = 0;
  41   4                              }
  42   3                      }
  43   2              }
  44   1      }


MODULE INFORMATION:   STATIC OVERLAYABLE
   CODE SIZE        =    110    ----
   CONSTANT SIZE    =     20    ----
   XDATA SIZE       =   ----    ----
   PDATA SIZE       =   ----    ----
   DATA SIZE        =   ----       4
   IDATA SIZE       =   ----    ----
   BIT SIZE         =   ----    ----
END OF MODULE INFORMATION.

C51 COMPILER V7.06   I2C_EEPROM                                                            08/02/2011 16:19:36 PAGE 2   


C51 COMPILATION COMPLETE.  0 WARNING(S),  0 ERROR(S)
