C51 COMPILER V9.05   SERIAL                                                                11/28/2017 12:01:14 PAGE 1   


C51 COMPILER V9.05, COMPILATION OF MODULE SERIAL
OBJECT MODULE PLACED IN Serial.OBJ
COMPILER INVOKED BY: C:\Keil_v5\C51\BIN\C51.EXE Serial.c OPTIMIZE(8,SPEED) BROWSE DEBUG OBJECTEXTEND TABS(2)

line level    source

   1          
   2          // Program for serial communication
   3          
   4          #include <reg51.h>
   5          void Serial_Init()
   6          {
   7   1        TMOD=0x20;    //use Timer 1, mode 2
   8   1        TH1=0xFA;     //4800 baud rate
   9   1        SCON=0x50;
  10   1        TR1=1;      //start timer
  11   1      } 
  12          
  13          unsigned char Serial_Receive()
  14            { 
  15   1          unsigned char mybyte;
  16   1          while(RI==0);  //wait to receive
  17   1          mybyte=SBUF;  //save value to mybyte
  18   1          RI=0;
  19   1          return(mybyte);
  20   1        }


MODULE INFORMATION:   STATIC OVERLAYABLE
   CODE SIZE        =     20    ----
   CONSTANT SIZE    =   ----    ----
   XDATA SIZE       =   ----    ----
   PDATA SIZE       =   ----    ----
   DATA SIZE        =   ----    ----
   IDATA SIZE       =   ----    ----
   BIT SIZE         =   ----    ----
END OF MODULE INFORMATION.


C51 COMPILATION COMPLETE.  0 WARNING(S),  0 ERROR(S)
