C51 COMPILER V7.06   LCDD                                                                  08/05/2011 22:15:52 PAGE 1   


C51 COMPILER V7.06, COMPILATION OF MODULE LCDD
OBJECT MODULE PLACED IN LCDD.OBJ
COMPILER INVOKED BY: C:\Keil\C51\BIN\C51.EXE LCDD.c LARGE BROWSE DEBUG OBJECTEXTEND

stmt level    source

   1          #include <reg51.h>
   2          #include <intrins.h>
   3          #include <stdio.h>
   4          #include "LCD.H"
   5          
   6          bit LCD_8_BIT = 1;
   7          sbit RS = P2^6;
   8          sbit EN = P2^5;
   9          
  10          void writeData_LCD(unsigned char mdata[], unsigned int counter)
  11          {
  12   1              unsigned char tmpdata;
  13   1              unsigned int cnt;
  14   1              if(LCD_8_BIT==1)
  15   1              {       for(cnt=0;cnt < counter;cnt++)
  16   2                      {
  17   3                              display_data(mdata[cnt]);
  18   3                              delay(5);
  19   3                      }
  20   2              }
  21   1              else if(LCD_8_BIT==0)//4 bit
  22   1              {
  23   2                      for(cnt=0;cnt < counter;cnt++)
  24   2                      {       
  25   3                              tmpdata=mdata[cnt];
  26   3                              display_data(tmpdata);
  27   3                              delay(5);
  28   3                              display_data(16*(tmpdata & 0x0F));
  29   3                              delay(5);
  30   3                      }
  31   2              }
  32   1      }
  33          
  34          void display_data(unsigned char port_data)
  35          {
  36   1              RS=1;// to select DDRAM Register i.e. data register
  37   1              LCD_DATA_PORT=port_data;// put data on port
  38   1              EN=1;// to Enable the LCD processor
  39   1              _nop_();
  40   1              EN=0;// to disable the LCD processor
  41   1      }
  42          
  43          
  44          void init_LCD(void)
  45          {
  46   1              P1 = 0xFF;
  47   1              LCD_DATA_PORT = 0xFF;
  48   1              P3=0xFF;
  49   1              EN=0;
  50   1              RS= 0;
  51   1      }
  52          
  53          void delay(unsigned int val)
  54          {
  55   1              unsigned int u,v;
C51 COMPILER V7.06   LCDD                                                                  08/05/2011 22:15:52 PAGE 2   

  56   1              for(u=0;u<=val;u++)
  57   1                      for(v=0;v<=100;v++);
  58   1      }
  59          
  60          void SendCommand(unsigned char comd)
  61          {
  62   1              RS=0;  // to select Command Register
  63   1              LCD_DATA_PORT = comd;// put command on PORT2
  64   1              EN=1;// to Enable the LCD processor
  65   1              _nop_();
  66   1              EN=0;// to disable the LCD processor
  67   1      }
  68          
  69          void ClearDisplay(void)
  70          {
  71   1              SendCommand(0x01);// clear display
  72   1              delay(5);
  73   1      
  74   1              SendCommand(0x02);//send cursor to home location
  75   1              delay(5);
  76   1      }
  77          
  78          void writeCommand_LCD(void)
  79          {
  80   1              unsigned char Command;
  81   1              Command=0x38;
  82   1      
  83   1              delay(5);
  84   1              SendCommand(Command);
  85   1      
  86   1              delay(5);
  87   1              SendCommand(Command);
  88   1      
  89   1      
  90   1              delay(5);
  91   1              SendCommand(0x0C);
  92   1      
  93   1              delay(5);
  94   1              ClearDisplay();
  95   1              delay(5);
  96   1      }
  97          
  98          


MODULE INFORMATION:   STATIC OVERLAYABLE
   CODE SIZE        =    320    ----
   CONSTANT SIZE    =   ----    ----
   XDATA SIZE       =   ----       8
   PDATA SIZE       =   ----    ----
   DATA SIZE        =   ----    ----
   IDATA SIZE       =   ----    ----
   BIT SIZE         =      1    ----
END OF MODULE INFORMATION.


C51 COMPILATION COMPLETE.  0 WARNING(S),  0 ERROR(S)
