C51 COMPILER V7.06   MAIN                                                                  08/05/2011 22:15:52 PAGE 1   


C51 COMPILER V7.06, COMPILATION OF MODULE MAIN
OBJECT MODULE PLACED IN main.OBJ
COMPILER INVOKED BY: C:\Keil\C51\BIN\C51.EXE main.c LARGE BROWSE DEBUG OBJECTEXTEND

stmt level    source

   1          #include <reg51.h>
   2          #include "SEVENSEG.H"
   3          #include "TIMER0.H"
   4          #include "LCD.H"
   5          #include "TRANSMIT.H"
   6          #include "EEPROM.H"
   7          
   8          unsigned char LCD_DATA_1[][16] = {"**** Embedd ****", "                "};
   9          unsigned char LCD_DATA_2[][16] = {"**** Sachin ****", "                "};
  10          unsigned char Line1_Flag = 0, shift_counter = 0;
  11          unsigned char Serial_Cnt=0, SevenSeg_Cnt = 0;
  12          const unsigned char EEPROM_ADDR = 0xA0;
  13          
  14          void board_init(void)
  15          {
  16   1              initilise_rs232();
  17   1              init_timer0();
  18   1              init_sevenSeg();
  19   1              init_LCD();
  20   1              init_I2C();
  21   1      }
  22          
  23          void main(void)
  24          {
  25   1              int i;
  26   1              board_init();
  27   1              writeCommand_LCD();
  28   1      
  29   1              for(i=0;i<16;i++)
  30   1              {
  31   2                      LCD_DATA_2[0][i] = I2C_Read(EEPROM_ADDR, 0,i);
  32   2              }
  33   1      
  34   1              for(i=0;i<4;i++)
  35   1              {
  36   2                      val[i] = I2C_Read(EEPROM_ADDR, 0,i+16);
  37   2              }
  38   1              
  39   1              SendCommand(0x80);// select line 2 on LCD
  40   1              delay(5);
  41   1              writeData_LCD(LCD_DATA_1[0],16);
  42   1              delay(5);
  43   1              SendCommand(0xC0);// select line 1 on LCD
  44   1              delay(5);
  45   1      
  46   1              writeData_LCD(LCD_DATA_2[0],16);
  47   1              delay(5);
  48   1                      
  49   1              while(1)
  50   1              {
  51   2                      display_string();
  52   2                      if(serial_flag)
  53   2                      {
  54   3                              serial_flag = 0;
  55   3                              LCD_DATA_2[0][Serial_Cnt] = data_temp;
C51 COMPILER V7.06   MAIN                                                                  08/05/2011 22:15:52 PAGE 2   

  56   3                              I2C_Write(data_temp, EEPROM_ADDR,0, Serial_Cnt);
  57   3                              Serial_Cnt = ++Serial_Cnt % 16;
  58   3                              
  59   3                              val[SevenSeg_Cnt] = data_temp;
  60   3                              SevenSeg_Cnt = ++SevenSeg_Cnt % 4;
  61   3                              I2C_Write(data_temp, EEPROM_ADDR,0, SevenSeg_Cnt+16);
  62   3      
  63   3                              transmit_data();
  64   3                      }
  65   2      
  66   2                      if(timer0_flag == 1)
  67   2                      {
  68   3                              timer0_flag = 0;
  69   3                              tick_count = 0;
  70   3                              if (Line1_Flag)
  71   3                                      Line1_Flag = 0;
  72   3                              else
  73   3                                      Line1_Flag = 1;
  74   3      
  75   3                              SendCommand(0x80);// select line 1 on LCD
  76   3                              delay(5);
  77   3                      
  78   3                              writeData_LCD(LCD_DATA_1[Line1_Flag],16);
  79   3                              delay(5);
  80   3      
  81   3                              SendCommand(0xC0);// select line 1 on LCD
  82   3                              delay(5);
  83   3                      
  84   3                              writeData_LCD(&LCD_DATA_2[0][shift_counter],16-shift_counter);
  85   3                              delay(5);
  86   3      
  87   3                              writeData_LCD(&LCD_DATA_2[1][0],shift_counter);
  88   3                              delay(5);                                               
  89   3                              shift_counter = shift_counter++ % 16;
  90   3                      }
  91   2              }
  92   1      }
  93          


MODULE INFORMATION:   STATIC OVERLAYABLE
   CODE SIZE        =    497    ----
   CONSTANT SIZE    =   ----    ----
   XDATA SIZE       =     69       2
   PDATA SIZE       =   ----    ----
   DATA SIZE        =   ----    ----
   IDATA SIZE       =   ----    ----
   BIT SIZE         =   ----    ----
END OF MODULE INFORMATION.


C51 COMPILATION COMPLETE.  0 WARNING(S),  0 ERROR(S)
