C51 COMPILER V9.05   LCD_DISPLAY                                                           11/25/2017 10:29:47 PAGE 1   


C51 COMPILER V9.05, COMPILATION OF MODULE LCD_DISPLAY
OBJECT MODULE PLACED IN LCD_Display.OBJ
COMPILER INVOKED BY: C:\Keil_v5\C51\BIN\C51.EXE LCD_Display.c OPTIMIZE(8,SPEED) BROWSE DEBUG OBJECTEXTEND TABS(2)

line level    source

   1          
   2          #include<reg51.h>
   3          void LCD_INIT();
   4          void LCD_CLR();
   5          void LCD_WRITE();
   6          void DELAY(unsigned int);
   7          sbit RS=P3^2;
   8          sbit EN=P3^3;
   9          unsigned char a;       
  10          unsigned char DATA[]=("HAPPY DIWALI");
  11          
  12          void main()
  13          {
  14   1        LCD_INIT();
  15   1        LCD_CLR();
  16   1        LCD_WRITE();
  17   1        while(1);
  18   1      }
  19          void LCD_INIT()
  20          {
  21   1      
  22   1        RS=0;
  23   1        EN=1;
  24   1        P1=0x01;
  25   1        DELAY(10);
  26   1        EN=0;
  27   1        P1=0x38;
  28   1        EN=1;
  29   1        DELAY(10);
  30   1        EN=0;
  31   1        P1=0x0C;
  32   1        EN=1;
  33   1        DELAY(10);
  34   1        EN=0;
  35   1        P1=0x03;
  36   1        EN=1;
  37   1        DELAY(10);
  38   1        EN=0;
  39   1        DELAY(10);
  40   1        P1=0x01;
  41   1        EN=1;
  42   1        DELAY(10);
  43   1        EN=0;
  44   1        DELAY(10);
  45   1      }
  46          
  47          void LCD_CLR()
  48          {
  49   1        RS=0;
  50   1        EN=1;
  51   1        P1=0x01;  
  52   1        DELAY(10);
  53   1        EN=0;
  54   1        DELAY(10);
  55   1      }
C51 COMPILER V9.05   LCD_DISPLAY                                                           11/25/2017 10:29:47 PAGE 2   

  56          
  57          void LCD_WRITE()
  58          {
  59   1        RS=1;
  60   1        for(a=0;a<12;a++)
  61   1        {
  62   2          P1=DATA[a];
  63   2          EN=1;
  64   2          DELAY(200);
  65   2          EN=0;
  66   2        }
  67   1        DELAY(20);
  68   1      }
  69          
  70          void DELAY(unsigned int x)
  71          {
  72   1        unsigned int y,z;
  73   1        for(y=0;y<x;y++)
  74   1        {
  75   2          for(z=0;z<100;z++);
  76   2        }
  77   1      }
  78          
  79          
  80          
  81          
  82          /******************************************************************
  83          #include<reg51.h>
  84          void LCD_INIT();
  85          void LCD_CLR();
  86          void LCD_WRITE();
  87          void DELAY(unsigned int);
  88          sbit RS=P2^0;
  89          sbit RW=P2^1;
  90          sbit EN=P2^2;
  91          unsigned char a;       
  92          unsigned char DATA[]=("HAPPY DIWALI");
  93          
  94          void main()
  95          {
  96            LCD_INIT();
  97            LCD_CLR();
  98            LCD_WRITE();
  99            while(1);
 100          }
 101          void LCD_INIT()
 102          {
 103            RW=0;
 104            RS=0;
 105            EN=1;
 106            P1=0x01;
 107            DELAY(10);
 108            EN=0;
 109            P1=0x38;
 110            EN=1;
 111            DELAY(10);
 112            EN=0;
 113            P1=0x0C;
 114            EN=1;
 115            DELAY(10);
 116            EN=0;
 117            P1=0x03;
C51 COMPILER V9.05   LCD_DISPLAY                                                           11/25/2017 10:29:47 PAGE 3   

 118            EN=1;
 119            DELAY(10);
 120            EN=0;
 121            DELAY(10);
 122            P1=0x01;
 123            EN=1;
 124            DELAY(10);
 125            EN=0;
 126            DELAY(10);
 127          }
 128          
 129          void LCD_CLR()
 130          {
 131            RS=0;
 132            EN=1;
 133            P1=0x01;  
 134            DELAY(10);
 135            EN=0;
 136            DELAY(10);
 137          }
 138          
 139          void LCD_WRITE()
 140          {
 141            RS=1;
 142            for(a=0;a<12;a++)
 143            {
 144              P1=DATA[a];
 145              EN=1;
 146              DELAY(200);
 147              EN=0;
 148            }
 149            DELAY(20);
 150          }
 151          
 152          void DELAY(unsigned int x)
 153          {
 154            unsigned int y,z;
 155            for(y=0;y<x;y++)
 156            {
 157              for(z=0;z<100;z++);
 158            }
 159          }
 160          
 161          /*
 162          void DELAY()
 163          {
 164            EN=0;
 165            RS=0;
 166            RW=1;
 167            P1=0xFF;
 168            EN=1;
 169            P1=1;
 170            if(P1^7==1);
 171            EN=0;
 172            RW=0;
 173          }  
 174          *******************************************************************/


MODULE INFORMATION:   STATIC OVERLAYABLE
   CODE SIZE        =    161    ----
   CONSTANT SIZE    =   ----    ----
C51 COMPILER V9.05   LCD_DISPLAY                                                           11/25/2017 10:29:47 PAGE 4   

   XDATA SIZE       =   ----    ----
   PDATA SIZE       =   ----    ----
   DATA SIZE        =     14    ----
   IDATA SIZE       =   ----    ----
   BIT SIZE         =   ----    ----
END OF MODULE INFORMATION.


C51 COMPILATION COMPLETE.  0 WARNING(S),  0 ERROR(S)
