C51 COMPILER V9.03   LCD_SACHIN                                                            11/17/2011 17:25:38 PAGE 1   


C51 COMPILER V9.03, COMPILATION OF MODULE LCD_SACHIN
OBJECT MODULE PLACED IN LCD_Sachin.OBJ
COMPILER INVOKED BY: C:\Keil\C51\BIN\C51.EXE LCD_Sachin.c BROWSE DEBUG OBJECTEXTEND

line level    source

   1          #include <reg51.h>
   2          
   3          bit LCD_8_BIT = 1;
   4          sbit RS = P2^0;
   5          sbit RW = P2^1;
   6          sbit EN = P2^2;
   7          void display_data(unsigned char port_data);
   8          void ClearDisplay(void);
   9          void SendCommand(unsigned char comd);
  10          void delay(unsigned int val);
  11          
  12          void initialise(void)
  13          {
  14   1              P1 = 0xFF;
  15   1              P2 = 0xFF;
  16   1              P3 = 0xFF;
  17   1              EN = 0;
  18   1              RS = 0;
  19   1              RW = 0;
  20   1      }
  21          
  22          void writeCommand_LCD(void)
  23          {
  24   1              unsigned char Command;
  25   1              if(LCD_8_BIT==1)
  26   1                      Command=0x3C;
  27   1              else if(LCD_8_BIT==0)
  28   1                      Command=0x28;
  29   1              delay(5);
  30   1              SendCommand(Command);
  31   1              delay(5);
  32   1              SendCommand(Command);
  33   1              delay(5);
  34   1              SendCommand(0x0C);
  35   1              delay(5);
  36   1              ClearDisplay();
  37   1              delay(5);
  38   1      }
  39          
  40          void Send(unsigned char comd)
  41          {
  42   1              RS=0;                                           // to select Command Register
  43   1              P1 = comd;                                      // put command on PORT2
  44   1              EN=1;                                           // to Enable the LCD processor
  45   1              delay(5);
  46   1              EN=0;                                           // to disable the LCD processor
  47   1      }
  48          void SendCommand(unsigned char comd)
  49          {
  50   1              unsigned char tmpcomd;
  51   1              tmpcomd=comd;
  52   1              if(LCD_8_BIT==1)
  53   1              {       
  54   2                      Send(comd);
  55   2                      delay(5);
C51 COMPILER V9.03   LCD_SACHIN                                                            11/17/2011 17:25:38 PAGE 2   

  56   2              }
  57   1              else if (LCD_8_BIT==0)                          //4 bit
  58   1              {
  59   2                      Send(comd);
  60   2                      delay(5);
  61   2                      Send(16*(tmpcomd & 0x0F));
  62   2                      delay(5);
  63   2              }
  64   1      }
  65          
  66          void ClearDisplay(void)
  67          {
  68   1              SendCommand(0x01);                              // clear display
  69   1              delay(5);
  70   1              SendCommand(0x02);                              //send cursor to home location
  71   1              delay(5);
  72   1      }
  73          
  74          void writeData_LCD(unsigned char mdata[], unsigned int counter)
  75          {
  76   1              unsigned char tmpdata;
  77   1              unsigned int cnt;
  78   1              if(LCD_8_BIT==1)
  79   1              {       
  80   2                      for(cnt=0;cnt<counter;cnt++)
  81   2                      {
  82   3                              display_data(mdata[cnt]);
  83   3                              delay(20);
  84   3                      }
  85   2              }
  86   1              else if(LCD_8_BIT==0)                           //4 bit
  87   1              {
  88   2                      for(cnt=0;cnt<counter;cnt++)
  89   2                      {       
  90   3                              tmpdata=mdata[cnt];
  91   3                              display_data(tmpdata);
  92   3                              delay(20);
  93   3                              display_data(16*(tmpdata & 0x0F));
  94   3                              delay(20);
  95   3                      }
  96   2              }
  97   1      }
  98          
  99          void display_data(unsigned char port_data)
 100          {
 101   1              RS=1;                                           // to select DDRAM Register i.e. data register
 102   1              P1=port_data;                                   // put data on port
 103   1              EN=1;                                           // to Enable the LCD processor
 104   1              delay(50);
 105   1              EN=0;                                           // to disable the LCD processor
 106   1      }
 107          
 108          void delay(unsigned int val)
 109          {
 110   1              unsigned int u,v;
 111   1              for(u=0;u<=val;u++)
 112   1                      for(v=0;v<=100;v++);
 113   1      }
 114          
 115          void main(void)
 116          {
 117   1              initialise();
C51 COMPILER V9.03   LCD_SACHIN                                                            11/17/2011 17:25:38 PAGE 3   

 118   1              writeCommand_LCD();
 119   1              SendCommand(0x80);                              // select line 1 on LCD
 120   1              delay(5);
 121   1              writeData_LCD("**** E-LAB ****",15);
 122   1              SendCommand(0xC0);                              // select line 2 on LCD
 123   1              delay(5);
 124   1              writeData_LCD(" HAPPY DIWALI ",14);
 125   1              ClearDisplay();
 126   1      }


MODULE INFORMATION:   STATIC OVERLAYABLE
   CODE SIZE        =    379    ----
   CONSTANT SIZE    =     31    ----
   XDATA SIZE       =   ----    ----
   PDATA SIZE       =   ----    ----
   DATA SIZE        =   ----      11
   IDATA SIZE       =   ----    ----
   BIT SIZE         =      1    ----
END OF MODULE INFORMATION.


C51 COMPILATION COMPLETE.  0 WARNING(S),  0 ERROR(S)
