C51 COMPILER V9.03   SHIFTINWARD                                                           10/03/2011 16:39:35 PAGE 1   


C51 COMPILER V9.03, COMPILATION OF MODULE SHIFTINWARD
OBJECT MODULE PLACED IN ShiftInward.OBJ
COMPILER INVOKED BY: C:\Keil\C51\BIN\C51.EXE ShiftInward.c BROWSE DEBUG OBJECTEXTEND

line level    source

   1          #include<reg51.h>
   2          main()
   3          {
   4   1              unsigned int i,j,x;
   5   1              P1=0x81;
   6   1              while(1)
   7   1              {
   8   2              //      for(i=0;i<35000;i++);
   9   2                      x=0x3F;
  10   2                      for(j=0;j<3;j++)
  11   2                      {
  12   3                              P1=(P1>>1)-x;
  13   3                              x=x<<1;
  14   3                              
  15   3              //              for(i=0;i<35000;i++);
  16   3                              
  17   3                      }
  18   2                      
  19   2                      if(P1==0x18)
  20   2                      {
  21   3                              P1=0x00;
  22   3              //              for(i=0;i<35000;i++);
  23   3                              P1=0x81;
  24   3                      }
  25   2                      
  26   2                      
  27   2              }
  28   1      }
*** WARNING C280 IN LINE 4 OF ShiftInward.c: 'i': unreferenced local variable


MODULE INFORMATION:   STATIC OVERLAYABLE
   CODE SIZE        =     49    ----
   CONSTANT SIZE    =   ----    ----
   XDATA SIZE       =   ----    ----
   PDATA SIZE       =   ----    ----
   DATA SIZE        =   ----       2
   IDATA SIZE       =   ----    ----
   BIT SIZE         =   ----    ----
END OF MODULE INFORMATION.


C51 COMPILATION COMPLETE.  1 WARNING(S),  0 ERROR(S)
