C51 COMPILER V9.03   PARAG                                                                 11/09/2011 15:26:42 PAGE 1   


C51 COMPILER V9.03, COMPILATION OF MODULE PARAG
OBJECT MODULE PLACED IN Parag.OBJ
COMPILER INVOKED BY: C:\Keil\C51\BIN\C51.EXE Parag.C BROWSE DEBUG OBJECTEXTEND

line level    source

   1          #include<reg51.h>
   2          #include"LCD.H"
   3            
   4          void main()
   5          {
   6   1              LCD_init();
   7   1              
   8   1              LCD_puts("Happy Diwali");
   9   1              
  10   1              while(1);       
  11   1      }
  12          
  13          


MODULE INFORMATION:   STATIC OVERLAYABLE
   CODE SIZE        =     14    ----
   CONSTANT SIZE    =     13    ----
   XDATA SIZE       =   ----    ----
   PDATA SIZE       =   ----    ----
   DATA SIZE        =   ----    ----
   IDATA SIZE       =   ----    ----
   BIT SIZE         =   ----    ----
END OF MODULE INFORMATION.


C51 COMPILATION COMPLETE.  0 WARNING(S),  0 ERROR(S)
