C51 COMPILER V9.03   LCD_INTERFACE                                                         11/04/2011 16:36:03 PAGE 1   


C51 COMPILER V9.03, COMPILATION OF MODULE LCD_INTERFACE
OBJECT MODULE PLACED IN LCD_Interface.OBJ
COMPILER INVOKED BY: C:\Keil\C51\BIN\C51.EXE LCD_Interface.c BROWSE DEBUG OBJECTEXTEND

line level    source

   1          /*LCD 8 bit example
   2            rs => Register Select [Command : Data]
   3                  0 => Command
   4                  1 => Data
   5            rw => Read/Write [Write : Read]
   6                  0 => Write
   7                  1 => Read
   8            en => Enable signal [High to Low]
   9          */
  10          #define LCD_data PORTC
  11          //****************************************************
  12          //    These statements doesn't apply in Mikroc
  13          /*#define LCD_rs   PORTA.B0
  14          #define LCD_rw   PORTA.B1
  15          #define LCD_en   PORTA.B2
  16          #define LCD_D7   PORTC.B7*/
  17          //****************************************************
  18          void LCD_busy() 
  19          {
  20   1           //delay is in case you don't want to check the buzy flag
  21   1           delay_ms(1);//it is very important to return to the manual for it
*** WARNING C206 IN LINE 21 OF LCD_Interface.c: 'delay_ms': missing function-prototype
*** ERROR C267 IN LINE 21 OF LCD_Interface.c: 'delay_ms': requires ANSI-style prototype
  22   1           //in case of chicking the buzy flag
  23   1           /*PORTC.B7 = 1;           //Make D7th bit of LCD as i/p
  24   1           PORTA.B2 = 1;           //Make port pin as o/p
  25   1           PORTA.B0 = 0;
  26   1           PORTA.B1 = 1;
  27   1           while (PORTC.B7 = 1) {
  28   1                 PORTA.B2 = 0;
  29   1                 PORTA.B2 = 1;
  30   1           }*/
  31   1      }
  32          void LCD_write_command () {
  33   1           PORTA.F0   = 0;        //Selected command register
  34   1           PORTA.F1   = 0;        //We are writing in command register
  35   1           PORTA.F2   = 1;        //Enable H->L
  36   1           PORTA.F2   = 0;
  37   1           LCD_busy();          //Wait for LCD to process the command
  38   1      }
  39          void LCD_clear_display () {
  40   1           LCD_data = 0x01;     //Clear LCD
*** ERROR C202 IN LINE 40 OF LCD_Interface.c: 'PORTC': undefined identifier
  41   1           LCD_write_command();
  42   1      }
  43          void LCD_return_homee () {
  44   1           LCD_data = 0x02;     //Return LCD to Home
*** ERROR C202 IN LINE 44 OF LCD_Interface.c: 'PORTC': undefined identifier
  45   1           LCD_write_command();
  46   1      }
  47          void LCD_entry_mode_set (unsigned int ID,unsigned int S) {
  48   1           /*
  49   1           ID => [Decrement : Increment]
  50   1                 0 => Decrement
  51   1                 1 => Increment
C51 COMPILER V9.03   LCD_INTERFACE                                                         11/04/2011 16:36:03 PAGE 2   

  52   1           S  => accompanies display shift
  53   1                 0 => OFF
  54   1                 1 => ON
  55   1           */
  56   1           LCD_data = 0x00;
*** ERROR C202 IN LINE 56 OF LCD_Interface.c: 'PORTC': undefined identifier
  57   1           ID = ID << 1;
  58   1           LCD_data = LCD_data + 0x04 + ID + S;
*** ERROR C202 IN LINE 58 OF LCD_Interface.c: 'PORTC': undefined identifier
  59   1           LCD_write_command();
  60   1      }
  61          void LCD_display_control (unsigned int D,unsigned int C,unsigned int B) {
  62   1           /*
  63   1           D  => Display ON/OFF
  64   1                 0 => OFF
  65   1                 1 => ON
  66   1           C  => Cursor ON/OFF
  67   1                 0 => OFF
  68   1                 1 => ON
  69   1           B  => Blink the character at the cursor position
  70   1                 0 => OFF
  71   1                 1 => ON
  72   1           */
  73   1           LCD_data = 0x00;
*** ERROR C202 IN LINE 73 OF LCD_Interface.c: 'PORTC': undefined identifier
  74   1           C = C << 1;
  75   1           D = D << 2;
  76   1           LCD_data = LCD_data + 0x08 + D + C + B;
*** ERROR C202 IN LINE 76 OF LCD_Interface.c: 'PORTC': undefined identifier
  77   1           LCD_write_command();
  78   1      }
  79          void LCD_cursor_display_shift (unsigned int SC,unsigned int RL) {
  80   1           /*
  81   1           Moves the cursor and shifts the display without changing the DDRAM contents
  82   1           SC  => [Cursor : Display]
  83   1                 0 => Cursor
  84   1                 1 => Display
  85   1           RL  => [Left : Right]
  86   1                 0 => Left
  87   1                 1 => Right
  88   1           */
  89   1           LCD_data = 0x00;
*** ERROR C202 IN LINE 89 OF LCD_Interface.c: 'PORTC': undefined identifier
  90   1           RL = RL << 2;
  91   1           SC = SC << 3;
  92   1           LCD_data = LCD_data + 0x10 + SC + RL;
*** ERROR C202 IN LINE 92 OF LCD_Interface.c: 'PORTC': undefined identifier
  93   1           LCD_write_command();
  94   1      }
  95          void LCD_function_set (unsigned int DL,unsigned int N,unsigned int F) {
  96   1           /*
  97   1           DL  => Data Width [4 bit : 8 bit]
  98   1                 0 => 4 bit
  99   1                 1 => 8 bit
 100   1           N  => Number of lines in display[1 : 2]
 101   1                 0 => 1 Line
 102   1                 1 => 2 Lines
 103   1           F  => Character font[5x7 : 5x10]
 104   1                 0 => 5x7
 105   1                 1 => 5x10
 106   1           */
 107   1           LCD_data = 0x00;
C51 COMPILER V9.03   LCD_INTERFACE                                                         11/04/2011 16:36:03 PAGE 3   

*** ERROR C202 IN LINE 107 OF LCD_Interface.c: 'PORTC': undefined identifier
 108   1           F = F << 2;
 109   1           N = N << 3;
 110   1           DL = DL << 4;
 111   1           LCD_data = LCD_data + 0x20 + DL + N + F;
*** ERROR C202 IN LINE 111 OF LCD_Interface.c: 'PORTC': undefined identifier
 112   1           LCD_write_command();
 113   1      }
 114          void LCD_cgram_address (unsigned int cgadrs) {
 115   1           /*
 116   1           cgadrs => CGRAM Address Binary 6 bit
 117   1           i didn't use it yet
 118   1           */
 119   1           LCD_data = 0x00;
*** ERROR C202 IN LINE 119 OF LCD_Interface.c: 'PORTC': undefined identifier
 120   1           LCD_data = cgadrs;
*** ERROR C202 IN LINE 120 OF LCD_Interface.c: 'PORTC': undefined identifier
 121   1           LCD_write_command();
 122   1      }
 123          void LCD_ddram_address (unsigned int ddadrs) {
 124   1           /*
 125   1           ddadrs => DDRAM Address Binary 7 bit
 126   1                     Line 1 Column 1
 127   1                     Binary Address : 0B10000000
 128   1                     HEX Address     : 0X80
 129   1      
 130   1                     Line 1 Column 20
 131   1                     Binary Address : 0B10001111
 132   1                     HEX Address     : 0X93
 133   1      
 134   1                     Line 2 Column 1
 135   1                     Binary Address : 0B11000000
 136   1                     HEX Address     : 0XC0
 137   1      
 138   1                    Line 2 Column 20
 139   1                     Binary Address : 0B11001111
 140   1                     HEX Address     : 0XD3
 141   1      
 142   1                     Line 3 Column 1
 143   1                     Binary Address : 0B11000000
 144   1                     HEX Address     : 0X94
 145   1      
 146   1                    Line 3 Column 20
 147   1                     Binary Address : 0B11001111
 148   1                     HEX Address     : 0XA7
 149   1      
 150   1                     Line 4 Column 1
 151   1                     Binary Address : 0B11000000
 152   1                     HEX Address     : 0XD4
 153   1      
 154   1                    Line 4 Column 20
 155   1                     Binary Address : 0B11001111
 156   1                     HEX Address     : 0XE7
 157   1                     [][][][][][][][][][][][][][][][][][][][]
 158   1                     [][][][][][][][][][][][][][][][][][][][]
 159   1                     [][][][][][][][][][][][][][][][][][][][]
 160   1                     [][][][][][][][][][][][][][][][][][][][]
 161   1                          C1     C2     C3     C4     C5     C6      C7     C8     C9    C10     C11    C12    C
             -13    C14   C15    C16    C17    C18     C19   C20
 162   1                     L1 [0X80]-[0X81]-[0X82]-[0X83]-[0X84]-[0X85]-[0X86]-[0X87]-[0X88]-[0X89]-[0X8A]-[0X8B]-[0X8
             -C]-[0X8D]-[0X8E]-[0X8F]-[0X90]-[0X91]-[0X92]-[0X93]
 163   1                     L2 [0XC0]-[0XC1]-[0XC2]-[0XC3]-[0XC4]-[0XC5]-[0XC6]-[0XC7]-[0XC8]-[0XC9]-[0XCA]-[0XCB]-[0XC
C51 COMPILER V9.03   LCD_INTERFACE                                                         11/04/2011 16:36:03 PAGE 4   

             -C]-[0XCD]-[0XCE]-[0XCF]-[0XD0]-[0XD1]-[0XD2]-[0XD3]
 164   1                     L3 [0X94]-[0X95]-[0X96]-[0X97]-[0X98]-[0X99]-[0X9A]-[0X9B]-[0X9C]-[0X9D]-[0X9E]-[0X9F]-[0XA
             -0]-[0XA1]-[0XA2]-[0XA3]-[0XA4]-[0XA5]-[0XA6]-[0XA7]
 165   1                     L4 [0XD4]-[0XD5]-[0XD6]-[0XD7]-[0XD8]-[0XD9]-[0XDA]-[0XDB]-[0XDC]-[0XDD]-[0XDE]-[0XDF]-[0XE
             -0]-[0XE1]-[0XE2]-[0XE3]-[0XE4]-[0XE5]-[0XE6]-[0XE7]
 166   1           */
 167   1           LCD_data = 0x00;
*** ERROR C202 IN LINE 167 OF LCD_Interface.c: 'PORTC': undefined identifier
 168   1           LCD_data = ddadrs;
*** ERROR C202 IN LINE 168 OF LCD_Interface.c: 'PORTC': undefined identifier
 169   1           LCD_write_command();
 170   1      }
 171          void LCD_write_data(unsigned int output) {
 172   1           LCD_data = output;     //
*** ERROR C202 IN LINE 172 OF LCD_Interface.c: 'PORTC': undefined identifier
 173   1           PORTA.F0   = 1;        //Selected data register
 174   1           PORTA.F1   = 0;        //We are writing in data register
 175   1           PORTA.F2   = 1;        //Enable H->L
 176   1           PORTA.F2   = 0;
 177   1           LCD_busy();
 178   1      }
 179          /*void LCD_write_string(unsigned char output) {
 180               LCD_data = output;     //Entry mode, auto increment with no shift
 181               PORTA.B0   = 1;        //Selected data register
 182               PORTA.B1   = 0;        //We are writing in data register
 183               PORTA.B2   = 1;        //Enable H->L
 184               PORTA.B2   = 0;
 185               LCD_busy();
 186          }*/
 187          void LCD_initialize() {
 188   1           LCD_function_set (1,1,0);//Function set: 2 Line, 8-bit, 5x7 dots
 189   1           LCD_display_control (1,1,1);//Display on, Curson blinking command
 190   1           LCD_clear_display();
 191   1           LCD_entry_mode_set (1,0);//Entry mode, auto increment with no shift
 192   1           LCD_ddram_address(0X80);//Line 1 Column 1
 193   1      }
 194          void main() {
 195   1      
 196   1           ADCON1 = 0X06;
*** ERROR C202 IN LINE 196 OF LCD_Interface.c: 'ADCON1': undefined identifier
 197   1           TRISA = 0X00;
*** ERROR C202 IN LINE 197 OF LCD_Interface.c: 'TRISA': undefined identifier
 198   1           TRISC = 0x00;
*** ERROR C202 IN LINE 198 OF LCD_Interface.c: 'TRISC': undefined identifier
 199   1           LCD_initialize();
 200   1           LCD_ddram_address(0X80);
 201   1           LCD_write_data('H');
 202   1           LCD_ddram_address(0XC0);
 203   1           LCD_write_data('o');
 204   1           LCD_ddram_address(0X94);
 205   1           LCD_write_data('l');
 206   1           LCD_ddram_address(0XD4);
 207   1           LCD_write_data('a');
 208   1      }

C51 COMPILATION COMPLETE.  1 WARNING(S),  19 ERROR(S)
