C51 COMPILER V9.06   EEPROM                                                                04/18/2012 10:45:39 PAGE 1   


C51 COMPILER V9.06, COMPILATION OF MODULE EEPROM
OBJECT MODULE PLACED IN EEPROM.OBJ
COMPILER INVOKED BY: C:\Keil\C51\BIN\C51.EXE EEPROM.c BROWSE DEBUG OBJECTEXTEND

line level    source

   1          //Program to interface Serial EEPROM AT24C02 with 8051 microcontroller (AT89C51) 
   2          #include<reg51.h>
   3          #include<intrins.h>   //For using [_nop_()]
   4          
   5          sbit sda=P1^0;
   6          sbit scl=P1^1;
   7          sbit led=P0^3;
   8          
   9          sbit rs=P3^0;
  10          sbit rw=P3^1;
  11          sbit en=P3^6;
  12          
  13          bit ack;
  14          sbit led1=P0^1;
  15          sfr lcd_data_pin=0xA0;//p2 port
  16          sfr output=0x80;//p0 port
  17          
  18          unsigned char reead,write,write2,i,j;
  19          unsigned int temp;
  20          
  21          void delay(unsigned int count)
  22          {
  23   1              int i,j;
  24   1              for(i=0;i<count;i++)
  25   1                      for(j=0;j<1275;j++);
  26   1      }
  27          void lcd_command(unsigned char comm)
  28          {
  29   1              lcd_data_pin=comm;
  30   1              en=1;
  31   1              rs=0;
  32   1              rw=0;
  33   1              delay(1);
  34   1              en=0;
  35   1      }
  36          void lcd_data(unsigned char disp)
  37          {
  38   1              lcd_data_pin=disp;
  39   1              en=1;
  40   1              rs=1;
  41   1              rw=0;
  42   1              delay(1);
  43   1              en=0;
  44   1      }
  45          lcd_dataa(unsigned char *disp)
  46          {
  47   1              int x;
  48   1              for(x=0;disp[x]!=0;x++)
  49   1              {
  50   2                      lcd_data(disp[x]);
  51   2              }
  52   1      }
  53          void lcd_ini()
  54          {
  55   1              lcd_command(0x38);                // for using 8-bit 2 row LCD 
C51 COMPILER V9.06   EEPROM                                                                04/18/2012 10:45:39 PAGE 2   

  56   1              delay(5);
  57   1              lcd_command(0x0F);        // for display on, cursor blinking
  58   1              delay(5);
  59   1              lcd_command(0x80);
  60   1              delay(5);
  61   1      }
  62          void aknowledge()         //acknowledge condition
  63          {
  64   1              scl=1;
  65   1              _nop_();
  66   1              _nop_();
  67   1              scl=0;
  68   1      } 
  69          void start()            //start condition
  70          {
  71   1              sda=1;
  72   1              scl=1;
  73   1              _nop_();         //No operation
  74   1              _nop_();
  75   1              sda=0;
  76   1              scl=0;
  77   1      }
  78          void stop()                     //stop condition
  79          {
  80   1              sda=0;
  81   1              scl=1;
  82   1              _nop_();
  83   1              _nop_(); 
  84   1              sda=1;
  85   1              scl=0;
  86   1      }
  87          void send_byte(unsigned char value)     //send byte serially
  88          { 
  89   1              unsigned int i;
  90   1              unsigned char send;
  91   1              send=value;
  92   1              for(i=0;i<8;i++)
  93   1              {
  94   2                      sda=send/128;                   //extracting MSB
  95   2                      send=send<<1;                   //shiftng left
  96   2                      scl=1;
  97   2                      _nop_();
  98   2                      _nop_();
  99   2                      scl=0;
 100   2              }
 101   1         ack=sda;                                     //reading acknowledge
 102   1         sda=0;
 103   1      }
 104          unsigned char read_byte()                       //reading from EEPROM serially
 105          {
 106   1              unsigned int i;
 107   1              sda=1;
 108   1              reead=0;
 109   1              for(i=0;i<8;i++)
 110   1              {
 111   2                      reead=reead<<1;
 112   2                      scl=1;
 113   2                      _nop_();
 114   2                      _nop_();
 115   2                      if(sda==1)
 116   2                              reead++;
 117   2                      scl=0;
C51 COMPILER V9.06   EEPROM                                                                04/18/2012 10:45:39 PAGE 3   

 118   2              }
 119   1              sda=0;
 120   1              return reead;                           //Returns 8 bit data here
 121   1      }               
 122          void save()                                     //save in EEPROM
 123          {
 124   1              start();
 125   1              send_byte(0xA0);                                                //device address
 126   1              aknowledge();
 127   1              send_byte(0x00);                                                //word address
 128   1              aknowledge();
 129   1              send_byte(5);                                                   //send data
 130   1              aknowledge();
 131   1              send_byte(65);
 132   1              aknowledge();
 133   1              stop();                                                    
 134   1              if(ack==0)
 135   1              {
 136   2                      led1=1;
 137   2                      delay(100);
 138   2                      led1=0;
 139   2                      delay(100);
 140   2                      lcd_command(0x86);
 141   2                      lcd_data('5');
 142   2                      lcd_command(0x87);
 143   2                      lcd_data('A');
 144   2              }
 145   1              else
 146   1                      led1=1;
 147   1              aknowledge();
 148   1      }
 149          void Read()
 150          {
 151   1              start();
 152   1              send_byte(0xA0);
 153   1              aknowledge();
 154   1              send_byte(0x00);
 155   1              aknowledge();
 156   1              start();
 157   1              send_byte(0xA1);                                         //device address
 158   1              aknowledge();
 159   1              i=read_byte();
 160   1              aknowledge();
 161   1              j=read_byte();
 162   1              aknowledge();
 163   1              stop();
 164   1              if(i==5)
 165   1              {
 166   2                      led=0;
 167   2                      delay(100);
 168   2                      led=1;
 169   2                      delay(100);
 170   2                      write=i+48;
 171   2                      lcd_command(0xC6);
 172   2                      lcd_data(write);        
 173   2              }
 174   1              else
 175   1               led=1;
 176   1              if(j==65)
 177   1              {
 178   2                      lcd_command(0xC7);
 179   2                      lcd_data(j);
C51 COMPILER V9.06   EEPROM                                                                04/18/2012 10:45:39 PAGE 4   

 180   2              }
 181   1              aknowledge();
 182   1      }
 183          
 184          void main()
 185          {
 186   1              lcd_ini();
 187   1              lcd_dataa("Sent :");
 188   1              lcd_command(0xC0);
 189   1              lcd_dataa("Read :");
 190   1              temp=0;
 191   1              while(1)
 192   1              {
 193   2                      save();
 194   2                      Read();
 195   2              }
 196   1      }
*** WARNING C290 IN LINE 52 OF EEPROM.c: missing return value


MODULE INFORMATION:   STATIC OVERLAYABLE
   CODE SIZE        =    462    ----
   CONSTANT SIZE    =     14    ----
   XDATA SIZE       =   ----    ----
   PDATA SIZE       =   ----    ----
   DATA SIZE        =      7       5
   IDATA SIZE       =   ----    ----
   BIT SIZE         =      1    ----
END OF MODULE INFORMATION.


C51 COMPILATION COMPLETE.  1 WARNING(S),  0 ERROR(S)
