C51 COMPILER V9.06   LCD_HINDI_CHARACTER                                                   04/24/2012 14:06:13 PAGE 1   


C51 COMPILER V9.06, COMPILATION OF MODULE LCD_HINDI_CHARACTER
OBJECT MODULE PLACED IN LCD_Hindi_Character.OBJ
COMPILER INVOKED BY: C:\Keil\C51\BIN\C51.EXE LCD_Hindi_Character.c BROWSE DEBUG OBJECTEXTEND

line level    source

   1          
   2          //Program to display hindi alphabets. This program displays a set of five hindi characters at a time due t
             -o the size CG Ram.
   3          // To display any other set of five characters use corresponding values from the array.
   4          
   5          #include<reg51.h>
   6          #define cmdport P2 
   7          #define dataport P1 
   8          sbit rs = cmdport^0;  //Register select (RS) pin
   9          sbit rw = cmdport^1;  //Read write (RW) pin)
  10          sbit en = cmdport^2;  //Enable (EN) pin
  11          
  12          void delay(unsigned int msec)  //Time delay function
  13          {
  14   1              int i,j ;
  15   1              for(i=0;i<msec;i++)
  16   1                      for(j=0;j<1275;j++);
  17   1      }
  18          
  19          void lcd_cmd(unsigned char item)  //Function to send command to LCD
  20          {
  21   1              dataport = item;
  22   1              rs=0; 
  23   1              rw=0; 
  24   1              en=1; 
  25   1              delay(1);
  26   1              en=0;
  27   1      }
  28          
  29          void lcd_data(unsigned char item)  // Function to send data to LCD
  30          {
  31   1              dataport = item;
  32   1              rs=1; 
  33   1              rw=0; 
  34   1              en=1; 
  35   1              delay(1);
  36   1              en=0;
  37   1      }
  38          
  39          lcd_shape(unsigned char *letter, int j)  // Function to create custom shapes
  40          {
  41   1              int i;
  42   1              lcd_cmd(j);
  43   1              for(i=0;i<8;i++)
  44   1              {
  45   2                      lcd_data(*letter);
  46   2                  letter++;
  47   2              }
  48   1      //      return 0;
  49   1      }
  50          
  51          void main()
  52          {
  53   1              unsigned char letter[][8]={0,31,0,14,21,14,0,0,
  54   1                                                                 0,31,0,14,21,14,0,0,
C51 COMPILER V9.06   LCD_HINDI_CHARACTER                                                   04/24/2012 14:06:13 PAGE 2   

  55   1                                                                 0,6,2,14,2,14,10,2,
  56   1                                                                 0,0,0,31,5,29,21,5,
  57   1                                                                 0,0,0,0,0,0,0,0};
  58   1                                                                      /*31,4,14,21,21,13,4,4,
  59   1                                                                      31,9,11,21,19,9,9,0,
  60   1                                                                      31,9,9,9,9,25,25,0,
  61   1                                                                      31,9,17,13,17,17,15,1,
  62   1                                                                      31,4,12,16,12,2,18,12};
  63   1              {0,31,2,26,10,6,2,0,
  64   1              31,12,16,12,16,22,15,1,31,1,7,21,21,13,0,0,5,29,17,31,5,29,25,9,1,1,29,7,5,29,1,0};*/
  65   1              /*{31,4,4,24,16,17,14,0,31,4,4,14,17,17,14,0,
  66   1              31,4,12,16,12,2,18,12,31,4,12,16,22,14,0,0,31,21,21,21,21,9,0,0};*/
  67   1              /*{31,1,15,9,9,1,0,0,15,13,5,9,15,1,0,0,31,2,14,16,19,14,2,0,3,25,17,12,17,17,15,1,
  68   1              31,1,1,31,9,1,1,0,31,9,9,9,15,1,1,1};*//*{31,9,9,9,7,1,1,1,31,20,20,31,5,5,5,0,31,2,30,26,22,30,2,2,0,26,
             -26,10,30,26,2,2,31,10,10,10,30,26,2,2,};*/
  69   1              /*{31,29,5,5,9,31,1,1,31,12,2,2,28,8,4,3,31,1,1,27,21,21,17,9,31,2,30,18,18,30,2,2,29,21,29,5,25,25,9,5};
             -{17,25,21,19,31,1,1,1,31,25,
  70   1              5,5,5,15,17,9,31,4,28,16,28,16,16,30,9,21,13,23,17,21,13,5,2,18,10,6,6,10,18,2};*///assigning values of a
             -lphabets to an array
  71   1              
  72   1              unsigned char  i=0;
  73   1              char a = 0x80;  // Set cursor to first position of first line
  74   1              int z;
  75   1              lcd_cmd(0x38);  // 2 Lines & 5X7 matrix
  76   1              lcd_cmd(0x0e);  // Display ON, Cursor Blinking
  77   1              delay(50);
  78   1              lcd_cmd(0x01);  //Clear LCD screen
  79   1              delay(50);
  80   1              while(1)
  81   1              {
  82   2                        z=64;
  83   2                        a=0x80; 
  84   2                        for(i=0;i<5;i++)
  85   2                        {
  86   3                                 lcd_shape(&letter[i][0],z);  //Send different alphabet values to shape func to custom different alph
             -abets
  87   3                                 delay(50);
  88   3                                 lcd_cmd(a);  //Move cusrsor to ath position 
  89   3                                 lcd_data(i);  //Display the alphabet on LCD
  90   3                                 delay(50);
  91   3      //                         a=a+2;  
  92   3                                 a++;
  93   3                                 z=z+8;  // Change the address register where values are to be stored(e.g. 64,72,80.......)
  94   3                        }
  95   2                        lcd_cmd(0x01);  //Clear LCD screen
  96   2              }
  97   1      }
*** WARNING C290 IN LINE 49 OF LCD_Hindi_Character.c: missing return value


MODULE INFORMATION:   STATIC OVERLAYABLE
   CODE SIZE        =    251    ----
   CONSTANT SIZE    =     40    ----
   XDATA SIZE       =   ----    ----
   PDATA SIZE       =   ----    ----
   DATA SIZE        =   ----      49
   IDATA SIZE       =   ----    ----
   BIT SIZE         =   ----    ----
END OF MODULE INFORMATION.


C51 COMPILATION COMPLETE.  1 WARNING(S),  0 ERROR(S)
