C51 COMPILER V7.06   LCD                                                                   07/28/2011 00:17:31 PAGE 1   


C51 COMPILER V7.06, COMPILATION OF MODULE LCD
OBJECT MODULE PLACED IN LCD.OBJ
COMPILER INVOKED BY: C:\Keil\C51\BIN\C51.EXE LCD.c LARGE BROWSE DEBUG OBJECTEXTEND

stmt level    source

   1          #include <reg51.h>
   2          #include <stdio.h>
   3          #include <intrins.h>
   4          // cursor movement
   5          #define LEFT 0
   6          #define RIGHT 1
   7          int No_Of_Char_on_LCD=1;
   8          
   9          bit LCD_8_BIT = 1;
  10          bit BLINK = 0;
  11          bit CURSOR = 0;
  12          bit SHIFT_L = 0;
  13          bit SHIFT_R = 0;
  14          
  15          sbit RS = P2^6;
  16          sbit EN = P2^5;
  17          int multi_char_count;
  18          void move_cursor(int, unsigned int);
  19          void display_data(unsigned char port_data);
  20          void multi_char_key(void);
  21          void ClearDisplay(void);
  22          void SendCommand(unsigned char comd);
  23          void delay(unsigned int val);
  24          void GenChar_at_CGRAM(unsigned char []);
  25          unsigned char Lookup_table[]= {'0','1','2','3','4','5','6','7','8','9','.',65,66,67,68,69,70,71,72,73,74,7
             -5,76,77,78,79,80,81,82,83,84,85,86,87,88,89,90,97,98,99,100,101,102,103,104,105,106,107,108,109,110,111,112,113,114,115,
             -116,117,118,119,120,121,122};
  26          
  27          void initialise(void)
  28          {
  29   1              P1 = 0xFF;
  30   1              P2 = 0xFF;
  31   1              P3=0xFF;
  32   1              EN=0;
  33   1              RS= 0;
  34   1      }
  35          
  36          void writeCommand_LCD(void)
  37          {
  38   1              unsigned char Command;
  39   1              if(LCD_8_BIT==1)
  40   1                      Command=0x38;
  41   1              else if(LCD_8_BIT==0)
  42   1                      Command=0x28;
  43   1      
  44   1              delay(5);
  45   1              SendCommand(Command);
  46   1      
  47   1              delay(5);
  48   1              SendCommand(Command);
  49   1      
  50   1      
  51   1              delay(5);
  52   1              SendCommand(0x0C);
  53   1      
C51 COMPILER V7.06   LCD                                                                   07/28/2011 00:17:31 PAGE 2   

  54   1              delay(5);
  55   1              ClearDisplay();
  56   1              delay(5);
  57   1      }
  58          
  59          
  60          /*
  61          void GenChar_at_CGRAM(unsigned char mdata[])
  62          {
  63                  int cnt;
  64                  for(cnt=0;cnt<8;cnt++)
  65                  {
  66                          display_data(mdata[cnt]);
  67                          delay(15);
  68                  }
  69          }
  70          */
  71          void GenChar_at_CGRAM(unsigned char mdata[])
  72          {
  73   1              int cnt;
  74   1              SendCommand(0x41);
  75   1              delay(5);
  76   1              for(cnt=0;cnt < 8;cnt++)
  77   1              {
  78   2                      display_data(mdata[cnt]);
  79   2                      delay(5);
  80   2              }
  81   1      }
  82          
  83          
  84          void Send(unsigned char comd)
  85          {
  86   1              RS=0;  // to select Command Register
  87   1              P0 = comd;// put command on PORT2
  88   1              EN=1;// to Enable the LCD processor
  89   1              _nop_();
  90   1              EN=0;// to disable the LCD processor
  91   1      }
  92          void SendCommand(unsigned char comd)
  93          {
  94   1              unsigned char tmpcomd;
  95   1              tmpcomd=comd;
  96   1              if(LCD_8_BIT==1)
  97   1              {       
  98   2                      Send(comd);
  99   2                      delay(5);
 100   2              }
 101   1              else if (LCD_8_BIT==0)//4 bit
 102   1              {
 103   2                      Send(comd);
 104   2                      delay(5);
 105   2                      Send(16*(tmpcomd & 0x0F));
 106   2                      delay(5);
 107   2              }
 108   1      }
 109          
 110          void ClearDisplay(void)
 111          {
 112   1              SendCommand(0x01);// clear display
 113   1              delay(5);
 114   1      
 115   1              SendCommand(0x02);//send cursor to home location
C51 COMPILER V7.06   LCD                                                                   07/28/2011 00:17:31 PAGE 3   

 116   1              delay(5);
 117   1      }
 118          
 119          void writeData_LCD(unsigned char mdata[], unsigned int counter)
 120          {
 121   1              unsigned char tmpdata;
 122   1              unsigned int cnt;
 123   1              if(LCD_8_BIT==1)
 124   1              {       for(cnt=0;cnt < counter;cnt++)
 125   2                      {
 126   3                              display_data(mdata[cnt]);
 127   3                              delay(5);
 128   3                      }
 129   2              }
 130   1              else if(LCD_8_BIT==0)//4 bit
 131   1              {
 132   2                      for(cnt=0;cnt < counter;cnt++)
 133   2                      {       
 134   3                              tmpdata=mdata[cnt];
 135   3                              display_data(tmpdata);
 136   3                              delay(5);
 137   3                              display_data(16*(tmpdata & 0x0F));
 138   3                              delay(5);
 139   3                      }
 140   2              }
 141   1      }
 142          
 143          void display_data(unsigned char port_data)
 144          {
 145   1              RS=1;// to select DDRAM Register i.e. data register
 146   1              P0=port_data;// put data on port
 147   1              EN=1;// to Enable the LCD processor
 148   1              _nop_();
 149   1              EN=0;// to disable the LCD processor
 150   1      }
 151          
 152          void delay(unsigned int val)
 153          {
 154   1              unsigned int u,v;
 155   1              for(u=0;u<=val;u++)
 156   1                      for(v=0;v<=100;v++);
 157   1      }
 158          
 159          void main(void)
 160          {
 161   1              unsigned char i,myChar[6][8]={{31,16,31,01,31,00,00,00},
 162   1                                                                      {14,17,17,31,17,00,00,00},
 163   1                                                                      {31,16,16,16,31,00,00,00},
 164   1                                                                      {17,17,31,17,17,00,00,00},
 165   1                                                                      {31,04,04,04,31,00,00,00},
 166   1                                                                      {17,25,21,19,17,00,00,00}};
 167   1              initialise();
 168   1              writeCommand_LCD();
 169   1              SendCommand(0x80);// select line 1 on LCD
 170   1              delay(5);
 171   1      
 172   1              writeData_LCD("**** Sachin ****",16);
 173   1                      
 174   1              SendCommand(0xC0);// select line 2 n LCD
 175   1              delay(5);
 176   1              
 177   1              writeData_LCD(" Sachin bamane",14);
C51 COMPILER V7.06   LCD                                                                   07/28/2011 00:17:31 PAGE 4   

 178   1              P0=0xFF;
 179   1              SendCommand(0x02);
 180   1              delay(5);
 181   1      
 182   1              while(1)
 183   1              {
 184   2      //              if(P0!=0xFF)
 185   2                      {
 186   3      //                      if(P0==0x7F)
 187   3                              {
 188   4                                      for(i=0;i<8;i++)
 189   4                                      {
 190   5                                              SendCommand(0x80 + i);// select line 1 on LCD
 191   5                                              delay(5);
 192   5                                              display_data(i);
 193   5                                              delay(5);
 194   5                                      }
 195   4                              }       
 196   3                      }
 197   2              }
 198   1      }
 199          void multi_char_key(void)
 200          {
 201   1              writeData_LCD(&(Lookup_table[multi_char_count]),1);
 202   1              multi_char_count++;
 203   1              move_cursor(LEFT,0);
 204   1              if(multi_char_count>63)
 205   1                      multi_char_count=0;
 206   1              delay(5);
 207   1      }
 208          void move_cursor(int Direction, unsigned int ChangeCount)
 209          {
 210   1              if (Direction==LEFT)
 211   1              {
 212   2                      if(ChangeCount==1)
 213   2                      {
 214   3                              multi_char_count=0;
 215   3                              No_Of_Char_on_LCD--;
 216   3                      }
 217   2                      if(No_Of_Char_on_LCD==40)
 218   2                      {       
 219   3                              No_Of_Char_on_LCD=16;
 220   3                              SendCommand(0x8F);
 221   3                      }
 222   2                      else if(No_Of_Char_on_LCD==0)
 223   2                      {       
 224   3                              No_Of_Char_on_LCD=80;
 225   3                              SendCommand(0xCF);
 226   3                      }
 227   2                      else
 228   2                      {
 229   3                              SendCommand(0x10);
 230   3                      }
 231   2              }
 232   1              else if (Direction==RIGHT)
 233   1              {
 234   2                      if(ChangeCount==1)
 235   2                      {
 236   3                              multi_char_count=0;
 237   3                              No_Of_Char_on_LCD++;
 238   3                      }
 239   2                      
C51 COMPILER V7.06   LCD                                                                   07/28/2011 00:17:31 PAGE 5   

 240   2                      if(No_Of_Char_on_LCD==17)
 241   2                      {       
 242   3                              No_Of_Char_on_LCD=41;
 243   3                              SendCommand(0xC0);
 244   3                      }
 245   2                      else if(No_Of_Char_on_LCD==81)
 246   2                      {       
 247   3                              No_Of_Char_on_LCD=1;
 248   3                              SendCommand(0x80);
 249   3                      }
 250   2                      else
 251   2                      {
 252   3                              SendCommand(0x14);
 253   3                      }
 254   2              }
 255   1              delay(500);
 256   1      }
 257          


MODULE INFORMATION:   STATIC OVERLAYABLE
   CODE SIZE        =    862    ----
   CONSTANT SIZE    =     80    ----
   XDATA SIZE       =     67      69
   PDATA SIZE       =   ----    ----
   DATA SIZE        =   ----    ----
   IDATA SIZE       =   ----    ----
   BIT SIZE         =      5    ----
END OF MODULE INFORMATION.


C51 COMPILATION COMPLETE.  0 WARNING(S),  0 ERROR(S)
