C51 COMPILER V7.06   LCD_BLINK_COURSOR                                                     07/28/2011 00:08:16 PAGE 1   


C51 COMPILER V7.06, COMPILATION OF MODULE LCD_BLINK_COURSOR
OBJECT MODULE PLACED IN LCD_blink_coursor.OBJ
COMPILER INVOKED BY: C:\Keil\C51\BIN\C51.EXE LCD_blink_coursor.c BROWSE DEBUG OBJECTEXTEND

stmt level    source

   1          #include <reg51.h>
   2          #include <stdio.h>
   3          #include <intrins.h>
   4          
   5          sbit RS = P2^6;
   6          sbit EN = P2^5;
   7          sbit MOVE_LEFT = P2^1;
   8          sbit MOVE_RGHT = P2^2;
   9          bit LEFT=1;
  10          bit RIGHT=0;
  11          int cursor_count=1;
  12          int update_LED;
  13          
  14          sbit left = P0^0;
  15          sbit right = P0^1;
  16          void display_data(unsigned char port_data);
  17          void ClearDisplay(void);
  18          void SendCommand(unsigned char comd);
  19          void delay(unsigned int val);
  20          void move_cursor(int);
  21          
  22          void initialise(void)
  23          {
  24   1              P1 = 0xFF;
  25   1              P2 = 0xFF;
  26   1              P3=0xFF;
  27   1              EN=0;
  28   1              RS= 0;
  29   1              update_LED=0;   
  30   1      }
  31          
  32          void writeCommand_LCD(void)
  33          {
  34   1              delay(5);
  35   1              SendCommand(0x38);
  36   1      
  37   1              delay(5);
  38   1              SendCommand(0x38);
  39   1      
  40   1              delay(5);
  41   1              SendCommand(0x38);
  42   1      
  43   1              delay(5);
  44   1              SendCommand(0x0C);
  45   1      
  46   1              delay(5);
  47   1              ClearDisplay();
  48   1              delay(5);
  49   1      }
  50          
  51          void SendCommand(unsigned char comd)
  52          {
  53   1              RS=0;  // to select Command Register
  54   1              P0 = comd;// put command on PORT2
  55   1              EN=1;// to Enable the LCD processor
C51 COMPILER V7.06   LCD_BLINK_COURSOR                                                     07/28/2011 00:08:16 PAGE 2   

  56   1              _nop_();
  57   1              EN=0;// to disable the LCD processor
  58   1      }
  59          
  60          
  61          void ClearDisplay(void)
  62          {
  63   1              SendCommand(0x01);// clear display
  64   1              delay(15);
  65   1      
  66   1              SendCommand(0x02);//send cursor to home location
  67   1              delay(15);
  68   1      }
  69          
  70          void writeData_LCD(unsigned char mdata[], unsigned int counter)
  71          {
  72   1              unsigned int cnt;
  73   1              if(update_LED == 0)
  74   1              {
  75   2                      for(cnt=0;cnt < counter;cnt++)
  76   2                      {
  77   3                              display_data(mdata[cnt]);
  78   3                              delay(5);
  79   3                      }
  80   2              }
  81   1              update_LED=1;
  82   1      }
  83          
  84          void display_data(unsigned char port_data)
  85          {
  86   1              RS=1;// to select DDRAM Register i.e. data register
  87   1              P0=port_data;// put data on port
  88   1              EN=1;// to Enable the LCD processor
  89   1              _nop_();
  90   1              EN=0;// to disable the LCD processor
  91   1      }
  92          
  93          void delay(unsigned int val)
  94          {
  95   1              unsigned int u,v;
  96   1              for(u=0;u<=val;u++)
  97   1                      for(v=0;v<=100;v++);
  98   1      }
  99          
 100          void main(void)
 101          {
 102   1              
 103   1          P0=0xFF;
 104   1              initialise();
 105   1              writeCommand_LCD();
 106   1         
 107   1              SendCommand(0x80);// select line 1 on LCD
 108   1              delay(10);
 109   1      
 110   1              update_LED=0;
 111   1              writeData_LCD("BHARGAVI",8);
 112   1              
 113   1                      
 114   1              SendCommand(0xC0);// select line 2 n LCD
 115   1              delay(10);
 116   1              
 117   1              update_LED=0;
C51 COMPILER V7.06   LCD_BLINK_COURSOR                                                     07/28/2011 00:08:16 PAGE 3   

 118   1              writeData_LCD("KULKARNI",8);  
 119   1      
 120   1              SendCommand(0x02);//send cursor to home location
 121   1              delay(5);
 122   1              
 123   1              SendCommand(0x0E); // cursor display
 124   1              delay(5);
 125   1              
 126   1              update_LED=1;
 127   1              while(1)
 128   1              {
 129   2                      if(MOVE_LEFT==0x00)
 130   2                      {
 131   3                              move_cursor(LEFT);
 132   3                      }
 133   2                      else if(MOVE_RGHT==0x00)
 134   2                      {
 135   3                              move_cursor(RIGHT);             
 136   3                      }
 137   2              }
 138   1      }
 139          void move_cursor(int a)
 140          {
 141   1                      if(a==RIGHT)
 142   1                      {
 143   2                              cursor_count++;
 144   2                              if(cursor_count!=41 && cursor_count!=1)
 145   2                              {
 146   3                              SendCommand(0x30);      //Right shift
 147   3                              delay(5);
 148   3      
 149   3                              SendCommand(0x1C);      //Right shift
 150   3                              delay(500);
 151   3                              }
 152   2                              else if(cursor_count==17)
 153   2                              {
 154   3                              SendCommand(0xC0); 
 155   3                              delay(500);
 156   3                              cursor_count=41;
 157   3                              }
 158   2                              else if(cursor_count==57)
 159   2                              {
 160   3                              SendCommand(0x80); 
 161   3                              delay(500);
 162   3                              cursor_count=1;
 163   3                              }
 164   2                      }
 165   1                      
 166   1                      else if(a==LEFT)
 167   1                      {
 168   2                          cursor_count--;
 169   2                              if(cursor_count!=16 && cursor_count!=56)
 170   2                              {
 171   3                                      SendCommand(0x18);      //Left shift
 172   3                                      delay(500);
 173   3                              }
 174   2                              else if(cursor_count==40)
 175   2                              {
 176   3                              SendCommand(0x8F); 
 177   3                              delay(500);
 178   3                              cursor_count=16;
 179   3                              }else if(cursor_count==0)
C51 COMPILER V7.06   LCD_BLINK_COURSOR                                                     07/28/2011 00:08:16 PAGE 4   

 180   2                              {
 181   3                              SendCommand(0xCF); 
 182   3                              delay(500);
 183   3                              cursor_count=56;
 184   3                              }
 185   2                      }
 186   1      }
 187          
 188          


MODULE INFORMATION:   STATIC OVERLAYABLE
   CODE SIZE        =    540    ----
   CONSTANT SIZE    =     18    ----
   XDATA SIZE       =   ----    ----
   PDATA SIZE       =   ----    ----
   DATA SIZE        =      4       7
   IDATA SIZE       =   ----    ----
   BIT SIZE         =      2    ----
END OF MODULE INFORMATION.


C51 COMPILATION COMPLETE.  0 WARNING(S),  0 ERROR(S)
