C51 COMPILER V7.20   VARIABLES                                                             09/01/2006 16:55:06 PAGE 1   


C51 COMPILER V7.20, COMPILATION OF MODULE VARIABLES
OBJECT MODULE PLACED IN Variables.OBJ
COMPILER INVOKED BY: C:\Keil\C51\BIN\C51.EXE Variables.c OMF2 OPTIMIZE(9,SPEED) BROWSE DEBUG

line level    source

   1          /*
   2           * in a single C source file it is not possible to define more than
   3           * 64KB far or far const variables.  Therefore we have split the
   4           * definition into a 2nd file.  
   5           *
   6           * Also the linker cannot split far variables of one module into different
   7           * banks.  Therefore you need to split variables into different modules, 
   8           * when the far variables of one module exceed the limits of your code/data
   9           * banks.
  10           */ 
  11          
  12                 unsigned char far large_array1[0x8000];
  13          const  unsigned char far large_carray1[0x8000] = { 1, 2, 3, 4, 5 };
  14          


MODULE INFORMATION:   STATIC OVERLAYABLE
   CODE SIZE        =   ----    ----
   CONSTANT SIZE    =   ----    ----
   XDATA SIZE       =   ----    ----
   PDATA SIZE       =   ----    ----
   DATA SIZE        =   ----    ----
   IDATA SIZE       =   ----    ----
   BIT SIZE         =   ----    ----
   EDATA SIZE       =   ----    ----
   HDATA SIZE       =  32768    ----
   XDATA CONST SIZE =   ----    ----
   FAR CONST SIZE   =  32768    ----
END OF MODULE INFORMATION.


C51 COMPILATION COMPLETE.  0 WARNING(S),  0 ERROR(S)
