C51 COMPILER V9.03   LED                                                                   12/02/2011 11:27:28 PAGE 1   


C51 COMPILER V9.03, COMPILATION OF MODULE LED
OBJECT MODULE PLACED IN LED.OBJ
COMPILER INVOKED BY: C:\Keil\C51\BIN\C51.EXE LED.c BROWSE DEBUG OBJECTEXTEND

line level    source

   1          /*
   2          Program that continuously gets a single bit of data from P1.7
   3          and sends it to P1.0, while simultaneously creating a square wave of
   4          200 ìs period on pin P2.5. Use Timer 0 to create the square wave.
   5          Assume that XTAL = 11.0592 MHz.
   6          
   7          We will use timer 0 mode 2 (auto-reload). One half of the period is
   8          100 ìs. 100/1.085 ìs = 92, and TH0 = 256 - 92 = 164 or A4H
   9          */
  10          
  11          #include <reg51.h>
  12          sbit SW =P1^7;
  13          sbit IND =P1^0;
  14          sbit WAVE =P2^5;
  15          void timer0(void) interrupt 1 
  16          {
  17   1              unsigned int x;
  18   1              WAVE=~WAVE; //toggle pin
  19   1              for(x=0;x<30000;x++);
  20   1      }
  21          void main() 
  22          {
  23   1              SW=1; //make switch input
  24   1              TMOD=0x02;
  25   1              TH0=0xA4; //TH0=-92
  26   1              IE=0x82; //enable interrupt for timer 0
  27   1              while (1) 
  28   1              {
  29   2                      IND=SW; //send switch to LED
  30   2              }
  31   1      }


MODULE INFORMATION:   STATIC OVERLAYABLE
   CODE SIZE        =     53    ----
   CONSTANT SIZE    =   ----    ----
   XDATA SIZE       =   ----    ----
   PDATA SIZE       =   ----    ----
   DATA SIZE        =   ----    ----
   IDATA SIZE       =   ----    ----
   BIT SIZE         =   ----    ----
END OF MODULE INFORMATION.


C51 COMPILATION COMPLETE.  0 WARNING(S),  0 ERROR(S)
