C51 COMPILER V9.03   RIGHTSHIFTREMEMBER                                                    09/21/2011 15:24:08 PAGE 1   


C51 COMPILER V9.03, COMPILATION OF MODULE RIGHTSHIFTREMEMBER
OBJECT MODULE PLACED IN RightShiftRemember.OBJ
COMPILER INVOKED BY: C:\Keil\C51\BIN\C51.EXE RightShiftRemember.c BROWSE DEBUG OBJECTEXTEND

line level    source

   1          #include<reg51.h>
   2          main()
   3          {
   4   1              unsigned int i;
   5   1              P1=0x80;
   6   1              while(1)
   7   1              {
   8   2                      P1=((P1>>1)+128);
   9   2                      for(i=0;i<35000;i++);
  10   2                      if(P1==0xFF)
  11   2                      {
  12   3                              P1=0x80;
  13   3                      }
  14   2                      for(i=0;i<35000;i++);
  15   2                      
  16   2              }
  17   1      }


MODULE INFORMATION:   STATIC OVERLAYABLE
   CODE SIZE        =     71    ----
   CONSTANT SIZE    =   ----    ----
   XDATA SIZE       =   ----    ----
   PDATA SIZE       =   ----    ----
   DATA SIZE        =   ----    ----
   IDATA SIZE       =   ----    ----
   BIT SIZE         =   ----    ----
END OF MODULE INFORMATION.


C51 COMPILATION COMPLETE.  0 WARNING(S),  0 ERROR(S)
