C51 COMPILER V7.06   KEYPAD                                                                01/24/2012 14:09:26 PAGE 1   


C51 COMPILER V7.06, COMPILATION OF MODULE KEYPAD
OBJECT MODULE PLACED IN KEYPAD.OBJ
COMPILER INVOKED BY: C:\Keil\C51\BIN\C51.EXE KEYPAD.c BROWSE DEBUG OBJECTEXTEND

stmt level    source

   1          #include<reg51.h>
   2          #include "LCD.h"
   3          
   4          sbit Row1=P0^0;
   5          sbit Row2=P0^1;
   6          sbit Row3=P0^2;
   7          sbit Row4=P0^3;
   8          sbit Col1=P0^4;
   9          sbit Col2=P0^5;
  10          sbit Col3=P0^6;
  11          
  12          void Keypad();
  13          void Display(unsigned char val);
  14          void Scan_Col3();
  15          void Scan_Col2();
  16          void Scan_Col1();
  17          
  18          void Keypad()
  19          {
  20   1              P0=0x00;
  21   1              while(1)
  22   1              {
  23   2                      Col1=Col2=Col3=1;               // Make port i/p
  24   2                      Row1=Row2=Row3=Row4=0;
  25   2                      if(Col1==0)
  26   2                              Scan_Col1();
  27   2                      else if(Col2==0)
  28   2                              Scan_Col2();
  29   2                      else if(Col3==0)
  30   2                              Scan_Col3();
  31   2              }
  32   1      }
  33          
  34          void Scan_Col1()
  35          {
  36   1              Row1=Row2=Row3=Row4=1;
  37   1              Row1=0;
  38   1              if(Col1==0)
  39   1                      Display(1);
  40   1              Row1=1;
  41   1              Row2=0;
  42   1              if(Col1==0)
  43   1                      Display(4);
  44   1              Row2=1;
  45   1              Row3=0;
  46   1              if(Col1==0)
  47   1                      Display(7);
  48   1              Row3=1;
  49   1              Row4=0;
  50   1              if(Col1==0)
  51   1                      Display(10);
  52   1              Row4=1;
  53   1      }
  54          
  55          void Scan_Col2()
C51 COMPILER V7.06   KEYPAD                                                                01/24/2012 14:09:26 PAGE 2   

  56          {
  57   1              Row1=Row2=Row3=Row4=1;
  58   1              Row1=0;
  59   1              if(Col2==0)
  60   1                      Display(2);
  61   1              Row1=1;
  62   1              Row2=0;
  63   1              if(Col2==0)
  64   1                      Display(5);
  65   1              Row2=1;
  66   1              Row3=0;
  67   1              if(Col2==0)
  68   1                      Display(8);
  69   1              Row3=1;
  70   1              Row4=0;
  71   1              if(Col2==0)
  72   1                      Display(0);
  73   1              Row4=1;
  74   1      }
  75          
  76          void Scan_Col3()
  77          {
  78   1              Row1=Row2=Row3=Row4=1;
  79   1              Row1=0;
  80   1              if(Col3==0)
  81   1                      Display(3);
  82   1              Row1=1;
  83   1              Row2=0;
  84   1              if(Col3==0)
  85   1                      Display(6);
  86   1              Row2=1;
  87   1              Row3=0;
  88   1              if(Col3==0)
  89   1                      Display(9);
  90   1              Row3=1;
  91   1              Row4=0;
  92   1              if(Col3==0)
  93   1                      Display(11);
  94   1              Row4=1;
  95   1      }
  96          
  97          void Display(unsigned char val)
  98          {
  99   1              switch(val)
 100   1              {
 101   2                      case 1: LCD_Display(1);
 102   2                                      break;
 103   2                      case 2: LCD_Display(2);
 104   2                                      break;
 105   2                      case 3: LCD_Display(3);
 106   2                                      break;
 107   2                      case 4: LCD_Display(4);
 108   2                                      break;
 109   2                      case 5: LCD_Display(5);
 110   2                                      break;
 111   2                      case 6: LCD_Display(6);
 112   2                                      break;
 113   2                      case 7: LCD_Display(7);
 114   2                                      break;
 115   2                      case 8: LCD_Display(8);
 116   2                                      break;
 117   2                      case 9: LCD_Display(9);
C51 COMPILER V7.06   KEYPAD                                                                01/24/2012 14:09:26 PAGE 3   

 118   2                                      break;
 119   2                      case 0: LCD_Display(0);
 120   2                                      break;
 121   2                      case 10: LCD_Display('*');
 122   2                                      break;
 123   2                      case 11: LCD_Display('#');
 124   2                                      break;
 125   2              }
 126   1      }


MODULE INFORMATION:   STATIC OVERLAYABLE
   CODE SIZE        =    311    ----
   CONSTANT SIZE    =   ----    ----
   XDATA SIZE       =   ----    ----
   PDATA SIZE       =   ----    ----
   DATA SIZE        =   ----    ----
   IDATA SIZE       =   ----    ----
   BIT SIZE         =   ----    ----
END OF MODULE INFORMATION.


C51 COMPILATION COMPLETE.  0 WARNING(S),  0 ERROR(S)
