C51 COMPILER V7.06   TEXT1                                                                 08/01/2011 17:43:29 PAGE 1   


C51 COMPILER V7.06, COMPILATION OF MODULE TEXT1
OBJECT MODULE PLACED IN Text1.OBJ
COMPILER INVOKED BY: C:\Keil\C51\BIN\C51.EXE Text1.c BROWSE DEBUG OBJECTEXTEND

stmt level    source

   1          #include<reg51.h>
   2          
   3          int i;
   4          void main(void)
   5          {
   6   1              P0=0xAA;
   7   1              while(1)
   8   1              {
   9   2                      
  10   2                      for(i=0;i<30000;i++);
  11   2                      P0=~P0;
  12   2      
  13   2              }
  14   1      
  15   1      
  16   1      
  17   1      }


MODULE INFORMATION:   STATIC OVERLAYABLE
   CODE SIZE        =     29    ----
   CONSTANT SIZE    =   ----    ----
   XDATA SIZE       =   ----    ----
   PDATA SIZE       =   ----    ----
   DATA SIZE        =      2    ----
   IDATA SIZE       =   ----    ----
   BIT SIZE         =   ----    ----
END OF MODULE INFORMATION.


C51 COMPILATION COMPLETE.  0 WARNING(S),  0 ERROR(S)
